ARM GAS  /tmp/ccct2oFC.s 			page 1


   1              		.syntax unified
   2              		.cpu cortex-m3
   3              		.fpu softvfp
   4              		.eabi_attribute 20, 1
   5              		.eabi_attribute 21, 1
   6              		.eabi_attribute 23, 3
   7              		.eabi_attribute 24, 1
   8              		.eabi_attribute 25, 1
   9              		.eabi_attribute 26, 1
  10              		.eabi_attribute 30, 4
  11              		.eabi_attribute 34, 1
  12              		.eabi_attribute 18, 4
  13              		.thumb
  14              		.file	"sys_clock.cpp"
  15              		.section	.text._Z14SYS_Clock_Initv,"ax",%progbits
  16              		.align	1
  17              		.global	_Z14SYS_Clock_Initv
  18              		.thumb
  19              		.thumb_func
  21              	_Z14SYS_Clock_Initv:
  22              		.fnstart
  23              	.LFB65:
  24              		@ args = 0, pretend = 0, frame = 64
  25              		@ frame_needed = 0, uses_anonymous_args = 0
  26 0000 10B5     		push	{r4, lr}
  27              		.save {r4, lr}
  28 0002 4FF48033 		mov	r3, #65536
  29              		.pad #64
  30 0006 90B0     		sub	sp, sp, #64
  31 0008 0122     		movs	r2, #1
  32 000a 0793     		str	r3, [sp, #28]
  33 000c 4FF40031 		mov	r1, #131072
  34 0010 0224     		movs	r4, #2
  35 0012 0E93     		str	r3, [sp, #56]
  36 0014 06A8     		add	r0, sp, #24
  37 0016 4FF4E013 		mov	r3, #1835008
  38 001a 0692     		str	r2, [sp, #24]
  39 001c 0891     		str	r1, [sp, #32]
  40 001e 0A92     		str	r2, [sp, #40]
  41 0020 0D94     		str	r4, [sp, #52]
  42 0022 0F93     		str	r3, [sp, #60]
  43 0024 FFF7FEFF 		bl	HAL_RCC_OscConfig
  44 0028 28B1     		cbz	r0, .L2
  45 002a 2046     		mov	r0, r4
  46 002c 1321     		movs	r1, #19
  47 002e 0D4A     		ldr	r2, .L11
  48 0030 0D4B     		ldr	r3, .L11+4
  49 0032 FFF7FEFF 		bl	_Z14SYS_ThrowError15SYS_ErrorType_tmPKcS1_
  50              	.L2:
  51 0036 0F23     		movs	r3, #15
  52 0038 0224     		movs	r4, #2
  53 003a 0193     		str	r3, [sp, #4]
  54 003c 4FF48062 		mov	r2, #1024
  55 0040 0023     		movs	r3, #0
  56 0042 01A8     		add	r0, sp, #4
  57 0044 2146     		mov	r1, r4
  58 0046 0294     		str	r4, [sp, #8]
ARM GAS  /tmp/ccct2oFC.s 			page 2


  59 0048 0393     		str	r3, [sp, #12]
  60 004a 0492     		str	r2, [sp, #16]
  61 004c 0593     		str	r3, [sp, #20]
  62 004e FFF7FEFF 		bl	HAL_RCC_ClockConfig
  63 0052 28B1     		cbz	r0, .L1
  64 0054 2046     		mov	r0, r4
  65 0056 1C21     		movs	r1, #28
  66 0058 024A     		ldr	r2, .L11
  67 005a 044B     		ldr	r3, .L11+8
  68 005c FFF7FEFF 		bl	_Z14SYS_ThrowError15SYS_ErrorType_tmPKcS1_
  69              	.L1:
  70 0060 10B0     		add	sp, sp, #64
  71              		@ sp needed
  72 0062 10BD     		pop	{r4, pc}
  73              	.L12:
  74              		.align	2
  75              	.L11:
  76 0064 00000000 		.word	.LC0
  77 0068 12000000 		.word	.LC1
  78 006c 21000000 		.word	.LC2
  79              		.fnend
  81              		.section	.rodata.str1.1,"aMS",%progbits,1
  82              	.LC0:
  83 0000 7372632F 		.ascii	"src/sys_clock.cpp\000"
  83      7379735F 
  83      636C6F63 
  83      6B2E6370 
  83      7000
  84              	.LC1:
  85 0012 5243434F 		.ascii	"RCCOSC HAL ERR\000"
  85      53432048 
  85      414C2045 
  85      525200
  86              	.LC2:
  87 0021 52434343 		.ascii	"RCCCLK HAL ERR\000"
  87      4C4B2048 
  87      414C2045 
  87      525200
  88              		.ident	"GCC: (15:4.9.3+svn231177-1) 4.9.3 20150529 (prerelease)"
ARM GAS  /tmp/ccct2oFC.s 			page 3


DEFINED SYMBOLS
                            *ABS*:0000000000000000 sys_clock.cpp
     /tmp/ccct2oFC.s:16     .text._Z14SYS_Clock_Initv:0000000000000000 $t
     /tmp/ccct2oFC.s:21     .text._Z14SYS_Clock_Initv:0000000000000000 _Z14SYS_Clock_Initv
     /tmp/ccct2oFC.s:76     .text._Z14SYS_Clock_Initv:0000000000000064 $d
.ARM.exidx.text._Z14SYS_Clock_Initv:0000000000000000 $d

UNDEFINED SYMBOLS
HAL_RCC_OscConfig
_Z14SYS_ThrowError15SYS_ErrorType_tmPKcS1_
HAL_RCC_ClockConfig
__aeabi_unwind_cpp_pr0
