ARM GAS  /tmp/ccnLLCaW.s 			page 1


   1              		.syntax unified
   2              		.cpu cortex-m3
   3              		.fpu softvfp
   4              		.eabi_attribute 20, 1
   5              		.eabi_attribute 21, 1
   6              		.eabi_attribute 23, 3
   7              		.eabi_attribute 24, 1
   8              		.eabi_attribute 25, 1
   9              		.eabi_attribute 26, 1
  10              		.eabi_attribute 30, 4
  11              		.eabi_attribute 34, 1
  12              		.eabi_attribute 18, 4
  13              		.thumb
  14              		.file	"sys_error.cpp"
  15              		.section	.text._Z14SYS_ThrowError15SYS_ErrorType_tmPKcS1_,"ax",%progbits
  16              		.align	1
  17              		.global	_Z14SYS_ThrowError15SYS_ErrorType_tmPKcS1_
  18              		.thumb
  19              		.thumb_func
  21              	_Z14SYS_ThrowError15SYS_ErrorType_tmPKcS1_:
  22              		.fnstart
  23              	.LFB0:
  24              		@ args = 0, pretend = 0, frame = 0
  25              		@ frame_needed = 0, uses_anonymous_args = 0
  26              		@ link register save eliminated.
  27 0000 0228     		cmp	r0, #2
  28 0002 00D1     		bne	.L5
  29              	.L3:
  30 0004 FEE7     		b	.L3
  31              	.L5:
  32 0006 7047     		bx	lr
  33              		.cantunwind
  34              		.fnend
  36              		.ident	"GCC: (15:4.9.3+svn231177-1) 4.9.3 20150529 (prerelease)"
ARM GAS  /tmp/ccnLLCaW.s 			page 2


DEFINED SYMBOLS
                            *ABS*:0000000000000000 sys_error.cpp
     /tmp/ccnLLCaW.s:16     .text._Z14SYS_ThrowError15SYS_ErrorType_tmPKcS1_:0000000000000000 $t
     /tmp/ccnLLCaW.s:21     .text._Z14SYS_ThrowError15SYS_ErrorType_tmPKcS1_:0000000000000000 _Z14SYS_ThrowError15SYS_ErrorType_tmPKcS1_
.ARM.exidx.text._Z14SYS_ThrowError15SYS_ErrorType_tmPKcS1_:0000000000000000 $d

NO UNDEFINED SYMBOLS
