ARM GAS  /tmp/ccEW6zvx.s 			page 1


   1              		.cpu cortex-m3
   2              		.eabi_attribute 20, 1
   3              		.eabi_attribute 21, 1
   4              		.eabi_attribute 23, 3
   5              		.eabi_attribute 24, 1
   6              		.eabi_attribute 25, 1
   7              		.eabi_attribute 26, 1
   8              		.eabi_attribute 30, 1
   9              		.eabi_attribute 34, 1
  10              		.eabi_attribute 18, 4
  11              		.file	"syscalls.cpp"
  12              		.section	.text.initialise_monitor_handles,"ax",%progbits
  13              		.align	1
  14              		.global	initialise_monitor_handles
  15              		.syntax unified
  16              		.thumb
  17              		.thumb_func
  18              		.fpu softvfp
  20              	initialise_monitor_handles:
  21              		.fnstart
  22              	.LFB5:
  23              		@ args = 0, pretend = 0, frame = 0
  24              		@ frame_needed = 0, uses_anonymous_args = 0
  25              		@ link register save eliminated.
  26 0000 7047     		bx	lr
  27              		.cantunwind
  28              		.fnend
  30              		.section	.text._getpid,"ax",%progbits
  31              		.align	1
  32              		.global	_getpid
  33              		.syntax unified
  34              		.thumb
  35              		.thumb_func
  36              		.fpu softvfp
  38              	_getpid:
  39              		.fnstart
  40              	.LFB6:
  41              		@ args = 0, pretend = 0, frame = 0
  42              		@ frame_needed = 0, uses_anonymous_args = 0
  43              		@ link register save eliminated.
  44 0000 0120     		movs	r0, #1
  45 0002 7047     		bx	lr
  46              		.cantunwind
  47              		.fnend
  49              		.section	.text._kill,"ax",%progbits
  50              		.align	1
  51              		.global	_kill
  52              		.syntax unified
  53              		.thumb
  54              		.thumb_func
  55              		.fpu softvfp
  57              	_kill:
  58              		.fnstart
  59              	.LFB7:
  60              		@ args = 0, pretend = 0, frame = 0
  61              		@ frame_needed = 0, uses_anonymous_args = 0
  62 0000 08B5     		push	{r3, lr}
ARM GAS  /tmp/ccEW6zvx.s 			page 2


  63              		.save {r3, lr}
  64 0002 FFF7FEFF 		bl	__errno
  65 0006 1623     		movs	r3, #22
  66 0008 0360     		str	r3, [r0]
  67 000a 4FF0FF30 		mov	r0, #-1
  68 000e 08BD     		pop	{r3, pc}
  69              		.fnend
  71              		.section	.text._exit,"ax",%progbits
  72              		.align	1
  73              		.global	_exit
  74              		.syntax unified
  75              		.thumb
  76              		.thumb_func
  77              		.fpu softvfp
  79              	_exit:
  80              		.fnstart
  81              	.LFB8:
  82              		@ args = 0, pretend = 0, frame = 0
  83              		@ frame_needed = 0, uses_anonymous_args = 0
  84 0000 08B5     		push	{r3, lr}
  85              		.save {r3, lr}
  86 0002 4FF0FF31 		mov	r1, #-1
  87 0006 FFF7FEFF 		bl	_kill
  88              	.L6:
  89 000a FEE7     		b	.L6
  90              		.fnend
  92              		.section	.text._sbrk,"ax",%progbits
  93              		.align	1
  94              		.global	_sbrk
  95              		.syntax unified
  96              		.thumb
  97              		.thumb_func
  98              		.fpu softvfp
 100              	_sbrk:
 101              		.fnstart
 102              	.LFB9:
 103              		@ args = 0, pretend = 0, frame = 0
 104              		@ frame_needed = 0, uses_anonymous_args = 0
 105 0000 08B5     		push	{r3, lr}
 106              		.save {r3, lr}
 107 0002 0346     		mov	r3, r0
 108 0004 0B4A     		ldr	r2, .L15
 109 0006 1268     		ldr	r2, [r2]
 110 0008 42B1     		cbz	r2, .L13
 111              	.L9:
 112 000a 0A4A     		ldr	r2, .L15
 113 000c 1068     		ldr	r0, [r2]
 114 000e 0344     		add	r3, r3, r0
 115 0010 6A46     		mov	r2, sp
 116 0012 9342     		cmp	r3, r2
 117 0014 06D8     		bhi	.L14
 118 0016 074A     		ldr	r2, .L15
 119 0018 1360     		str	r3, [r2]
 120 001a 08BD     		pop	{r3, pc}
 121              	.L13:
 122 001c 0649     		ldr	r1, .L15+4
 123 001e 054A     		ldr	r2, .L15
ARM GAS  /tmp/ccEW6zvx.s 			page 3


 124 0020 1160     		str	r1, [r2]
 125 0022 F2E7     		b	.L9
 126              	.L14:
 127 0024 FFF7FEFF 		bl	__errno
 128 0028 0C23     		movs	r3, #12
 129 002a 0360     		str	r3, [r0]
 130 002c 4FF0FF30 		mov	r0, #-1
 131 0030 08BD     		pop	{r3, pc}
 132              	.L16:
 133 0032 00BF     		.align	2
 134              	.L15:
 135 0034 00000000 		.word	.LANCHOR0
 136 0038 00000000 		.word	end
 137              		.fnend
 139              		.global	environ
 140              		.global	__env
 141              		.section	.bss._ZZ5_sbrkE8heap_end,"aw",%nobits
 142              		.align	2
 143              		.set	.LANCHOR0,. + 0
 146              	_ZZ5_sbrkE8heap_end:
 147 0000 00000000 		.space	4
 148              		.section	.bss.__env,"aw",%nobits
 149              		.align	2
 152              	__env:
 153 0000 00000000 		.space	4
 154              		.section	.data.environ,"aw",%progbits
 155              		.align	2
 158              	environ:
 159 0000 00000000 		.word	__env
 160              		.ident	"GCC: (15:6.3.1+svn253039-1build1) 6.3.1 20170620"
ARM GAS  /tmp/ccEW6zvx.s 			page 4


DEFINED SYMBOLS
                            *ABS*:0000000000000000 syscalls.cpp
     /tmp/ccEW6zvx.s:13     .text.initialise_monitor_handles:0000000000000000 $t
     /tmp/ccEW6zvx.s:20     .text.initialise_monitor_handles:0000000000000000 initialise_monitor_handles
.ARM.exidx.text.initialise_monitor_handles:0000000000000000 $d
     /tmp/ccEW6zvx.s:31     .text._getpid:0000000000000000 $t
     /tmp/ccEW6zvx.s:38     .text._getpid:0000000000000000 _getpid
          .ARM.exidx.text._getpid:0000000000000000 $d
     /tmp/ccEW6zvx.s:50     .text._kill:0000000000000000 $t
     /tmp/ccEW6zvx.s:57     .text._kill:0000000000000000 _kill
            .ARM.extab.text._kill:0000000000000000 $d
            .ARM.exidx.text._kill:0000000000000000 $d
     /tmp/ccEW6zvx.s:72     .text._exit:0000000000000000 $t
     /tmp/ccEW6zvx.s:79     .text._exit:0000000000000000 _exit
            .ARM.extab.text._exit:0000000000000000 $d
            .ARM.exidx.text._exit:0000000000000000 $d
     /tmp/ccEW6zvx.s:93     .text._sbrk:0000000000000000 $t
     /tmp/ccEW6zvx.s:100    .text._sbrk:0000000000000000 _sbrk
     /tmp/ccEW6zvx.s:135    .text._sbrk:0000000000000034 $d
            .ARM.extab.text._sbrk:0000000000000000 $d
            .ARM.exidx.text._sbrk:0000000000000000 $d
     /tmp/ccEW6zvx.s:158    .data.environ:0000000000000000 environ
     /tmp/ccEW6zvx.s:152    .bss.__env:0000000000000000 __env
     /tmp/ccEW6zvx.s:142    .bss._ZZ5_sbrkE8heap_end:0000000000000000 $d
     /tmp/ccEW6zvx.s:146    .bss._ZZ5_sbrkE8heap_end:0000000000000000 _ZZ5_sbrkE8heap_end
     /tmp/ccEW6zvx.s:149    .bss.__env:0000000000000000 $d
     /tmp/ccEW6zvx.s:155    .data.environ:0000000000000000 $d

UNDEFINED SYMBOLS
__errno
__aeabi_unwind_cpp_pr1
end
