ARM GAS  /tmp/ccWDIeJt.s 			page 1


   1              		.cpu cortex-m3
   2              		.eabi_attribute 20, 1
   3              		.eabi_attribute 21, 1
   4              		.eabi_attribute 23, 3
   5              		.eabi_attribute 24, 1
   6              		.eabi_attribute 25, 1
   7              		.eabi_attribute 26, 1
   8              		.eabi_attribute 30, 1
   9              		.eabi_attribute 34, 1
  10              		.eabi_attribute 18, 4
  11              		.file	"stm32f1xx_hal_pcd_ex.c"
  12              		.section	.text.HAL_PCDEx_PMAConfig,"ax",%progbits
  13              		.align	1
  14              		.global	HAL_PCDEx_PMAConfig
  15              		.syntax unified
  16              		.thumb
  17              		.thumb_func
  18              		.fpu softvfp
  20              	HAL_PCDEx_PMAConfig:
  21              		@ args = 0, pretend = 0, frame = 0
  22              		@ frame_needed = 0, uses_anonymous_args = 0
  23              		@ link register save eliminated.
  24 0000 11F0800F 		tst	r1, #128
  25 0004 0CD0     		beq	.L2
  26 0006 01F00701 		and	r1, r1, #7
  27 000a 4901     		lsls	r1, r1, #5
  28 000c 2831     		adds	r1, r1, #40
  29 000e 0144     		add	r1, r1, r0
  30              	.L3:
  31 0010 5AB1     		cbz	r2, .L6
  32 0012 0122     		movs	r2, #1
  33 0014 0A73     		strb	r2, [r1, #12]
  34 0016 0B81     		strh	r3, [r1, #8]	@ movhi
  35 0018 1B0C     		lsrs	r3, r3, #16
  36 001a 4B81     		strh	r3, [r1, #10]	@ movhi
  37              	.L5:
  38 001c 0020     		movs	r0, #0
  39 001e 7047     		bx	lr
  40              	.L2:
  41 0020 4901     		lsls	r1, r1, #5
  42 0022 01F59471 		add	r1, r1, #296
  43 0026 0144     		add	r1, r1, r0
  44 0028 F2E7     		b	.L3
  45              	.L6:
  46 002a 0A73     		strb	r2, [r1, #12]
  47 002c CB80     		strh	r3, [r1, #6]	@ movhi
  48 002e F5E7     		b	.L5
  50              		.section	.text.HAL_PCDEx_SetConnectionState,"ax",%progbits
  51              		.align	1
  52              		.weak	HAL_PCDEx_SetConnectionState
  53              		.syntax unified
  54              		.thumb
  55              		.thumb_func
  56              		.fpu softvfp
  58              	HAL_PCDEx_SetConnectionState:
  59              		@ args = 0, pretend = 0, frame = 0
  60              		@ frame_needed = 0, uses_anonymous_args = 0
ARM GAS  /tmp/ccWDIeJt.s 			page 2


  61              		@ link register save eliminated.
  62 0000 7047     		bx	lr
  64              		.section	.text.HAL_PCDEx_LPM_Callback,"ax",%progbits
  65              		.align	1
  66              		.weak	HAL_PCDEx_LPM_Callback
  67              		.syntax unified
  68              		.thumb
  69              		.thumb_func
  70              		.fpu softvfp
  72              	HAL_PCDEx_LPM_Callback:
  73              		@ args = 0, pretend = 0, frame = 0
  74              		@ frame_needed = 0, uses_anonymous_args = 0
  75              		@ link register save eliminated.
  76 0000 7047     		bx	lr
  78              		.section	.text.HAL_PCDEx_BCD_Callback,"ax",%progbits
  79              		.align	1
  80              		.weak	HAL_PCDEx_BCD_Callback
  81              		.syntax unified
  82              		.thumb
  83              		.thumb_func
  84              		.fpu softvfp
  86              	HAL_PCDEx_BCD_Callback:
  87              		@ args = 0, pretend = 0, frame = 0
  88              		@ frame_needed = 0, uses_anonymous_args = 0
  89              		@ link register save eliminated.
  90 0000 7047     		bx	lr
  92              		.ident	"GCC: (15:6.3.1+svn253039-1build1) 6.3.1 20170620"
ARM GAS  /tmp/ccWDIeJt.s 			page 3


DEFINED SYMBOLS
                            *ABS*:0000000000000000 stm32f1xx_hal_pcd_ex.c
     /tmp/ccWDIeJt.s:13     .text.HAL_PCDEx_PMAConfig:0000000000000000 $t
     /tmp/ccWDIeJt.s:20     .text.HAL_PCDEx_PMAConfig:0000000000000000 HAL_PCDEx_PMAConfig
     /tmp/ccWDIeJt.s:51     .text.HAL_PCDEx_SetConnectionState:0000000000000000 $t
     /tmp/ccWDIeJt.s:58     .text.HAL_PCDEx_SetConnectionState:0000000000000000 HAL_PCDEx_SetConnectionState
     /tmp/ccWDIeJt.s:65     .text.HAL_PCDEx_LPM_Callback:0000000000000000 $t
     /tmp/ccWDIeJt.s:72     .text.HAL_PCDEx_LPM_Callback:0000000000000000 HAL_PCDEx_LPM_Callback
     /tmp/ccWDIeJt.s:79     .text.HAL_PCDEx_BCD_Callback:0000000000000000 $t
     /tmp/ccWDIeJt.s:86     .text.HAL_PCDEx_BCD_Callback:0000000000000000 HAL_PCDEx_BCD_Callback

NO UNDEFINED SYMBOLS
