ARM GAS  /tmp/ccLux9B2.s 			page 1


   1              		.cpu cortex-m3
   2              		.eabi_attribute 20, 1	@ Tag_ABI_FP_denormal
   3              		.eabi_attribute 21, 1	@ Tag_ABI_FP_exceptions
   4              		.eabi_attribute 23, 3	@ Tag_ABI_FP_number_model
   5              		.eabi_attribute 24, 1	@ Tag_ABI_align8_needed
   6              		.eabi_attribute 25, 1	@ Tag_ABI_align8_preserved
   7              		.eabi_attribute 26, 1	@ Tag_ABI_enum_size
   8              		.eabi_attribute 30, 4	@ Tag_ABI_optimization_goals
   9              		.eabi_attribute 34, 1	@ Tag_CPU_unaligned_access
  10              		.eabi_attribute 18, 4	@ Tag_ABI_PCS_wchar_t
  11              		.file	"stm32f1xx_hal_msp_template.c"
  12              	@ GNU C11 (15:6.3.1+svn253039-1build1) version 6.3.1 20170620 (arm-none-eabi)
  13              	@	compiled by GNU C version 7.2.0, GMP version 6.1.2, MPFR version 4.0.1-rc1, MPC version 1.1.0, is
  14              	@ warning: MPFR header version 4.0.1-rc1 differs from library version 4.0.1.
  15              	@ GGC heuristics: --param ggc-min-expand=100 --param ggc-min-heapsize=131072
  16              	@ options passed:  -I ./inc -I ./inc/Legacy -I ../cmsisstm32f1xx/inc
  17              	@ -I ../cmsiscore/inc -imultilib thumb/v7-m -D__USES_INITFINI__
  18              	@ -D STM32F103x6 -D RUN_FROM_FLASH=1 src/stm32f1xx_hal_msp_template.c
  19              	@ -mcpu=cortex-m3 -mthumb -auxbase-strip bin/stm32f1xx_hal_msp_template.o
  20              	@ -g -gdwarf-2 -Os -Wall -fomit-frame-pointer -fverbose-asm
  21              	@ options enabled:  -faggressive-loop-optimizations -falign-jumps
  22              	@ -falign-labels -falign-loops -fauto-inc-dec -fbranch-count-reg
  23              	@ -fcaller-saves -fchkp-check-incomplete-type -fchkp-check-read
  24              	@ -fchkp-check-write -fchkp-instrument-calls -fchkp-narrow-bounds
  25              	@ -fchkp-optimize -fchkp-store-bounds -fchkp-use-static-bounds
  26              	@ -fchkp-use-static-const-bounds -fchkp-use-wrappers
  27              	@ -fcombine-stack-adjustments -fcommon -fcompare-elim -fcprop-registers
  28              	@ -fcrossjumping -fcse-follow-jumps -fdefer-pop
  29              	@ -fdelete-null-pointer-checks -fdevirtualize -fdevirtualize-speculatively
  30              	@ -fdwarf2-cfi-asm -fearly-inlining -feliminate-unused-debug-types
  31              	@ -fexpensive-optimizations -fforward-propagate -ffunction-cse -fgcse
  32              	@ -fgcse-lm -fgnu-runtime -fgnu-unique -fguess-branch-probability
  33              	@ -fhoist-adjacent-loads -fident -fif-conversion -fif-conversion2
  34              	@ -findirect-inlining -finline -finline-atomics -finline-functions
  35              	@ -finline-functions-called-once -finline-small-functions -fipa-cp
  36              	@ -fipa-cp-alignment -fipa-icf -fipa-icf-functions -fipa-icf-variables
  37              	@ -fipa-profile -fipa-pure-const -fipa-ra -fipa-reference -fipa-sra
  38              	@ -fira-hoist-pressure -fira-share-save-slots -fira-share-spill-slots
  39              	@ -fisolate-erroneous-paths-dereference -fivopts -fkeep-static-consts
  40              	@ -fleading-underscore -flifetime-dse -flra-remat -flto-odr-type-merging
  41              	@ -fmath-errno -fmerge-constants -fmerge-debug-strings
  42              	@ -fmove-loop-invariants -fomit-frame-pointer -foptimize-sibling-calls
  43              	@ -fpartial-inlining -fpeephole -fpeephole2 -fplt -fprefetch-loop-arrays
  44              	@ -freg-struct-return -freorder-blocks -freorder-functions
  45              	@ -frerun-cse-after-loop -fsched-critical-path-heuristic
  46              	@ -fsched-dep-count-heuristic -fsched-group-heuristic -fsched-interblock
  47              	@ -fsched-last-insn-heuristic -fsched-pressure -fsched-rank-heuristic
  48              	@ -fsched-spec -fsched-spec-insn-heuristic -fsched-stalled-insns-dep
  49              	@ -fschedule-insns2 -fsection-anchors -fsemantic-interposition
  50              	@ -fshow-column -fsigned-zeros -fsplit-ivs-in-unroller -fsplit-wide-types
  51              	@ -fssa-backprop -fssa-phiopt -fstdarg-opt -fstrict-aliasing
  52              	@ -fstrict-overflow -fstrict-volatile-bitfields -fsync-libcalls
  53              	@ -fthread-jumps -ftoplevel-reorder -ftrapping-math -ftree-bit-ccp
  54              	@ -ftree-builtin-call-dce -ftree-ccp -ftree-ch -ftree-coalesce-vars
  55              	@ -ftree-copy-prop -ftree-cselim -ftree-dce -ftree-dominator-opts
  56              	@ -ftree-dse -ftree-forwprop -ftree-fre -ftree-loop-if-convert
  57              	@ -ftree-loop-im -ftree-loop-ivcanon -ftree-loop-optimize
ARM GAS  /tmp/ccLux9B2.s 			page 2


  58              	@ -ftree-parallelize-loops= -ftree-phiprop -ftree-pre -ftree-pta
  59              	@ -ftree-reassoc -ftree-scev-cprop -ftree-sink -ftree-slsr -ftree-sra
  60              	@ -ftree-switch-conversion -ftree-tail-merge -ftree-ter -ftree-vrp
  61              	@ -funit-at-a-time -fvar-tracking -fvar-tracking-assignments -fverbose-asm
  62              	@ -fzero-initialized-in-bss -masm-syntax-unified -mfix-cortex-m3-ldrd
  63              	@ -mlittle-endian -mpic-data-is-text-relative -msched-prolog -mthumb
  64              	@ -munaligned-access -mvectorize-with-neon-quad
  65              	
  66              		.text
  67              	.Ltext0:
  68              		.cfi_sections	.debug_frame
  69              		.align	1
  70              		.global	HAL_MspInit
  71              		.syntax unified
  72              		.thumb
  73              		.thumb_func
  74              		.fpu softvfp
  75              		.type	HAL_MspInit, %function
  76              	HAL_MspInit:
  77              	.LFB74:
  78              		.cfi_startproc
  79              		@ args = 0, pretend = 0, frame = 0
  80              		@ frame_needed = 0, uses_anonymous_args = 0
  81              		@ link register save eliminated.
  82 0000 7047     		bx	lr	@
  83              		.cfi_endproc
  84              	.LFE74:
  85              		.size	HAL_MspInit, .-HAL_MspInit
  86              		.align	1
  87              		.global	HAL_MspDeInit
  88              		.syntax unified
  89              		.thumb
  90              		.thumb_func
  91              		.fpu softvfp
  92              		.type	HAL_MspDeInit, %function
  93              	HAL_MspDeInit:
  94              	.LFB72:
  95              		.cfi_startproc
  96              		@ args = 0, pretend = 0, frame = 0
  97              		@ frame_needed = 0, uses_anonymous_args = 0
  98              		@ link register save eliminated.
  99 0002 7047     		bx	lr	@
 100              		.cfi_endproc
 101              	.LFE72:
 102              		.size	HAL_MspDeInit, .-HAL_MspDeInit
 103              		.align	1
 104              		.global	HAL_PPP_MspInit
 105              		.syntax unified
 106              		.thumb
 107              		.thumb_func
 108              		.fpu softvfp
 109              		.type	HAL_PPP_MspInit, %function
 110              	HAL_PPP_MspInit:
 111              	.LFB70:
 112              		.cfi_startproc
 113              		@ args = 0, pretend = 0, frame = 0
 114              		@ frame_needed = 0, uses_anonymous_args = 0
ARM GAS  /tmp/ccLux9B2.s 			page 3


 115              		@ link register save eliminated.
 116 0004 7047     		bx	lr	@
 117              		.cfi_endproc
 118              	.LFE70:
 119              		.size	HAL_PPP_MspInit, .-HAL_PPP_MspInit
 120              		.align	1
 121              		.global	HAL_PPP_MspDeInit
 122              		.syntax unified
 123              		.thumb
 124              		.thumb_func
 125              		.fpu softvfp
 126              		.type	HAL_PPP_MspDeInit, %function
 127              	HAL_PPP_MspDeInit:
 128              	.LFB68:
 129              		.file 1 "src/stm32f1xx_hal_msp_template.c"
   1:src/stm32f1xx_hal_msp_template.c **** /**
   2:src/stm32f1xx_hal_msp_template.c ****   ******************************************************************************
   3:src/stm32f1xx_hal_msp_template.c ****   * @file    stm32f1xx_hal_msp_template.c
   4:src/stm32f1xx_hal_msp_template.c ****   * @author  MCD Application Team
   5:src/stm32f1xx_hal_msp_template.c ****   * @brief   HAL BSP module.
   6:src/stm32f1xx_hal_msp_template.c ****   *          This file template is located in the HAL folder and should be copied
   7:src/stm32f1xx_hal_msp_template.c ****   *          to the user folder.
   8:src/stm32f1xx_hal_msp_template.c ****   ******************************************************************************
   9:src/stm32f1xx_hal_msp_template.c ****   * @attention
  10:src/stm32f1xx_hal_msp_template.c ****   *
  11:src/stm32f1xx_hal_msp_template.c ****   * <h2><center>&copy; Copyright (c) 2016 STMicroelectronics.
  12:src/stm32f1xx_hal_msp_template.c ****   * All rights reserved.</center></h2>
  13:src/stm32f1xx_hal_msp_template.c ****   *
  14:src/stm32f1xx_hal_msp_template.c ****   * This software component is licensed by ST under BSD 3-Clause license,
  15:src/stm32f1xx_hal_msp_template.c ****   * the "License"; You may not use this file except in compliance with the
  16:src/stm32f1xx_hal_msp_template.c ****   * License. You may obtain a copy of the License at:
  17:src/stm32f1xx_hal_msp_template.c ****   *                        opensource.org/licenses/BSD-3-Clause
  18:src/stm32f1xx_hal_msp_template.c ****   *
  19:src/stm32f1xx_hal_msp_template.c ****   ******************************************************************************
  20:src/stm32f1xx_hal_msp_template.c ****   */
  21:src/stm32f1xx_hal_msp_template.c **** 
  22:src/stm32f1xx_hal_msp_template.c **** /* Includes ------------------------------------------------------------------*/
  23:src/stm32f1xx_hal_msp_template.c **** #include "stm32f1xx_hal.h"
  24:src/stm32f1xx_hal_msp_template.c **** 
  25:src/stm32f1xx_hal_msp_template.c **** /** @addtogroup STM32F1xx_HAL_Driver
  26:src/stm32f1xx_hal_msp_template.c ****   * @{
  27:src/stm32f1xx_hal_msp_template.c ****   */
  28:src/stm32f1xx_hal_msp_template.c **** 
  29:src/stm32f1xx_hal_msp_template.c **** /** @defgroup HAL_MSP HAL_MSP
  30:src/stm32f1xx_hal_msp_template.c ****   * @brief HAL MSP module.
  31:src/stm32f1xx_hal_msp_template.c ****   * @{
  32:src/stm32f1xx_hal_msp_template.c ****   */
  33:src/stm32f1xx_hal_msp_template.c **** 
  34:src/stm32f1xx_hal_msp_template.c **** /* Private typedef -----------------------------------------------------------*/
  35:src/stm32f1xx_hal_msp_template.c **** /* Private define ------------------------------------------------------------*/
  36:src/stm32f1xx_hal_msp_template.c **** /* Private macro -------------------------------------------------------------*/
  37:src/stm32f1xx_hal_msp_template.c **** /* Private variables ---------------------------------------------------------*/
  38:src/stm32f1xx_hal_msp_template.c **** /* Private function prototypes -----------------------------------------------*/
  39:src/stm32f1xx_hal_msp_template.c **** /* Private functions ---------------------------------------------------------*/
  40:src/stm32f1xx_hal_msp_template.c **** 
  41:src/stm32f1xx_hal_msp_template.c **** /** @defgroup HAL_MSP_Exported_Functions HAL MSP Exported Functions
  42:src/stm32f1xx_hal_msp_template.c ****   * @{
ARM GAS  /tmp/ccLux9B2.s 			page 4


  43:src/stm32f1xx_hal_msp_template.c ****   */
  44:src/stm32f1xx_hal_msp_template.c **** 
  45:src/stm32f1xx_hal_msp_template.c **** /**
  46:src/stm32f1xx_hal_msp_template.c ****   * @brief  Initializes the Global MSP.
  47:src/stm32f1xx_hal_msp_template.c ****   * @retval None
  48:src/stm32f1xx_hal_msp_template.c ****   */
  49:src/stm32f1xx_hal_msp_template.c **** void HAL_MspInit(void)
  50:src/stm32f1xx_hal_msp_template.c **** {
  51:src/stm32f1xx_hal_msp_template.c **** 
  52:src/stm32f1xx_hal_msp_template.c **** }
  53:src/stm32f1xx_hal_msp_template.c **** 
  54:src/stm32f1xx_hal_msp_template.c **** /**
  55:src/stm32f1xx_hal_msp_template.c ****   * @brief  DeInitializes the Global MSP.
  56:src/stm32f1xx_hal_msp_template.c ****   * @retval None
  57:src/stm32f1xx_hal_msp_template.c ****   */
  58:src/stm32f1xx_hal_msp_template.c **** void HAL_MspDeInit(void)
  59:src/stm32f1xx_hal_msp_template.c **** {
  60:src/stm32f1xx_hal_msp_template.c **** 
  61:src/stm32f1xx_hal_msp_template.c **** }
  62:src/stm32f1xx_hal_msp_template.c **** 
  63:src/stm32f1xx_hal_msp_template.c **** /**
  64:src/stm32f1xx_hal_msp_template.c ****   * @brief  Initializes the PPP MSP.
  65:src/stm32f1xx_hal_msp_template.c ****   * @retval None
  66:src/stm32f1xx_hal_msp_template.c ****   */
  67:src/stm32f1xx_hal_msp_template.c **** void HAL_PPP_MspInit(void)
  68:src/stm32f1xx_hal_msp_template.c **** {
  69:src/stm32f1xx_hal_msp_template.c **** 
  70:src/stm32f1xx_hal_msp_template.c **** }
  71:src/stm32f1xx_hal_msp_template.c **** 
  72:src/stm32f1xx_hal_msp_template.c **** /**
  73:src/stm32f1xx_hal_msp_template.c ****   * @brief  DeInitializes the PPP MSP.
  74:src/stm32f1xx_hal_msp_template.c ****   * @retval None
  75:src/stm32f1xx_hal_msp_template.c ****   */
  76:src/stm32f1xx_hal_msp_template.c **** void HAL_PPP_MspDeInit(void)
  77:src/stm32f1xx_hal_msp_template.c **** {
 130              		.loc 1 77 0
 131              		.cfi_startproc
 132              		@ args = 0, pretend = 0, frame = 0
 133              		@ frame_needed = 0, uses_anonymous_args = 0
 134              		@ link register save eliminated.
 135 0006 7047     		bx	lr	@
 136              		.cfi_endproc
 137              	.LFE68:
 138              		.size	HAL_PPP_MspDeInit, .-HAL_PPP_MspDeInit
 139              	.Letext0:
 140              		.file 2 "/usr/include/newlib/machine/_default_types.h"
 141              		.file 3 "/usr/include/newlib/sys/_stdint.h"
 142              		.file 4 "../cmsiscore/inc/core_cm3.h"
 143              		.file 5 "../cmsisstm32f1xx/inc/system_stm32f1xx.h"
 144              		.file 6 "./inc/stm32f1xx_hal.h"
 145              		.section	.debug_info,"",%progbits
 146              	.Ldebug_info0:
 147 0000 A1010000 		.4byte	0x1a1
 148 0004 0200     		.2byte	0x2
 149 0006 00000000 		.4byte	.Ldebug_abbrev0
 150 000a 04       		.byte	0x4
 151 000b 01       		.uleb128 0x1
ARM GAS  /tmp/ccLux9B2.s 			page 5


 152 000c 2B010000 		.4byte	.LASF31
 153 0010 0C       		.byte	0xc
 154 0011 DD000000 		.4byte	.LASF32
 155 0015 21000000 		.4byte	.LASF33
 156 0019 00000000 		.4byte	.Ltext0
 157 001d 08000000 		.4byte	.Letext0
 158 0021 00000000 		.4byte	.Ldebug_line0
 159 0025 02       		.uleb128 0x2
 160 0026 01       		.byte	0x1
 161 0027 06       		.byte	0x6
 162 0028 37020000 		.4byte	.LASF0
 163 002c 03       		.uleb128 0x3
 164 002d 00000000 		.4byte	.LASF4
 165 0031 02       		.byte	0x2
 166 0032 1D       		.byte	0x1d
 167 0033 37000000 		.4byte	0x37
 168 0037 02       		.uleb128 0x2
 169 0038 01       		.byte	0x1
 170 0039 08       		.byte	0x8
 171 003a 72000000 		.4byte	.LASF1
 172 003e 02       		.uleb128 0x2
 173 003f 02       		.byte	0x2
 174 0040 05       		.byte	0x5
 175 0041 08020000 		.4byte	.LASF2
 176 0045 02       		.uleb128 0x2
 177 0046 02       		.byte	0x2
 178 0047 07       		.byte	0x7
 179 0048 A0000000 		.4byte	.LASF3
 180 004c 03       		.uleb128 0x3
 181 004d 0A000000 		.4byte	.LASF5
 182 0051 02       		.byte	0x2
 183 0052 3F       		.byte	0x3f
 184 0053 57000000 		.4byte	0x57
 185 0057 02       		.uleb128 0x2
 186 0058 04       		.byte	0x4
 187 0059 05       		.byte	0x5
 188 005a 22020000 		.4byte	.LASF6
 189 005e 03       		.uleb128 0x3
 190 005f FE000000 		.4byte	.LASF7
 191 0063 02       		.byte	0x2
 192 0064 41       		.byte	0x41
 193 0065 69000000 		.4byte	0x69
 194 0069 02       		.uleb128 0x2
 195 006a 04       		.byte	0x4
 196 006b 07       		.byte	0x7
 197 006c 8E000000 		.4byte	.LASF8
 198 0070 02       		.uleb128 0x2
 199 0071 08       		.byte	0x8
 200 0072 05       		.byte	0x5
 201 0073 C9010000 		.4byte	.LASF9
 202 0077 02       		.uleb128 0x2
 203 0078 08       		.byte	0x8
 204 0079 07       		.byte	0x7
 205 007a 99010000 		.4byte	.LASF10
 206 007e 04       		.uleb128 0x4
 207 007f 04       		.byte	0x4
 208 0080 05       		.byte	0x5
ARM GAS  /tmp/ccLux9B2.s 			page 6


 209 0081 696E7400 		.ascii	"int\000"
 210 0085 02       		.uleb128 0x2
 211 0086 04       		.byte	0x4
 212 0087 07       		.byte	0x7
 213 0088 14000000 		.4byte	.LASF11
 214 008c 03       		.uleb128 0x3
 215 008d B0010000 		.4byte	.LASF12
 216 0091 03       		.byte	0x3
 217 0092 18       		.byte	0x18
 218 0093 2C000000 		.4byte	0x2c
 219 0097 05       		.uleb128 0x5
 220 0098 8C000000 		.4byte	0x8c
 221 009c 03       		.uleb128 0x3
 222 009d B8010000 		.4byte	.LASF13
 223 00a1 03       		.byte	0x3
 224 00a2 2C       		.byte	0x2c
 225 00a3 4C000000 		.4byte	0x4c
 226 00a7 06       		.uleb128 0x6
 227 00a8 9C000000 		.4byte	0x9c
 228 00ac 03       		.uleb128 0x3
 229 00ad B3000000 		.4byte	.LASF14
 230 00b1 03       		.byte	0x3
 231 00b2 30       		.byte	0x30
 232 00b3 5E000000 		.4byte	0x5e
 233 00b7 02       		.uleb128 0x2
 234 00b8 04       		.byte	0x4
 235 00b9 07       		.byte	0x7
 236 00ba C0010000 		.4byte	.LASF15
 237 00be 07       		.uleb128 0x7
 238 00bf BC000000 		.4byte	.LASF16
 239 00c3 04       		.byte	0x4
 240 00c4 4807     		.2byte	0x748
 241 00c6 A7000000 		.4byte	0xa7
 242 00ca 01       		.byte	0x1
 243 00cb 01       		.byte	0x1
 244 00cc 08       		.uleb128 0x8
 245 00cd D7010000 		.4byte	.LASF17
 246 00d1 05       		.byte	0x5
 247 00d2 33       		.byte	0x33
 248 00d3 AC000000 		.4byte	0xac
 249 00d7 01       		.byte	0x1
 250 00d8 01       		.byte	0x1
 251 00d9 09       		.uleb128 0x9
 252 00da 97000000 		.4byte	0x97
 253 00de E9000000 		.4byte	0xe9
 254 00e2 0A       		.uleb128 0xa
 255 00e3 B7000000 		.4byte	0xb7
 256 00e7 0F       		.byte	0xf
 257 00e8 00       		.byte	0
 258 00e9 05       		.uleb128 0x5
 259 00ea D9000000 		.4byte	0xd9
 260 00ee 08       		.uleb128 0x8
 261 00ef 80000000 		.4byte	.LASF18
 262 00f3 05       		.byte	0x5
 263 00f4 34       		.byte	0x34
 264 00f5 E9000000 		.4byte	0xe9
 265 00f9 01       		.byte	0x1
ARM GAS  /tmp/ccLux9B2.s 			page 7


 266 00fa 01       		.byte	0x1
 267 00fb 09       		.uleb128 0x9
 268 00fc 97000000 		.4byte	0x97
 269 0100 0B010000 		.4byte	0x10b
 270 0104 0A       		.uleb128 0xa
 271 0105 B7000000 		.4byte	0xb7
 272 0109 07       		.byte	0x7
 273 010a 00       		.byte	0
 274 010b 05       		.uleb128 0x5
 275 010c FB000000 		.4byte	0xfb
 276 0110 08       		.uleb128 0x8
 277 0111 1D010000 		.4byte	.LASF19
 278 0115 05       		.byte	0x5
 279 0116 35       		.byte	0x35
 280 0117 0B010000 		.4byte	0x10b
 281 011b 01       		.byte	0x1
 282 011c 01       		.byte	0x1
 283 011d 02       		.uleb128 0x2
 284 011e 08       		.byte	0x8
 285 011f 04       		.byte	0x4
 286 0120 2B020000 		.4byte	.LASF20
 287 0124 0B       		.uleb128 0xb
 288 0125 01       		.byte	0x1
 289 0126 37000000 		.4byte	0x37
 290 012a 06       		.byte	0x6
 291 012b 33       		.byte	0x33
 292 012c 49010000 		.4byte	0x149
 293 0130 0C       		.uleb128 0xc
 294 0131 43020000 		.4byte	.LASF21
 295 0135 64       		.byte	0x64
 296 0136 0C       		.uleb128 0xc
 297 0137 C9000000 		.4byte	.LASF22
 298 013b 0A       		.byte	0xa
 299 013c 0C       		.uleb128 0xc
 300 013d 4D000000 		.4byte	.LASF23
 301 0141 01       		.byte	0x1
 302 0142 0C       		.uleb128 0xc
 303 0143 F2010000 		.4byte	.LASF24
 304 0147 01       		.byte	0x1
 305 0148 00       		.byte	0
 306 0149 03       		.uleb128 0x3
 307 014a 09010000 		.4byte	.LASF25
 308 014e 06       		.byte	0x6
 309 014f 38       		.byte	0x38
 310 0150 24010000 		.4byte	0x124
 311 0154 08       		.uleb128 0x8
 312 0155 E7010000 		.4byte	.LASF26
 313 0159 06       		.byte	0x6
 314 015a 3D       		.byte	0x3d
 315 015b AC000000 		.4byte	0xac
 316 015f 01       		.byte	0x1
 317 0160 01       		.byte	0x1
 318 0161 08       		.uleb128 0x8
 319 0162 80010000 		.4byte	.LASF27
 320 0166 06       		.byte	0x6
 321 0167 3E       		.byte	0x3e
 322 0168 49010000 		.4byte	0x149
ARM GAS  /tmp/ccLux9B2.s 			page 8


 323 016c 01       		.byte	0x1
 324 016d 01       		.byte	0x1
 325 016e 0D       		.uleb128 0xd
 326 016f 01       		.byte	0x1
 327 0170 60000000 		.4byte	.LASF34
 328 0174 01       		.byte	0x1
 329 0175 4C       		.byte	0x4c
 330 0176 01       		.byte	0x1
 331 0177 01       		.byte	0x1
 332 0178 0E       		.uleb128 0xe
 333 0179 01       		.byte	0x1
 334 017a 12020000 		.4byte	.LASF28
 335 017e 01       		.byte	0x1
 336 017f 43       		.byte	0x43
 337 0180 01       		.byte	0x1
 338 0181 0E       		.uleb128 0xe
 339 0182 01       		.byte	0x1
 340 0183 8B010000 		.4byte	.LASF29
 341 0187 01       		.byte	0x1
 342 0188 3A       		.byte	0x3a
 343 0189 01       		.byte	0x1
 344 018a 0E       		.uleb128 0xe
 345 018b 01       		.byte	0x1
 346 018c 56020000 		.4byte	.LASF30
 347 0190 01       		.byte	0x1
 348 0191 31       		.byte	0x31
 349 0192 01       		.byte	0x1
 350 0193 0F       		.uleb128 0xf
 351 0194 6E010000 		.4byte	0x16e
 352 0198 06000000 		.4byte	.LFB68
 353 019c 08000000 		.4byte	.LFE68
 354 01a0 02       		.byte	0x2
 355 01a1 7D       		.byte	0x7d
 356 01a2 00       		.sleb128 0
 357 01a3 01       		.byte	0x1
 358 01a4 00       		.byte	0
 359              		.section	.debug_abbrev,"",%progbits
 360              	.Ldebug_abbrev0:
 361 0000 01       		.uleb128 0x1
 362 0001 11       		.uleb128 0x11
 363 0002 01       		.byte	0x1
 364 0003 25       		.uleb128 0x25
 365 0004 0E       		.uleb128 0xe
 366 0005 13       		.uleb128 0x13
 367 0006 0B       		.uleb128 0xb
 368 0007 03       		.uleb128 0x3
 369 0008 0E       		.uleb128 0xe
 370 0009 1B       		.uleb128 0x1b
 371 000a 0E       		.uleb128 0xe
 372 000b 11       		.uleb128 0x11
 373 000c 01       		.uleb128 0x1
 374 000d 12       		.uleb128 0x12
 375 000e 01       		.uleb128 0x1
 376 000f 10       		.uleb128 0x10
 377 0010 06       		.uleb128 0x6
 378 0011 00       		.byte	0
 379 0012 00       		.byte	0
ARM GAS  /tmp/ccLux9B2.s 			page 9


 380 0013 02       		.uleb128 0x2
 381 0014 24       		.uleb128 0x24
 382 0015 00       		.byte	0
 383 0016 0B       		.uleb128 0xb
 384 0017 0B       		.uleb128 0xb
 385 0018 3E       		.uleb128 0x3e
 386 0019 0B       		.uleb128 0xb
 387 001a 03       		.uleb128 0x3
 388 001b 0E       		.uleb128 0xe
 389 001c 00       		.byte	0
 390 001d 00       		.byte	0
 391 001e 03       		.uleb128 0x3
 392 001f 16       		.uleb128 0x16
 393 0020 00       		.byte	0
 394 0021 03       		.uleb128 0x3
 395 0022 0E       		.uleb128 0xe
 396 0023 3A       		.uleb128 0x3a
 397 0024 0B       		.uleb128 0xb
 398 0025 3B       		.uleb128 0x3b
 399 0026 0B       		.uleb128 0xb
 400 0027 49       		.uleb128 0x49
 401 0028 13       		.uleb128 0x13
 402 0029 00       		.byte	0
 403 002a 00       		.byte	0
 404 002b 04       		.uleb128 0x4
 405 002c 24       		.uleb128 0x24
 406 002d 00       		.byte	0
 407 002e 0B       		.uleb128 0xb
 408 002f 0B       		.uleb128 0xb
 409 0030 3E       		.uleb128 0x3e
 410 0031 0B       		.uleb128 0xb
 411 0032 03       		.uleb128 0x3
 412 0033 08       		.uleb128 0x8
 413 0034 00       		.byte	0
 414 0035 00       		.byte	0
 415 0036 05       		.uleb128 0x5
 416 0037 26       		.uleb128 0x26
 417 0038 00       		.byte	0
 418 0039 49       		.uleb128 0x49
 419 003a 13       		.uleb128 0x13
 420 003b 00       		.byte	0
 421 003c 00       		.byte	0
 422 003d 06       		.uleb128 0x6
 423 003e 35       		.uleb128 0x35
 424 003f 00       		.byte	0
 425 0040 49       		.uleb128 0x49
 426 0041 13       		.uleb128 0x13
 427 0042 00       		.byte	0
 428 0043 00       		.byte	0
 429 0044 07       		.uleb128 0x7
 430 0045 34       		.uleb128 0x34
 431 0046 00       		.byte	0
 432 0047 03       		.uleb128 0x3
 433 0048 0E       		.uleb128 0xe
 434 0049 3A       		.uleb128 0x3a
 435 004a 0B       		.uleb128 0xb
 436 004b 3B       		.uleb128 0x3b
ARM GAS  /tmp/ccLux9B2.s 			page 10


 437 004c 05       		.uleb128 0x5
 438 004d 49       		.uleb128 0x49
 439 004e 13       		.uleb128 0x13
 440 004f 3F       		.uleb128 0x3f
 441 0050 0C       		.uleb128 0xc
 442 0051 3C       		.uleb128 0x3c
 443 0052 0C       		.uleb128 0xc
 444 0053 00       		.byte	0
 445 0054 00       		.byte	0
 446 0055 08       		.uleb128 0x8
 447 0056 34       		.uleb128 0x34
 448 0057 00       		.byte	0
 449 0058 03       		.uleb128 0x3
 450 0059 0E       		.uleb128 0xe
 451 005a 3A       		.uleb128 0x3a
 452 005b 0B       		.uleb128 0xb
 453 005c 3B       		.uleb128 0x3b
 454 005d 0B       		.uleb128 0xb
 455 005e 49       		.uleb128 0x49
 456 005f 13       		.uleb128 0x13
 457 0060 3F       		.uleb128 0x3f
 458 0061 0C       		.uleb128 0xc
 459 0062 3C       		.uleb128 0x3c
 460 0063 0C       		.uleb128 0xc
 461 0064 00       		.byte	0
 462 0065 00       		.byte	0
 463 0066 09       		.uleb128 0x9
 464 0067 01       		.uleb128 0x1
 465 0068 01       		.byte	0x1
 466 0069 49       		.uleb128 0x49
 467 006a 13       		.uleb128 0x13
 468 006b 01       		.uleb128 0x1
 469 006c 13       		.uleb128 0x13
 470 006d 00       		.byte	0
 471 006e 00       		.byte	0
 472 006f 0A       		.uleb128 0xa
 473 0070 21       		.uleb128 0x21
 474 0071 00       		.byte	0
 475 0072 49       		.uleb128 0x49
 476 0073 13       		.uleb128 0x13
 477 0074 2F       		.uleb128 0x2f
 478 0075 0B       		.uleb128 0xb
 479 0076 00       		.byte	0
 480 0077 00       		.byte	0
 481 0078 0B       		.uleb128 0xb
 482 0079 04       		.uleb128 0x4
 483 007a 01       		.byte	0x1
 484 007b 0B       		.uleb128 0xb
 485 007c 0B       		.uleb128 0xb
 486 007d 49       		.uleb128 0x49
 487 007e 13       		.uleb128 0x13
 488 007f 3A       		.uleb128 0x3a
 489 0080 0B       		.uleb128 0xb
 490 0081 3B       		.uleb128 0x3b
 491 0082 0B       		.uleb128 0xb
 492 0083 01       		.uleb128 0x1
 493 0084 13       		.uleb128 0x13
ARM GAS  /tmp/ccLux9B2.s 			page 11


 494 0085 00       		.byte	0
 495 0086 00       		.byte	0
 496 0087 0C       		.uleb128 0xc
 497 0088 28       		.uleb128 0x28
 498 0089 00       		.byte	0
 499 008a 03       		.uleb128 0x3
 500 008b 0E       		.uleb128 0xe
 501 008c 1C       		.uleb128 0x1c
 502 008d 0B       		.uleb128 0xb
 503 008e 00       		.byte	0
 504 008f 00       		.byte	0
 505 0090 0D       		.uleb128 0xd
 506 0091 2E       		.uleb128 0x2e
 507 0092 00       		.byte	0
 508 0093 3F       		.uleb128 0x3f
 509 0094 0C       		.uleb128 0xc
 510 0095 03       		.uleb128 0x3
 511 0096 0E       		.uleb128 0xe
 512 0097 3A       		.uleb128 0x3a
 513 0098 0B       		.uleb128 0xb
 514 0099 3B       		.uleb128 0x3b
 515 009a 0B       		.uleb128 0xb
 516 009b 27       		.uleb128 0x27
 517 009c 0C       		.uleb128 0xc
 518 009d 20       		.uleb128 0x20
 519 009e 0B       		.uleb128 0xb
 520 009f 00       		.byte	0
 521 00a0 00       		.byte	0
 522 00a1 0E       		.uleb128 0xe
 523 00a2 2E       		.uleb128 0x2e
 524 00a3 00       		.byte	0
 525 00a4 3F       		.uleb128 0x3f
 526 00a5 0C       		.uleb128 0xc
 527 00a6 03       		.uleb128 0x3
 528 00a7 0E       		.uleb128 0xe
 529 00a8 3A       		.uleb128 0x3a
 530 00a9 0B       		.uleb128 0xb
 531 00aa 3B       		.uleb128 0x3b
 532 00ab 0B       		.uleb128 0xb
 533 00ac 27       		.uleb128 0x27
 534 00ad 0C       		.uleb128 0xc
 535 00ae 00       		.byte	0
 536 00af 00       		.byte	0
 537 00b0 0F       		.uleb128 0xf
 538 00b1 2E       		.uleb128 0x2e
 539 00b2 00       		.byte	0
 540 00b3 31       		.uleb128 0x31
 541 00b4 13       		.uleb128 0x13
 542 00b5 11       		.uleb128 0x11
 543 00b6 01       		.uleb128 0x1
 544 00b7 12       		.uleb128 0x12
 545 00b8 01       		.uleb128 0x1
 546 00b9 40       		.uleb128 0x40
 547 00ba 0A       		.uleb128 0xa
 548 00bb 9742     		.uleb128 0x2117
 549 00bd 0C       		.uleb128 0xc
 550 00be 00       		.byte	0
ARM GAS  /tmp/ccLux9B2.s 			page 12


 551 00bf 00       		.byte	0
 552 00c0 00       		.byte	0
 553              		.section	.debug_aranges,"",%progbits
 554 0000 1C000000 		.4byte	0x1c
 555 0004 0200     		.2byte	0x2
 556 0006 00000000 		.4byte	.Ldebug_info0
 557 000a 04       		.byte	0x4
 558 000b 00       		.byte	0
 559 000c 0000     		.2byte	0
 560 000e 0000     		.2byte	0
 561 0010 00000000 		.4byte	.Ltext0
 562 0014 08000000 		.4byte	.Letext0-.Ltext0
 563 0018 00000000 		.4byte	0
 564 001c 00000000 		.4byte	0
 565              		.section	.debug_line,"",%progbits
 566              	.Ldebug_line0:
 567 0000 06010000 		.section	.debug_str,"MS",%progbits,1
 567      0200F000 
 567      00000201 
 567      FB0E0D00 
 567      01010101 
 568              	.LASF4:
 569 0000 5F5F7569 		.ascii	"__uint8_t\000"
 569      6E74385F 
 569      7400
 570              	.LASF5:
 571 000a 5F5F696E 		.ascii	"__int32_t\000"
 571      7433325F 
 571      7400
 572              	.LASF11:
 573 0014 756E7369 		.ascii	"unsigned int\000"
 573      676E6564 
 573      20696E74 
 573      00
 574              	.LASF33:
 575 0021 2F686F6D 		.ascii	"/home/berndoj/git/stm32tctst/lib/stm32f1hal\000"
 575      652F6265 
 575      726E646F 
 575      6A2F6769 
 575      742F7374 
 576              	.LASF23:
 577 004d 48414C5F 		.ascii	"HAL_TICK_FREQ_1KHZ\000"
 577      5449434B 
 577      5F465245 
 577      515F314B 
 577      485A00
 578              	.LASF34:
 579 0060 48414C5F 		.ascii	"HAL_PPP_MspDeInit\000"
 579      5050505F 
 579      4D737044 
 579      65496E69 
 579      7400
 580              	.LASF1:
 581 0072 756E7369 		.ascii	"unsigned char\000"
 581      676E6564 
 581      20636861 
 581      7200
ARM GAS  /tmp/ccLux9B2.s 			page 13


 582              	.LASF18:
 583 0080 41484250 		.ascii	"AHBPrescTable\000"
 583      72657363 
 583      5461626C 
 583      6500
 584              	.LASF8:
 585 008e 6C6F6E67 		.ascii	"long unsigned int\000"
 585      20756E73 
 585      69676E65 
 585      6420696E 
 585      7400
 586              	.LASF3:
 587 00a0 73686F72 		.ascii	"short unsigned int\000"
 587      7420756E 
 587      7369676E 
 587      65642069 
 587      6E7400
 588              	.LASF14:
 589 00b3 75696E74 		.ascii	"uint32_t\000"
 589      33325F74 
 589      00
 590              	.LASF16:
 591 00bc 49544D5F 		.ascii	"ITM_RxBuffer\000"
 591      52784275 
 591      66666572 
 591      00
 592              	.LASF22:
 593 00c9 48414C5F 		.ascii	"HAL_TICK_FREQ_100HZ\000"
 593      5449434B 
 593      5F465245 
 593      515F3130 
 593      30485A00 
 594              	.LASF32:
 595 00dd 7372632F 		.ascii	"src/stm32f1xx_hal_msp_template.c\000"
 595      73746D33 
 595      32663178 
 595      785F6861 
 595      6C5F6D73 
 596              	.LASF7:
 597 00fe 5F5F7569 		.ascii	"__uint32_t\000"
 597      6E743332 
 597      5F7400
 598              	.LASF25:
 599 0109 48414C5F 		.ascii	"HAL_TickFreqTypeDef\000"
 599      5469636B 
 599      46726571 
 599      54797065 
 599      44656600 
 600              	.LASF19:
 601 011d 41504250 		.ascii	"APBPrescTable\000"
 601      72657363 
 601      5461626C 
 601      6500
 602              	.LASF31:
 603 012b 474E5520 		.ascii	"GNU C11 6.3.1 20170620 -mcpu=cortex-m3 -mthumb -g -"
 603      43313120 
 603      362E332E 
ARM GAS  /tmp/ccLux9B2.s 			page 14


 603      31203230 
 603      31373036 
 604 015e 67647761 		.ascii	"gdwarf-2 -Os -fomit-frame-pointer\000"
 604      72662D32 
 604      202D4F73 
 604      202D666F 
 604      6D69742D 
 605              	.LASF27:
 606 0180 75775469 		.ascii	"uwTickFreq\000"
 606      636B4672 
 606      657100
 607              	.LASF29:
 608 018b 48414C5F 		.ascii	"HAL_MspDeInit\000"
 608      4D737044 
 608      65496E69 
 608      7400
 609              	.LASF10:
 610 0199 6C6F6E67 		.ascii	"long long unsigned int\000"
 610      206C6F6E 
 610      6720756E 
 610      7369676E 
 610      65642069 
 611              	.LASF12:
 612 01b0 75696E74 		.ascii	"uint8_t\000"
 612      385F7400 
 613              	.LASF13:
 614 01b8 696E7433 		.ascii	"int32_t\000"
 614      325F7400 
 615              	.LASF15:
 616 01c0 73697A65 		.ascii	"sizetype\000"
 616      74797065 
 616      00
 617              	.LASF9:
 618 01c9 6C6F6E67 		.ascii	"long long int\000"
 618      206C6F6E 
 618      6720696E 
 618      7400
 619              	.LASF17:
 620 01d7 53797374 		.ascii	"SystemCoreClock\000"
 620      656D436F 
 620      7265436C 
 620      6F636B00 
 621              	.LASF26:
 622 01e7 75775469 		.ascii	"uwTickPrio\000"
 622      636B5072 
 622      696F00
 623              	.LASF24:
 624 01f2 48414C5F 		.ascii	"HAL_TICK_FREQ_DEFAULT\000"
 624      5449434B 
 624      5F465245 
 624      515F4445 
 624      4641554C 
 625              	.LASF2:
 626 0208 73686F72 		.ascii	"short int\000"
 626      7420696E 
 626      7400
 627              	.LASF28:
ARM GAS  /tmp/ccLux9B2.s 			page 15


 628 0212 48414C5F 		.ascii	"HAL_PPP_MspInit\000"
 628      5050505F 
 628      4D737049 
 628      6E697400 
 629              	.LASF6:
 630 0222 6C6F6E67 		.ascii	"long int\000"
 630      20696E74 
 630      00
 631              	.LASF20:
 632 022b 6C6F6E67 		.ascii	"long double\000"
 632      20646F75 
 632      626C6500 
 633              	.LASF0:
 634 0237 7369676E 		.ascii	"signed char\000"
 634      65642063 
 634      68617200 
 635              	.LASF21:
 636 0243 48414C5F 		.ascii	"HAL_TICK_FREQ_10HZ\000"
 636      5449434B 
 636      5F465245 
 636      515F3130 
 636      485A00
 637              	.LASF30:
 638 0256 48414C5F 		.ascii	"HAL_MspInit\000"
 638      4D737049 
 638      6E697400 
 639              		.ident	"GCC: (15:6.3.1+svn253039-1build1) 6.3.1 20170620"
ARM GAS  /tmp/ccLux9B2.s 			page 16


DEFINED SYMBOLS
                            *ABS*:0000000000000000 stm32f1xx_hal_msp_template.c
     /tmp/ccLux9B2.s:69     .text:0000000000000000 $t
     /tmp/ccLux9B2.s:76     .text:0000000000000000 HAL_MspInit
     /tmp/ccLux9B2.s:93     .text:0000000000000002 HAL_MspDeInit
     /tmp/ccLux9B2.s:110    .text:0000000000000004 HAL_PPP_MspInit
     /tmp/ccLux9B2.s:127    .text:0000000000000006 HAL_PPP_MspDeInit
                     .debug_frame:0000000000000010 $d

NO UNDEFINED SYMBOLS
