ARM GAS  /tmp/ccRo3VFq.s 			page 1


   1              		.syntax unified
   2              		.cpu cortex-m3
   3              		.fpu softvfp
   4              		.eabi_attribute 20, 1
   5              		.eabi_attribute 21, 1
   6              		.eabi_attribute 23, 3
   7              		.eabi_attribute 24, 1
   8              		.eabi_attribute 25, 1
   9              		.eabi_attribute 26, 1
  10              		.eabi_attribute 30, 1
  11              		.eabi_attribute 34, 1
  12              		.eabi_attribute 18, 4
  13              		.thumb
  14              		.file	"stm32f1xx_hal_crc.c"
  15              		.section	.text.HAL_CRC_MspInit,"ax",%progbits
  16              		.align	2
  17              		.weak	HAL_CRC_MspInit
  18              		.thumb
  19              		.thumb_func
  21              	HAL_CRC_MspInit:
  22              		@ args = 0, pretend = 0, frame = 0
  23              		@ frame_needed = 0, uses_anonymous_args = 0
  24              		@ link register save eliminated.
  25 0000 7047     		bx	lr
  27 0002 00BF     		.section	.text.HAL_CRC_Init,"ax",%progbits
  28              		.align	2
  29              		.global	HAL_CRC_Init
  30              		.thumb
  31              		.thumb_func
  33              	HAL_CRC_Init:
  34              		@ args = 0, pretend = 0, frame = 0
  35              		@ frame_needed = 0, uses_anonymous_args = 0
  36 0000 68B1     		cbz	r0, .L5
  37 0002 10B5     		push	{r4, lr}
  38 0004 0446     		mov	r4, r0
  39 0006 4379     		ldrb	r3, [r0, #5]	@ zero_extendqisi2
  40 0008 13F0FF0F 		tst	r3, #255
  41 000c 03D1     		bne	.L4
  42 000e 0023     		movs	r3, #0
  43 0010 0371     		strb	r3, [r0, #4]
  44 0012 FFF7FEFF 		bl	HAL_CRC_MspInit
  45              	.L4:
  46 0016 0123     		movs	r3, #1
  47 0018 6371     		strb	r3, [r4, #5]
  48 001a 0020     		movs	r0, #0
  49 001c 10BD     		pop	{r4, pc}
  50              	.L5:
  51 001e 0120     		movs	r0, #1
  52 0020 7047     		bx	lr
  54 0022 00BF     		.section	.text.HAL_CRC_MspDeInit,"ax",%progbits
  55              		.align	2
  56              		.weak	HAL_CRC_MspDeInit
  57              		.thumb
  58              		.thumb_func
  60              	HAL_CRC_MspDeInit:
  61              		@ args = 0, pretend = 0, frame = 0
  62              		@ frame_needed = 0, uses_anonymous_args = 0
ARM GAS  /tmp/ccRo3VFq.s 			page 2


  63              		@ link register save eliminated.
  64 0000 7047     		bx	lr
  66 0002 00BF     		.section	.text.HAL_CRC_DeInit,"ax",%progbits
  67              		.align	2
  68              		.global	HAL_CRC_DeInit
  69              		.thumb
  70              		.thumb_func
  72              	HAL_CRC_DeInit:
  73              		@ args = 0, pretend = 0, frame = 0
  74              		@ frame_needed = 0, uses_anonymous_args = 0
  75 0000 B0B1     		cbz	r0, .L11
  76 0002 38B5     		push	{r3, r4, r5, lr}
  77 0004 4279     		ldrb	r2, [r0, #5]	@ zero_extendqisi2
  78 0006 D2B2     		uxtb	r2, r2
  79 0008 022A     		cmp	r2, #2
  80 000a 13D0     		beq	.L12
  81 000c 0446     		mov	r4, r0
  82 000e 0223     		movs	r3, #2
  83 0010 4371     		strb	r3, [r0, #5]
  84 0012 0268     		ldr	r2, [r0]
  85 0014 9368     		ldr	r3, [r2, #8]
  86 0016 43F00103 		orr	r3, r3, #1
  87 001a 9360     		str	r3, [r2, #8]
  88 001c 0368     		ldr	r3, [r0]
  89 001e 1A79     		ldrb	r2, [r3, #4]	@ zero_extendqisi2
  90 0020 0025     		movs	r5, #0
  91 0022 1D71     		strb	r5, [r3, #4]
  92 0024 FFF7FEFF 		bl	HAL_CRC_MspDeInit
  93 0028 6571     		strb	r5, [r4, #5]
  94 002a 2571     		strb	r5, [r4, #4]
  95 002c 2846     		mov	r0, r5
  96 002e 38BD     		pop	{r3, r4, r5, pc}
  97              	.L11:
  98 0030 0120     		movs	r0, #1
  99 0032 7047     		bx	lr
 100              	.L12:
 101 0034 0220     		movs	r0, #2
 102 0036 38BD     		pop	{r3, r4, r5, pc}
 104              		.section	.text.HAL_CRC_Accumulate,"ax",%progbits
 105              		.align	2
 106              		.global	HAL_CRC_Accumulate
 107              		.thumb
 108              		.thumb_func
 110              	HAL_CRC_Accumulate:
 111              		@ args = 0, pretend = 0, frame = 0
 112              		@ frame_needed = 0, uses_anonymous_args = 0
 113              		@ link register save eliminated.
 114 0000 30B4     		push	{r4, r5}
 115 0002 0223     		movs	r3, #2
 116 0004 4371     		strb	r3, [r0, #5]
 117 0006 0023     		movs	r3, #0
 118 0008 04E0     		b	.L15
 119              	.L16:
 120 000a 0468     		ldr	r4, [r0]
 121 000c 51F82350 		ldr	r5, [r1, r3, lsl #2]
 122 0010 2560     		str	r5, [r4]
 123 0012 0133     		adds	r3, r3, #1
ARM GAS  /tmp/ccRo3VFq.s 			page 3


 124              	.L15:
 125 0014 9342     		cmp	r3, r2
 126 0016 F8D3     		bcc	.L16
 127 0018 0368     		ldr	r3, [r0]
 128 001a 1B68     		ldr	r3, [r3]
 129 001c 0122     		movs	r2, #1
 130 001e 4271     		strb	r2, [r0, #5]
 131 0020 1846     		mov	r0, r3
 132 0022 30BC     		pop	{r4, r5}
 133 0024 7047     		bx	lr
 135 0026 00BF     		.section	.text.HAL_CRC_Calculate,"ax",%progbits
 136              		.align	2
 137              		.global	HAL_CRC_Calculate
 138              		.thumb
 139              		.thumb_func
 141              	HAL_CRC_Calculate:
 142              		@ args = 0, pretend = 0, frame = 0
 143              		@ frame_needed = 0, uses_anonymous_args = 0
 144              		@ link register save eliminated.
 145 0000 30B4     		push	{r4, r5}
 146 0002 0223     		movs	r3, #2
 147 0004 4371     		strb	r3, [r0, #5]
 148 0006 0468     		ldr	r4, [r0]
 149 0008 A368     		ldr	r3, [r4, #8]
 150 000a 43F00103 		orr	r3, r3, #1
 151 000e A360     		str	r3, [r4, #8]
 152 0010 0023     		movs	r3, #0
 153 0012 04E0     		b	.L19
 154              	.L20:
 155 0014 0468     		ldr	r4, [r0]
 156 0016 51F82350 		ldr	r5, [r1, r3, lsl #2]
 157 001a 2560     		str	r5, [r4]
 158 001c 0133     		adds	r3, r3, #1
 159              	.L19:
 160 001e 9342     		cmp	r3, r2
 161 0020 F8D3     		bcc	.L20
 162 0022 0368     		ldr	r3, [r0]
 163 0024 1B68     		ldr	r3, [r3]
 164 0026 0122     		movs	r2, #1
 165 0028 4271     		strb	r2, [r0, #5]
 166 002a 1846     		mov	r0, r3
 167 002c 30BC     		pop	{r4, r5}
 168 002e 7047     		bx	lr
 170              		.section	.text.HAL_CRC_GetState,"ax",%progbits
 171              		.align	2
 172              		.global	HAL_CRC_GetState
 173              		.thumb
 174              		.thumb_func
 176              	HAL_CRC_GetState:
 177              		@ args = 0, pretend = 0, frame = 0
 178              		@ frame_needed = 0, uses_anonymous_args = 0
 179              		@ link register save eliminated.
 180 0000 4079     		ldrb	r0, [r0, #5]	@ zero_extendqisi2
 181 0002 7047     		bx	lr
 183              		.ident	"GCC: (15:4.9.3+svn231177-1) 4.9.3 20150529 (prerelease)"
ARM GAS  /tmp/ccRo3VFq.s 			page 4


DEFINED SYMBOLS
                            *ABS*:0000000000000000 stm32f1xx_hal_crc.c
     /tmp/ccRo3VFq.s:16     .text.HAL_CRC_MspInit:0000000000000000 $t
     /tmp/ccRo3VFq.s:21     .text.HAL_CRC_MspInit:0000000000000000 HAL_CRC_MspInit
     /tmp/ccRo3VFq.s:28     .text.HAL_CRC_Init:0000000000000000 $t
     /tmp/ccRo3VFq.s:33     .text.HAL_CRC_Init:0000000000000000 HAL_CRC_Init
     /tmp/ccRo3VFq.s:55     .text.HAL_CRC_MspDeInit:0000000000000000 $t
     /tmp/ccRo3VFq.s:60     .text.HAL_CRC_MspDeInit:0000000000000000 HAL_CRC_MspDeInit
     /tmp/ccRo3VFq.s:67     .text.HAL_CRC_DeInit:0000000000000000 $t
     /tmp/ccRo3VFq.s:72     .text.HAL_CRC_DeInit:0000000000000000 HAL_CRC_DeInit
     /tmp/ccRo3VFq.s:105    .text.HAL_CRC_Accumulate:0000000000000000 $t
     /tmp/ccRo3VFq.s:110    .text.HAL_CRC_Accumulate:0000000000000000 HAL_CRC_Accumulate
     /tmp/ccRo3VFq.s:136    .text.HAL_CRC_Calculate:0000000000000000 $t
     /tmp/ccRo3VFq.s:141    .text.HAL_CRC_Calculate:0000000000000000 HAL_CRC_Calculate
     /tmp/ccRo3VFq.s:171    .text.HAL_CRC_GetState:0000000000000000 $t
     /tmp/ccRo3VFq.s:176    .text.HAL_CRC_GetState:0000000000000000 HAL_CRC_GetState

NO UNDEFINED SYMBOLS
