ARM GAS  /tmp/ccHmiIKc.s 			page 1


   1              		.syntax unified
   2              		.cpu cortex-m3
   3              		.fpu softvfp
   4              		.eabi_attribute 20, 1
   5              		.eabi_attribute 21, 1
   6              		.eabi_attribute 23, 3
   7              		.eabi_attribute 24, 1
   8              		.eabi_attribute 25, 1
   9              		.eabi_attribute 26, 1
  10              		.eabi_attribute 30, 1
  11              		.eabi_attribute 34, 1
  12              		.eabi_attribute 18, 4
  13              		.thumb
  14              		.file	"stm32f1xx_hal_flash.c"
  15              		.section	.text.FLASH_Program_HalfWord,"ax",%progbits
  16              		.align	2
  17              		.thumb
  18              		.thumb_func
  20              	FLASH_Program_HalfWord:
  21              		@ args = 0, pretend = 0, frame = 0
  22              		@ frame_needed = 0, uses_anonymous_args = 0
  23              		@ link register save eliminated.
  24 0000 0022     		movs	r2, #0
  25 0002 044B     		ldr	r3, .L2
  26 0004 DA61     		str	r2, [r3, #28]
  27 0006 044A     		ldr	r2, .L2+4
  28 0008 1369     		ldr	r3, [r2, #16]
  29 000a 43F00103 		orr	r3, r3, #1
  30 000e 1361     		str	r3, [r2, #16]
  31 0010 0180     		strh	r1, [r0]	@ movhi
  32 0012 7047     		bx	lr
  33              	.L3:
  34              		.align	2
  35              	.L2:
  36 0014 00000000 		.word	pFlash
  37 0018 00200240 		.word	1073881088
  39              		.section	.text.FLASH_SetErrorCode,"ax",%progbits
  40              		.align	2
  41              		.thumb
  42              		.thumb_func
  44              	FLASH_SetErrorCode:
  45              		@ args = 0, pretend = 0, frame = 0
  46              		@ frame_needed = 0, uses_anonymous_args = 0
  47              		@ link register save eliminated.
  48 0000 154B     		ldr	r3, .L9
  49 0002 DB68     		ldr	r3, [r3, #12]
  50 0004 13F0100F 		tst	r3, #16
  51 0008 06D0     		beq	.L8
  52 000a 144A     		ldr	r2, .L9+4
  53 000c D369     		ldr	r3, [r2, #28]
  54 000e 43F00203 		orr	r3, r3, #2
  55 0012 D361     		str	r3, [r2, #28]
  56 0014 1023     		movs	r3, #16
  57 0016 00E0     		b	.L5
  58              	.L8:
  59 0018 0023     		movs	r3, #0
  60              	.L5:
ARM GAS  /tmp/ccHmiIKc.s 			page 2


  61 001a 0F4A     		ldr	r2, .L9
  62 001c D268     		ldr	r2, [r2, #12]
  63 001e 12F0040F 		tst	r2, #4
  64 0022 06D0     		beq	.L6
  65 0024 0D49     		ldr	r1, .L9+4
  66 0026 CA69     		ldr	r2, [r1, #28]
  67 0028 42F00102 		orr	r2, r2, #1
  68 002c CA61     		str	r2, [r1, #28]
  69 002e 43F00403 		orr	r3, r3, #4
  70              	.L6:
  71 0032 094A     		ldr	r2, .L9
  72 0034 D269     		ldr	r2, [r2, #28]
  73 0036 12F0010F 		tst	r2, #1
  74 003a 09D0     		beq	.L7
  75 003c 0749     		ldr	r1, .L9+4
  76 003e CA69     		ldr	r2, [r1, #28]
  77 0040 42F00402 		orr	r2, r2, #4
  78 0044 CA61     		str	r2, [r1, #28]
  79 0046 0449     		ldr	r1, .L9
  80 0048 CA69     		ldr	r2, [r1, #28]
  81 004a 22F00102 		bic	r2, r2, #1
  82 004e CA61     		str	r2, [r1, #28]
  83              	.L7:
  84 0050 014A     		ldr	r2, .L9
  85 0052 D360     		str	r3, [r2, #12]
  86 0054 7047     		bx	lr
  87              	.L10:
  88 0056 00BF     		.align	2
  89              	.L9:
  90 0058 00200240 		.word	1073881088
  91 005c 00000000 		.word	pFlash
  93              		.section	.text.HAL_FLASH_Program_IT,"ax",%progbits
  94              		.align	2
  95              		.global	HAL_FLASH_Program_IT
  96              		.thumb
  97              		.thumb_func
  99              	HAL_FLASH_Program_IT:
 100              		@ args = 0, pretend = 0, frame = 0
 101              		@ frame_needed = 0, uses_anonymous_args = 0
 102 0000 D0B5     		push	{r4, r6, r7, lr}
 103 0002 1F46     		mov	r7, r3
 104 0004 154B     		ldr	r3, .L18
 105 0006 1B7E     		ldrb	r3, [r3, #24]	@ zero_extendqisi2
 106 0008 012B     		cmp	r3, #1
 107 000a 25D0     		beq	.L16
 108 000c 1646     		mov	r6, r2
 109 000e 134B     		ldr	r3, .L18
 110 0010 0122     		movs	r2, #1
 111 0012 1A76     		strb	r2, [r3, #24]
 112 0014 124A     		ldr	r2, .L18+4
 113 0016 1469     		ldr	r4, [r2, #16]
 114 0018 44F4A054 		orr	r4, r4, #5120
 115 001c 1461     		str	r4, [r2, #16]
 116 001e 9960     		str	r1, [r3, #8]
 117 0020 C3E90467 		strd	r6, [r3, #16]
 118 0024 0128     		cmp	r0, #1
 119 0026 04D1     		bne	.L13
ARM GAS  /tmp/ccHmiIKc.s 			page 3


 120 0028 0322     		movs	r2, #3
 121 002a 1A70     		strb	r2, [r3]
 122 002c 0122     		movs	r2, #1
 123 002e 5A60     		str	r2, [r3, #4]
 124 0030 0CE0     		b	.L14
 125              	.L13:
 126 0032 0228     		cmp	r0, #2
 127 0034 05D1     		bne	.L15
 128 0036 094B     		ldr	r3, .L18
 129 0038 0422     		movs	r2, #4
 130 003a 1A70     		strb	r2, [r3]
 131 003c 0222     		movs	r2, #2
 132 003e 5A60     		str	r2, [r3, #4]
 133 0040 04E0     		b	.L14
 134              	.L15:
 135 0042 064B     		ldr	r3, .L18
 136 0044 0522     		movs	r2, #5
 137 0046 1A70     		strb	r2, [r3]
 138 0048 0422     		movs	r2, #4
 139 004a 5A60     		str	r2, [r3, #4]
 140              	.L14:
 141 004c 0846     		mov	r0, r1
 142 004e B1B2     		uxth	r1, r6
 143 0050 FFF7FEFF 		bl	FLASH_Program_HalfWord
 144 0054 0020     		movs	r0, #0
 145 0056 D0BD     		pop	{r4, r6, r7, pc}
 146              	.L16:
 147 0058 0220     		movs	r0, #2
 148 005a D0BD     		pop	{r4, r6, r7, pc}
 149              	.L19:
 150              		.align	2
 151              	.L18:
 152 005c 00000000 		.word	pFlash
 153 0060 00200240 		.word	1073881088
 155              		.section	.text.HAL_FLASH_EndOfOperationCallback,"ax",%progbits
 156              		.align	2
 157              		.weak	HAL_FLASH_EndOfOperationCallback
 158              		.thumb
 159              		.thumb_func
 161              	HAL_FLASH_EndOfOperationCallback:
 162              		@ args = 0, pretend = 0, frame = 0
 163              		@ frame_needed = 0, uses_anonymous_args = 0
 164              		@ link register save eliminated.
 165 0000 7047     		bx	lr
 167 0002 00BF     		.section	.text.HAL_FLASH_OperationErrorCallback,"ax",%progbits
 168              		.align	2
 169              		.weak	HAL_FLASH_OperationErrorCallback
 170              		.thumb
 171              		.thumb_func
 173              	HAL_FLASH_OperationErrorCallback:
 174              		@ args = 0, pretend = 0, frame = 0
 175              		@ frame_needed = 0, uses_anonymous_args = 0
 176              		@ link register save eliminated.
 177 0000 7047     		bx	lr
 179 0002 00BF     		.section	.text.HAL_FLASH_IRQHandler,"ax",%progbits
 180              		.align	2
 181              		.global	HAL_FLASH_IRQHandler
ARM GAS  /tmp/ccHmiIKc.s 			page 4


 182              		.thumb
 183              		.thumb_func
 185              	HAL_FLASH_IRQHandler:
 186              		@ args = 0, pretend = 0, frame = 0
 187              		@ frame_needed = 0, uses_anonymous_args = 0
 188 0000 F8B5     		push	{r3, r4, r5, r6, r7, lr}
 189 0002 544B     		ldr	r3, .L35
 190 0004 DB68     		ldr	r3, [r3, #12]
 191 0006 13F0100F 		tst	r3, #16
 192 000a 04D1     		bne	.L23
 193 000c 514B     		ldr	r3, .L35
 194 000e DB68     		ldr	r3, [r3, #12]
 195 0010 13F0040F 		tst	r3, #4
 196 0014 0BD0     		beq	.L24
 197              	.L23:
 198 0016 504C     		ldr	r4, .L35+4
 199 0018 A568     		ldr	r5, [r4, #8]
 200 001a 4FF0FF33 		mov	r3, #-1
 201 001e A360     		str	r3, [r4, #8]
 202 0020 FFF7FEFF 		bl	FLASH_SetErrorCode
 203 0024 2846     		mov	r0, r5
 204 0026 FFF7FEFF 		bl	HAL_FLASH_OperationErrorCallback
 205 002a 0023     		movs	r3, #0
 206 002c 2370     		strb	r3, [r4]
 207              	.L24:
 208 002e 494B     		ldr	r3, .L35
 209 0030 DB68     		ldr	r3, [r3, #12]
 210 0032 13F0200F 		tst	r3, #32
 211 0036 7AD0     		beq	.L25
 212 0038 2022     		movs	r2, #32
 213 003a 464B     		ldr	r3, .L35
 214 003c DA60     		str	r2, [r3, #12]
 215 003e 464B     		ldr	r3, .L35+4
 216 0040 1B78     		ldrb	r3, [r3]	@ zero_extendqisi2
 217 0042 13F0FF0F 		tst	r3, #255
 218 0046 72D0     		beq	.L25
 219 0048 434B     		ldr	r3, .L35+4
 220 004a 1B78     		ldrb	r3, [r3]	@ zero_extendqisi2
 221 004c DBB2     		uxtb	r3, r3
 222 004e 012B     		cmp	r3, #1
 223 0050 1ED1     		bne	.L26
 224 0052 414B     		ldr	r3, .L35+4
 225 0054 5A68     		ldr	r2, [r3, #4]
 226 0056 013A     		subs	r2, r2, #1
 227 0058 5A60     		str	r2, [r3, #4]
 228 005a 5B68     		ldr	r3, [r3, #4]
 229 005c 7BB1     		cbz	r3, .L27
 230 005e 3E4C     		ldr	r4, .L35+4
 231 0060 A068     		ldr	r0, [r4, #8]
 232 0062 FFF7FEFF 		bl	HAL_FLASH_EndOfOperationCallback
 233 0066 A068     		ldr	r0, [r4, #8]
 234 0068 00F58060 		add	r0, r0, #1024
 235 006c A060     		str	r0, [r4, #8]
 236 006e 394A     		ldr	r2, .L35
 237 0070 1369     		ldr	r3, [r2, #16]
 238 0072 23F00203 		bic	r3, r3, #2
 239 0076 1361     		str	r3, [r2, #16]
ARM GAS  /tmp/ccHmiIKc.s 			page 5


 240 0078 FFF7FEFF 		bl	FLASH_PageErase
 241 007c 57E0     		b	.L25
 242              	.L27:
 243 007e 364B     		ldr	r3, .L35+4
 244 0080 4FF0FF30 		mov	r0, #-1
 245 0084 9860     		str	r0, [r3, #8]
 246 0086 0022     		movs	r2, #0
 247 0088 1A70     		strb	r2, [r3]
 248 008a FFF7FEFF 		bl	HAL_FLASH_EndOfOperationCallback
 249 008e 4EE0     		b	.L25
 250              	.L26:
 251 0090 314B     		ldr	r3, .L35+4
 252 0092 1B78     		ldrb	r3, [r3]	@ zero_extendqisi2
 253 0094 DBB2     		uxtb	r3, r3
 254 0096 022B     		cmp	r3, #2
 255 0098 0BD1     		bne	.L28
 256 009a 2E4A     		ldr	r2, .L35
 257 009c 1369     		ldr	r3, [r2, #16]
 258 009e 23F00403 		bic	r3, r3, #4
 259 00a2 1361     		str	r3, [r2, #16]
 260 00a4 0020     		movs	r0, #0
 261 00a6 FFF7FEFF 		bl	HAL_FLASH_EndOfOperationCallback
 262 00aa 0022     		movs	r2, #0
 263 00ac 2A4B     		ldr	r3, .L35+4
 264 00ae 1A70     		strb	r2, [r3]
 265 00b0 3DE0     		b	.L25
 266              	.L28:
 267 00b2 294B     		ldr	r3, .L35+4
 268 00b4 5A68     		ldr	r2, [r3, #4]
 269 00b6 013A     		subs	r2, r2, #1
 270 00b8 5A60     		str	r2, [r3, #4]
 271 00ba 5B68     		ldr	r3, [r3, #4]
 272 00bc BBB1     		cbz	r3, .L29
 273 00be 264B     		ldr	r3, .L35+4
 274 00c0 9A68     		ldr	r2, [r3, #8]
 275 00c2 0232     		adds	r2, r2, #2
 276 00c4 9A60     		str	r2, [r3, #8]
 277 00c6 9868     		ldr	r0, [r3, #8]
 278 00c8 D3E90467 		ldrd	r6, [r3, #16]
 279 00cc 340C     		lsrs	r4, r6, #16
 280 00ce 44EA0744 		orr	r4, r4, r7, lsl #16
 281 00d2 3D0C     		lsrs	r5, r7, #16
 282 00d4 C3E90445 		strd	r4, [r3, #16]
 283 00d8 1E49     		ldr	r1, .L35
 284 00da 0A69     		ldr	r2, [r1, #16]
 285 00dc 22F00102 		bic	r2, r2, #1
 286 00e0 0A61     		str	r2, [r1, #16]
 287 00e2 D3E90423 		ldrd	r2, [r3, #16]
 288 00e6 91B2     		uxth	r1, r2
 289 00e8 FFF7FEFF 		bl	FLASH_Program_HalfWord
 290 00ec 1FE0     		b	.L25
 291              	.L29:
 292 00ee 1A4B     		ldr	r3, .L35+4
 293 00f0 1B78     		ldrb	r3, [r3]	@ zero_extendqisi2
 294 00f2 DBB2     		uxtb	r3, r3
 295 00f4 032B     		cmp	r3, #3
 296 00f6 04D1     		bne	.L30
ARM GAS  /tmp/ccHmiIKc.s 			page 6


 297 00f8 174B     		ldr	r3, .L35+4
 298 00fa 9868     		ldr	r0, [r3, #8]
 299 00fc FFF7FEFF 		bl	HAL_FLASH_EndOfOperationCallback
 300 0100 0FE0     		b	.L31
 301              	.L30:
 302 0102 154B     		ldr	r3, .L35+4
 303 0104 1B78     		ldrb	r3, [r3]	@ zero_extendqisi2
 304 0106 DBB2     		uxtb	r3, r3
 305 0108 042B     		cmp	r3, #4
 306 010a 05D1     		bne	.L32
 307 010c 124B     		ldr	r3, .L35+4
 308 010e 9868     		ldr	r0, [r3, #8]
 309 0110 0238     		subs	r0, r0, #2
 310 0112 FFF7FEFF 		bl	HAL_FLASH_EndOfOperationCallback
 311 0116 04E0     		b	.L31
 312              	.L32:
 313 0118 0F4B     		ldr	r3, .L35+4
 314 011a 9868     		ldr	r0, [r3, #8]
 315 011c 0638     		subs	r0, r0, #6
 316 011e FFF7FEFF 		bl	HAL_FLASH_EndOfOperationCallback
 317              	.L31:
 318 0122 0D4B     		ldr	r3, .L35+4
 319 0124 4FF0FF32 		mov	r2, #-1
 320 0128 9A60     		str	r2, [r3, #8]
 321 012a 0022     		movs	r2, #0
 322 012c 1A70     		strb	r2, [r3]
 323              	.L25:
 324 012e 0A4B     		ldr	r3, .L35+4
 325 0130 1B78     		ldrb	r3, [r3]	@ zero_extendqisi2
 326 0132 13F0FF0F 		tst	r3, #255
 327 0136 0BD1     		bne	.L22
 328 0138 064B     		ldr	r3, .L35
 329 013a 1A69     		ldr	r2, [r3, #16]
 330 013c 22F00702 		bic	r2, r2, #7
 331 0140 1A61     		str	r2, [r3, #16]
 332 0142 1A69     		ldr	r2, [r3, #16]
 333 0144 22F4A052 		bic	r2, r2, #5120
 334 0148 1A61     		str	r2, [r3, #16]
 335 014a 0022     		movs	r2, #0
 336 014c 024B     		ldr	r3, .L35+4
 337 014e 1A76     		strb	r2, [r3, #24]
 338              	.L22:
 339 0150 F8BD     		pop	{r3, r4, r5, r6, r7, pc}
 340              	.L36:
 341 0152 00BF     		.align	2
 342              	.L35:
 343 0154 00200240 		.word	1073881088
 344 0158 00000000 		.word	pFlash
 346              		.section	.text.HAL_FLASH_Unlock,"ax",%progbits
 347              		.align	2
 348              		.global	HAL_FLASH_Unlock
 349              		.thumb
 350              		.thumb_func
 352              	HAL_FLASH_Unlock:
 353              		@ args = 0, pretend = 0, frame = 0
 354              		@ frame_needed = 0, uses_anonymous_args = 0
 355              		@ link register save eliminated.
ARM GAS  /tmp/ccHmiIKc.s 			page 7


 356 0000 0A4B     		ldr	r3, .L41
 357 0002 1B69     		ldr	r3, [r3, #16]
 358 0004 13F0800F 		tst	r3, #128
 359 0008 0BD0     		beq	.L39
 360 000a 084B     		ldr	r3, .L41
 361 000c 084A     		ldr	r2, .L41+4
 362 000e 5A60     		str	r2, [r3, #4]
 363 0010 02F18832 		add	r2, r2, #-2004318072
 364 0014 5A60     		str	r2, [r3, #4]
 365 0016 1B69     		ldr	r3, [r3, #16]
 366 0018 13F0800F 		tst	r3, #128
 367 001c 03D1     		bne	.L40
 368 001e 0020     		movs	r0, #0
 369 0020 7047     		bx	lr
 370              	.L39:
 371 0022 0020     		movs	r0, #0
 372 0024 7047     		bx	lr
 373              	.L40:
 374 0026 0120     		movs	r0, #1
 375 0028 7047     		bx	lr
 376              	.L42:
 377 002a 00BF     		.align	2
 378              	.L41:
 379 002c 00200240 		.word	1073881088
 380 0030 23016745 		.word	1164378403
 382              		.section	.text.HAL_FLASH_Lock,"ax",%progbits
 383              		.align	2
 384              		.global	HAL_FLASH_Lock
 385              		.thumb
 386              		.thumb_func
 388              	HAL_FLASH_Lock:
 389              		@ args = 0, pretend = 0, frame = 0
 390              		@ frame_needed = 0, uses_anonymous_args = 0
 391              		@ link register save eliminated.
 392 0000 034A     		ldr	r2, .L44
 393 0002 1369     		ldr	r3, [r2, #16]
 394 0004 43F08003 		orr	r3, r3, #128
 395 0008 1361     		str	r3, [r2, #16]
 396 000a 0020     		movs	r0, #0
 397 000c 7047     		bx	lr
 398              	.L45:
 399 000e 00BF     		.align	2
 400              	.L44:
 401 0010 00200240 		.word	1073881088
 403              		.section	.text.HAL_FLASH_OB_Unlock,"ax",%progbits
 404              		.align	2
 405              		.global	HAL_FLASH_OB_Unlock
 406              		.thumb
 407              		.thumb_func
 409              	HAL_FLASH_OB_Unlock:
 410              		@ args = 0, pretend = 0, frame = 0
 411              		@ frame_needed = 0, uses_anonymous_args = 0
 412              		@ link register save eliminated.
 413 0000 074B     		ldr	r3, .L49
 414 0002 1B69     		ldr	r3, [r3, #16]
 415 0004 13F4007F 		tst	r3, #512
 416 0008 07D1     		bne	.L48
ARM GAS  /tmp/ccHmiIKc.s 			page 8


 417 000a 054B     		ldr	r3, .L49
 418 000c 054A     		ldr	r2, .L49+4
 419 000e 9A60     		str	r2, [r3, #8]
 420 0010 02F18832 		add	r2, r2, #-2004318072
 421 0014 9A60     		str	r2, [r3, #8]
 422 0016 0020     		movs	r0, #0
 423 0018 7047     		bx	lr
 424              	.L48:
 425 001a 0120     		movs	r0, #1
 426 001c 7047     		bx	lr
 427              	.L50:
 428 001e 00BF     		.align	2
 429              	.L49:
 430 0020 00200240 		.word	1073881088
 431 0024 23016745 		.word	1164378403
 433              		.section	.text.HAL_FLASH_OB_Lock,"ax",%progbits
 434              		.align	2
 435              		.global	HAL_FLASH_OB_Lock
 436              		.thumb
 437              		.thumb_func
 439              	HAL_FLASH_OB_Lock:
 440              		@ args = 0, pretend = 0, frame = 0
 441              		@ frame_needed = 0, uses_anonymous_args = 0
 442              		@ link register save eliminated.
 443 0000 034A     		ldr	r2, .L52
 444 0002 1369     		ldr	r3, [r2, #16]
 445 0004 23F40073 		bic	r3, r3, #512
 446 0008 1361     		str	r3, [r2, #16]
 447 000a 0020     		movs	r0, #0
 448 000c 7047     		bx	lr
 449              	.L53:
 450 000e 00BF     		.align	2
 451              	.L52:
 452 0010 00200240 		.word	1073881088
 454              		.section	.text.HAL_FLASH_OB_Launch,"ax",%progbits
 455              		.align	2
 456              		.global	HAL_FLASH_OB_Launch
 457              		.thumb
 458              		.thumb_func
 460              	HAL_FLASH_OB_Launch:
 461              		@ args = 0, pretend = 0, frame = 0
 462              		@ frame_needed = 0, uses_anonymous_args = 0
 463 0000 08B5     		push	{r3, lr}
 464 0002 FFF7FEFF 		bl	HAL_NVIC_SystemReset
 465 0006 08BD     		pop	{r3, pc}
 467              		.section	.text.HAL_FLASH_GetError,"ax",%progbits
 468              		.align	2
 469              		.global	HAL_FLASH_GetError
 470              		.thumb
 471              		.thumb_func
 473              	HAL_FLASH_GetError:
 474              		@ args = 0, pretend = 0, frame = 0
 475              		@ frame_needed = 0, uses_anonymous_args = 0
 476              		@ link register save eliminated.
 477 0000 014B     		ldr	r3, .L57
 478 0002 D869     		ldr	r0, [r3, #28]
 479 0004 7047     		bx	lr
ARM GAS  /tmp/ccHmiIKc.s 			page 9


 480              	.L58:
 481 0006 00BF     		.align	2
 482              	.L57:
 483 0008 00000000 		.word	pFlash
 485              		.section	.text.FLASH_WaitForLastOperation,"ax",%progbits
 486              		.align	2
 487              		.global	FLASH_WaitForLastOperation
 488              		.thumb
 489              		.thumb_func
 491              	FLASH_WaitForLastOperation:
 492              		@ args = 0, pretend = 0, frame = 0
 493              		@ frame_needed = 0, uses_anonymous_args = 0
 494 0000 38B5     		push	{r3, r4, r5, lr}
 495 0002 0446     		mov	r4, r0
 496 0004 FFF7FEFF 		bl	HAL_GetTick
 497 0008 0546     		mov	r5, r0
 498 000a 08E0     		b	.L61
 499              	.L63:
 500 000c B4F1FF3F 		cmp	r4, #-1
 501 0010 05D0     		beq	.L61
 502 0012 24B3     		cbz	r4, .L66
 503 0014 FFF7FEFF 		bl	HAL_GetTick
 504 0018 401B     		subs	r0, r0, r5
 505 001a A042     		cmp	r0, r4
 506 001c 21D8     		bhi	.L67
 507              	.L61:
 508 001e 134B     		ldr	r3, .L70
 509 0020 DB68     		ldr	r3, [r3, #12]
 510 0022 13F0010F 		tst	r3, #1
 511 0026 F1D1     		bne	.L63
 512 0028 104B     		ldr	r3, .L70
 513 002a DB68     		ldr	r3, [r3, #12]
 514 002c 13F0200F 		tst	r3, #32
 515 0030 02D0     		beq	.L64
 516 0032 2022     		movs	r2, #32
 517 0034 0D4B     		ldr	r3, .L70
 518 0036 DA60     		str	r2, [r3, #12]
 519              	.L64:
 520 0038 0C4B     		ldr	r3, .L70
 521 003a DB68     		ldr	r3, [r3, #12]
 522 003c 13F0100F 		tst	r3, #16
 523 0040 09D1     		bne	.L65
 524 0042 0A4B     		ldr	r3, .L70
 525 0044 DB69     		ldr	r3, [r3, #28]
 526 0046 13F0010F 		tst	r3, #1
 527 004a 04D1     		bne	.L65
 528 004c 074B     		ldr	r3, .L70
 529 004e DB68     		ldr	r3, [r3, #12]
 530 0050 13F0040F 		tst	r3, #4
 531 0054 07D0     		beq	.L68
 532              	.L65:
 533 0056 FFF7FEFF 		bl	FLASH_SetErrorCode
 534 005a 0120     		movs	r0, #1
 535 005c 38BD     		pop	{r3, r4, r5, pc}
 536              	.L66:
 537 005e 0320     		movs	r0, #3
 538 0060 38BD     		pop	{r3, r4, r5, pc}
ARM GAS  /tmp/ccHmiIKc.s 			page 10


 539              	.L67:
 540 0062 0320     		movs	r0, #3
 541 0064 38BD     		pop	{r3, r4, r5, pc}
 542              	.L68:
 543 0066 0020     		movs	r0, #0
 544 0068 38BD     		pop	{r3, r4, r5, pc}
 545              	.L71:
 546 006a 00BF     		.align	2
 547              	.L70:
 548 006c 00200240 		.word	1073881088
 550              		.section	.text.HAL_FLASH_Program,"ax",%progbits
 551              		.align	2
 552              		.global	HAL_FLASH_Program
 553              		.thumb
 554              		.thumb_func
 556              	HAL_FLASH_Program:
 557              		@ args = 0, pretend = 0, frame = 0
 558              		@ frame_needed = 0, uses_anonymous_args = 0
 559 0000 2DE9F843 		push	{r3, r4, r5, r6, r7, r8, r9, lr}
 560 0004 244C     		ldr	r4, .L82
 561 0006 247E     		ldrb	r4, [r4, #24]	@ zero_extendqisi2
 562 0008 012C     		cmp	r4, #1
 563 000a 41D0     		beq	.L78
 564 000c 1E46     		mov	r6, r3
 565 000e 9046     		mov	r8, r2
 566 0010 0F46     		mov	r7, r1
 567 0012 0446     		mov	r4, r0
 568 0014 0122     		movs	r2, #1
 569 0016 204B     		ldr	r3, .L82
 570 0018 1A76     		strb	r2, [r3, #24]
 571 001a 4CF25030 		movw	r0, #50000
 572 001e FFF7FEFF 		bl	FLASH_WaitForLastOperation
 573 0022 0346     		mov	r3, r0
 574 0024 70BB     		cbnz	r0, .L74
 575 0026 012C     		cmp	r4, #1
 576 0028 04D0     		beq	.L79
 577 002a 022C     		cmp	r4, #2
 578 002c 05D1     		bne	.L80
 579 002e 4FF00209 		mov	r9, #2
 580 0032 04E0     		b	.L75
 581              	.L79:
 582 0034 4FF00109 		mov	r9, #1
 583 0038 01E0     		b	.L75
 584              	.L80:
 585 003a 4FF00409 		mov	r9, #4
 586              	.L75:
 587 003e 0024     		movs	r4, #0
 588 0040 1EE0     		b	.L76
 589              	.L77:
 590 0042 2101     		lsls	r1, r4, #4
 591 0044 C1F12002 		rsb	r2, r1, #32
 592 0048 A1F12003 		sub	r3, r1, #32
 593 004c 28FA01F1 		lsr	r1, r8, r1
 594 0050 06FA02F2 		lsl	r2, r6, r2
 595 0054 1143     		orrs	r1, r1, r2
 596 0056 26FA03F3 		lsr	r3, r6, r3
 597 005a 1943     		orrs	r1, r1, r3
ARM GAS  /tmp/ccHmiIKc.s 			page 11


 598 005c 07EB4400 		add	r0, r7, r4, lsl #1
 599 0060 89B2     		uxth	r1, r1
 600 0062 FFF7FEFF 		bl	FLASH_Program_HalfWord
 601 0066 4CF25030 		movw	r0, #50000
 602 006a FFF7FEFF 		bl	FLASH_WaitForLastOperation
 603 006e 0B4B     		ldr	r3, .L82+4
 604 0070 1D69     		ldr	r5, [r3, #16]
 605 0072 25F00105 		bic	r5, r5, #1
 606 0076 1D61     		str	r5, [r3, #16]
 607 0078 0346     		mov	r3, r0
 608 007a 18B9     		cbnz	r0, .L74
 609 007c 0134     		adds	r4, r4, #1
 610 007e E4B2     		uxtb	r4, r4
 611              	.L76:
 612 0080 4C45     		cmp	r4, r9
 613 0082 DED3     		bcc	.L77
 614              	.L74:
 615 0084 0021     		movs	r1, #0
 616 0086 044A     		ldr	r2, .L82
 617 0088 1176     		strb	r1, [r2, #24]
 618 008a 1846     		mov	r0, r3
 619 008c BDE8F883 		pop	{r3, r4, r5, r6, r7, r8, r9, pc}
 620              	.L78:
 621 0090 0220     		movs	r0, #2
 622 0092 BDE8F883 		pop	{r3, r4, r5, r6, r7, r8, r9, pc}
 623              	.L83:
 624 0096 00BF     		.align	2
 625              	.L82:
 626 0098 00000000 		.word	pFlash
 627 009c 00200240 		.word	1073881088
 629              		.comm	pFlash,32,8
 630              		.ident	"GCC: (15:4.9.3+svn231177-1) 4.9.3 20150529 (prerelease)"
ARM GAS  /tmp/ccHmiIKc.s 			page 12


DEFINED SYMBOLS
                            *ABS*:0000000000000000 stm32f1xx_hal_flash.c
     /tmp/ccHmiIKc.s:16     .text.FLASH_Program_HalfWord:0000000000000000 $t
     /tmp/ccHmiIKc.s:20     .text.FLASH_Program_HalfWord:0000000000000000 FLASH_Program_HalfWord
     /tmp/ccHmiIKc.s:36     .text.FLASH_Program_HalfWord:0000000000000014 $d
                            *COM*:0000000000000020 pFlash
     /tmp/ccHmiIKc.s:40     .text.FLASH_SetErrorCode:0000000000000000 $t
     /tmp/ccHmiIKc.s:44     .text.FLASH_SetErrorCode:0000000000000000 FLASH_SetErrorCode
     /tmp/ccHmiIKc.s:90     .text.FLASH_SetErrorCode:0000000000000058 $d
     /tmp/ccHmiIKc.s:94     .text.HAL_FLASH_Program_IT:0000000000000000 $t
     /tmp/ccHmiIKc.s:99     .text.HAL_FLASH_Program_IT:0000000000000000 HAL_FLASH_Program_IT
     /tmp/ccHmiIKc.s:152    .text.HAL_FLASH_Program_IT:000000000000005c $d
     /tmp/ccHmiIKc.s:156    .text.HAL_FLASH_EndOfOperationCallback:0000000000000000 $t
     /tmp/ccHmiIKc.s:161    .text.HAL_FLASH_EndOfOperationCallback:0000000000000000 HAL_FLASH_EndOfOperationCallback
     /tmp/ccHmiIKc.s:168    .text.HAL_FLASH_OperationErrorCallback:0000000000000000 $t
     /tmp/ccHmiIKc.s:173    .text.HAL_FLASH_OperationErrorCallback:0000000000000000 HAL_FLASH_OperationErrorCallback
     /tmp/ccHmiIKc.s:180    .text.HAL_FLASH_IRQHandler:0000000000000000 $t
     /tmp/ccHmiIKc.s:185    .text.HAL_FLASH_IRQHandler:0000000000000000 HAL_FLASH_IRQHandler
     /tmp/ccHmiIKc.s:343    .text.HAL_FLASH_IRQHandler:0000000000000154 $d
     /tmp/ccHmiIKc.s:347    .text.HAL_FLASH_Unlock:0000000000000000 $t
     /tmp/ccHmiIKc.s:352    .text.HAL_FLASH_Unlock:0000000000000000 HAL_FLASH_Unlock
     /tmp/ccHmiIKc.s:379    .text.HAL_FLASH_Unlock:000000000000002c $d
     /tmp/ccHmiIKc.s:383    .text.HAL_FLASH_Lock:0000000000000000 $t
     /tmp/ccHmiIKc.s:388    .text.HAL_FLASH_Lock:0000000000000000 HAL_FLASH_Lock
     /tmp/ccHmiIKc.s:401    .text.HAL_FLASH_Lock:0000000000000010 $d
     /tmp/ccHmiIKc.s:404    .text.HAL_FLASH_OB_Unlock:0000000000000000 $t
     /tmp/ccHmiIKc.s:409    .text.HAL_FLASH_OB_Unlock:0000000000000000 HAL_FLASH_OB_Unlock
     /tmp/ccHmiIKc.s:430    .text.HAL_FLASH_OB_Unlock:0000000000000020 $d
     /tmp/ccHmiIKc.s:434    .text.HAL_FLASH_OB_Lock:0000000000000000 $t
     /tmp/ccHmiIKc.s:439    .text.HAL_FLASH_OB_Lock:0000000000000000 HAL_FLASH_OB_Lock
     /tmp/ccHmiIKc.s:452    .text.HAL_FLASH_OB_Lock:0000000000000010 $d
     /tmp/ccHmiIKc.s:455    .text.HAL_FLASH_OB_Launch:0000000000000000 $t
     /tmp/ccHmiIKc.s:460    .text.HAL_FLASH_OB_Launch:0000000000000000 HAL_FLASH_OB_Launch
     /tmp/ccHmiIKc.s:468    .text.HAL_FLASH_GetError:0000000000000000 $t
     /tmp/ccHmiIKc.s:473    .text.HAL_FLASH_GetError:0000000000000000 HAL_FLASH_GetError
     /tmp/ccHmiIKc.s:483    .text.HAL_FLASH_GetError:0000000000000008 $d
     /tmp/ccHmiIKc.s:486    .text.FLASH_WaitForLastOperation:0000000000000000 $t
     /tmp/ccHmiIKc.s:491    .text.FLASH_WaitForLastOperation:0000000000000000 FLASH_WaitForLastOperation
     /tmp/ccHmiIKc.s:548    .text.FLASH_WaitForLastOperation:000000000000006c $d
     /tmp/ccHmiIKc.s:551    .text.HAL_FLASH_Program:0000000000000000 $t
     /tmp/ccHmiIKc.s:556    .text.HAL_FLASH_Program:0000000000000000 HAL_FLASH_Program
     /tmp/ccHmiIKc.s:626    .text.HAL_FLASH_Program:0000000000000098 $d

UNDEFINED SYMBOLS
FLASH_PageErase
HAL_NVIC_SystemReset
HAL_GetTick
