ARM GAS  /tmp/ccwtEA8G.s 			page 1


   1              		.cpu cortex-m3
   2              		.eabi_attribute 20, 1
   3              		.eabi_attribute 21, 1
   4              		.eabi_attribute 23, 3
   5              		.eabi_attribute 24, 1
   6              		.eabi_attribute 25, 1
   7              		.eabi_attribute 26, 1
   8              		.eabi_attribute 30, 1
   9              		.eabi_attribute 34, 1
  10              		.eabi_attribute 18, 4
  11              		.file	"stm32f1xx_hal_gpio_ex.c"
  12              		.section	.text.HAL_GPIOEx_ConfigEventout,"ax",%progbits
  13              		.align	1
  14              		.global	HAL_GPIOEx_ConfigEventout
  15              		.syntax unified
  16              		.thumb
  17              		.thumb_func
  18              		.fpu softvfp
  20              	HAL_GPIOEx_ConfigEventout:
  21              		@ args = 0, pretend = 0, frame = 0
  22              		@ frame_needed = 0, uses_anonymous_args = 0
  23              		@ link register save eliminated.
  24 0000 034A     		ldr	r2, .L2
  25 0002 1368     		ldr	r3, [r2]
  26 0004 23F07F03 		bic	r3, r3, #127
  27 0008 0143     		orrs	r1, r1, r0
  28 000a 0B43     		orrs	r3, r3, r1
  29 000c 1360     		str	r3, [r2]
  30 000e 7047     		bx	lr
  31              	.L3:
  32              		.align	2
  33              	.L2:
  34 0010 00000140 		.word	1073807360
  36              		.section	.text.HAL_GPIOEx_EnableEventout,"ax",%progbits
  37              		.align	1
  38              		.global	HAL_GPIOEx_EnableEventout
  39              		.syntax unified
  40              		.thumb
  41              		.thumb_func
  42              		.fpu softvfp
  44              	HAL_GPIOEx_EnableEventout:
  45              		@ args = 0, pretend = 0, frame = 0
  46              		@ frame_needed = 0, uses_anonymous_args = 0
  47              		@ link register save eliminated.
  48 0000 024A     		ldr	r2, .L5
  49 0002 1368     		ldr	r3, [r2]
  50 0004 43F08003 		orr	r3, r3, #128
  51 0008 1360     		str	r3, [r2]
  52 000a 7047     		bx	lr
  53              	.L6:
  54              		.align	2
  55              	.L5:
  56 000c 00000140 		.word	1073807360
  58              		.section	.text.HAL_GPIOEx_DisableEventout,"ax",%progbits
  59              		.align	1
  60              		.global	HAL_GPIOEx_DisableEventout
  61              		.syntax unified
ARM GAS  /tmp/ccwtEA8G.s 			page 2


  62              		.thumb
  63              		.thumb_func
  64              		.fpu softvfp
  66              	HAL_GPIOEx_DisableEventout:
  67              		@ args = 0, pretend = 0, frame = 0
  68              		@ frame_needed = 0, uses_anonymous_args = 0
  69              		@ link register save eliminated.
  70 0000 024A     		ldr	r2, .L8
  71 0002 1368     		ldr	r3, [r2]
  72 0004 23F08003 		bic	r3, r3, #128
  73 0008 1360     		str	r3, [r2]
  74 000a 7047     		bx	lr
  75              	.L9:
  76              		.align	2
  77              	.L8:
  78 000c 00000140 		.word	1073807360
  80              		.ident	"GCC: (15:6.3.1+svn253039-1build1) 6.3.1 20170620"
ARM GAS  /tmp/ccwtEA8G.s 			page 3


DEFINED SYMBOLS
                            *ABS*:0000000000000000 stm32f1xx_hal_gpio_ex.c
     /tmp/ccwtEA8G.s:13     .text.HAL_GPIOEx_ConfigEventout:0000000000000000 $t
     /tmp/ccwtEA8G.s:20     .text.HAL_GPIOEx_ConfigEventout:0000000000000000 HAL_GPIOEx_ConfigEventout
     /tmp/ccwtEA8G.s:34     .text.HAL_GPIOEx_ConfigEventout:0000000000000010 $d
     /tmp/ccwtEA8G.s:37     .text.HAL_GPIOEx_EnableEventout:0000000000000000 $t
     /tmp/ccwtEA8G.s:44     .text.HAL_GPIOEx_EnableEventout:0000000000000000 HAL_GPIOEx_EnableEventout
     /tmp/ccwtEA8G.s:56     .text.HAL_GPIOEx_EnableEventout:000000000000000c $d
     /tmp/ccwtEA8G.s:59     .text.HAL_GPIOEx_DisableEventout:0000000000000000 $t
     /tmp/ccwtEA8G.s:66     .text.HAL_GPIOEx_DisableEventout:0000000000000000 HAL_GPIOEx_DisableEventout
     /tmp/ccwtEA8G.s:78     .text.HAL_GPIOEx_DisableEventout:000000000000000c $d

NO UNDEFINED SYMBOLS
