ARM GAS  /tmp/cc5BnZQx.s 			page 1


   1              		.syntax unified
   2              		.cpu cortex-m3
   3              		.fpu softvfp
   4              		.eabi_attribute 20, 1
   5              		.eabi_attribute 21, 1
   6              		.eabi_attribute 23, 3
   7              		.eabi_attribute 24, 1
   8              		.eabi_attribute 25, 1
   9              		.eabi_attribute 26, 1
  10              		.eabi_attribute 30, 1
  11              		.eabi_attribute 34, 1
  12              		.eabi_attribute 18, 4
  13              		.thumb
  14              		.file	"stm32f1xx_hal_uart.c"
  15              		.section	.text.UART_EndTxTransfer,"ax",%progbits
  16              		.align	2
  17              		.thumb
  18              		.thumb_func
  20              	UART_EndTxTransfer:
  21              		@ args = 0, pretend = 0, frame = 0
  22              		@ frame_needed = 0, uses_anonymous_args = 0
  23              		@ link register save eliminated.
  24 0000 0268     		ldr	r2, [r0]
  25 0002 D368     		ldr	r3, [r2, #12]
  26 0004 23F0C003 		bic	r3, r3, #192
  27 0008 D360     		str	r3, [r2, #12]
  28 000a 2023     		movs	r3, #32
  29 000c 80F83930 		strb	r3, [r0, #57]
  30 0010 7047     		bx	lr
  32 0012 00BF     		.section	.text.UART_EndRxTransfer,"ax",%progbits
  33              		.align	2
  34              		.thumb
  35              		.thumb_func
  37              	UART_EndRxTransfer:
  38              		@ args = 0, pretend = 0, frame = 0
  39              		@ frame_needed = 0, uses_anonymous_args = 0
  40              		@ link register save eliminated.
  41 0000 0268     		ldr	r2, [r0]
  42 0002 D368     		ldr	r3, [r2, #12]
  43 0004 23F49073 		bic	r3, r3, #288
  44 0008 D360     		str	r3, [r2, #12]
  45 000a 0268     		ldr	r2, [r0]
  46 000c 5369     		ldr	r3, [r2, #20]
  47 000e 23F00103 		bic	r3, r3, #1
  48 0012 5361     		str	r3, [r2, #20]
  49 0014 2023     		movs	r3, #32
  50 0016 80F83A30 		strb	r3, [r0, #58]
  51 001a 7047     		bx	lr
  53              		.section	.text.UART_Transmit_IT,"ax",%progbits
  54              		.align	2
  55              		.thumb
  56              		.thumb_func
  58              	UART_Transmit_IT:
  59              		@ args = 0, pretend = 0, frame = 0
  60              		@ frame_needed = 0, uses_anonymous_args = 0
  61              		@ link register save eliminated.
  62 0000 90F83930 		ldrb	r3, [r0, #57]	@ zero_extendqisi2
ARM GAS  /tmp/cc5BnZQx.s 			page 2


  63 0004 DBB2     		uxtb	r3, r3
  64 0006 212B     		cmp	r3, #33
  65 0008 2AD1     		bne	.L8
  66 000a 8368     		ldr	r3, [r0, #8]
  67 000c B3F5805F 		cmp	r3, #4096
  68 0010 0FD1     		bne	.L5
  69 0012 036A     		ldr	r3, [r0, #32]
  70 0014 0268     		ldr	r2, [r0]
  71 0016 1B88     		ldrh	r3, [r3]
  72 0018 C3F30803 		ubfx	r3, r3, #0, #9
  73 001c 5360     		str	r3, [r2, #4]
  74 001e 0369     		ldr	r3, [r0, #16]
  75 0020 1BB9     		cbnz	r3, .L6
  76 0022 036A     		ldr	r3, [r0, #32]
  77 0024 0233     		adds	r3, r3, #2
  78 0026 0362     		str	r3, [r0, #32]
  79 0028 09E0     		b	.L7
  80              	.L6:
  81 002a 036A     		ldr	r3, [r0, #32]
  82 002c 0133     		adds	r3, r3, #1
  83 002e 0362     		str	r3, [r0, #32]
  84 0030 05E0     		b	.L7
  85              	.L5:
  86 0032 0268     		ldr	r2, [r0]
  87 0034 036A     		ldr	r3, [r0, #32]
  88 0036 591C     		adds	r1, r3, #1
  89 0038 0162     		str	r1, [r0, #32]
  90 003a 1B78     		ldrb	r3, [r3]	@ zero_extendqisi2
  91 003c 5360     		str	r3, [r2, #4]
  92              	.L7:
  93 003e C38C     		ldrh	r3, [r0, #38]
  94 0040 013B     		subs	r3, r3, #1
  95 0042 9BB2     		uxth	r3, r3
  96 0044 C384     		strh	r3, [r0, #38]	@ movhi
  97 0046 6BB9     		cbnz	r3, .L9
  98 0048 0268     		ldr	r2, [r0]
  99 004a D368     		ldr	r3, [r2, #12]
 100 004c 23F08003 		bic	r3, r3, #128
 101 0050 D360     		str	r3, [r2, #12]
 102 0052 0268     		ldr	r2, [r0]
 103 0054 D368     		ldr	r3, [r2, #12]
 104 0056 43F04003 		orr	r3, r3, #64
 105 005a D360     		str	r3, [r2, #12]
 106 005c 0020     		movs	r0, #0
 107 005e 7047     		bx	lr
 108              	.L8:
 109 0060 0220     		movs	r0, #2
 110 0062 7047     		bx	lr
 111              	.L9:
 112 0064 0020     		movs	r0, #0
 113 0066 7047     		bx	lr
 115              		.section	.text.UART_SetConfig,"ax",%progbits
 116              		.align	2
 117              		.thumb
 118              		.thumb_func
 120              	UART_SetConfig:
 121              		@ args = 0, pretend = 0, frame = 0
ARM GAS  /tmp/cc5BnZQx.s 			page 3


 122              		@ frame_needed = 0, uses_anonymous_args = 0
 123 0000 10B5     		push	{r4, lr}
 124 0002 0446     		mov	r4, r0
 125 0004 0168     		ldr	r1, [r0]
 126 0006 0B69     		ldr	r3, [r1, #16]
 127 0008 23F44052 		bic	r2, r3, #12288
 128 000c C368     		ldr	r3, [r0, #12]
 129 000e 1343     		orrs	r3, r3, r2
 130 0010 0B61     		str	r3, [r1, #16]
 131 0012 8268     		ldr	r2, [r0, #8]
 132 0014 0369     		ldr	r3, [r0, #16]
 133 0016 1A43     		orrs	r2, r2, r3
 134 0018 4369     		ldr	r3, [r0, #20]
 135 001a 1343     		orrs	r3, r3, r2
 136 001c 0168     		ldr	r1, [r0]
 137 001e CA68     		ldr	r2, [r1, #12]
 138 0020 22F4B052 		bic	r2, r2, #5632
 139 0024 22F00C02 		bic	r2, r2, #12
 140 0028 1343     		orrs	r3, r3, r2
 141 002a CB60     		str	r3, [r1, #12]
 142 002c 0168     		ldr	r1, [r0]
 143 002e 4B69     		ldr	r3, [r1, #20]
 144 0030 23F44072 		bic	r2, r3, #768
 145 0034 8369     		ldr	r3, [r0, #24]
 146 0036 1343     		orrs	r3, r3, r2
 147 0038 4B61     		str	r3, [r1, #20]
 148 003a 0268     		ldr	r2, [r0]
 149 003c 214B     		ldr	r3, .L14
 150 003e 9A42     		cmp	r2, r3
 151 0040 1FD1     		bne	.L11
 152 0042 FFF7FEFF 		bl	HAL_RCC_GetPCLK2Freq
 153 0046 2168     		ldr	r1, [r4]
 154 0048 00EB8000 		add	r0, r0, r0, lsl #2
 155 004c 00EB8000 		add	r0, r0, r0, lsl #2
 156 0050 6368     		ldr	r3, [r4, #4]
 157 0052 9B00     		lsls	r3, r3, #2
 158 0054 B0FBF3F0 		udiv	r0, r0, r3
 159 0058 1B4B     		ldr	r3, .L14+4
 160 005a A3FB0024 		umull	r2, r4, r3, r0
 161 005e 6409     		lsrs	r4, r4, #5
 162 0060 6422     		movs	r2, #100
 163 0062 02FB1402 		mls	r2, r2, r4, r0
 164 0066 1201     		lsls	r2, r2, #4
 165 0068 3232     		adds	r2, r2, #50
 166 006a A3FB0223 		umull	r2, r3, r3, r2
 167 006e 5B09     		lsrs	r3, r3, #5
 168 0070 03F0F002 		and	r2, r3, #240
 169 0074 02EB0414 		add	r4, r2, r4, lsl #4
 170 0078 03F00F03 		and	r3, r3, #15
 171 007c 2344     		add	r3, r3, r4
 172 007e 8B60     		str	r3, [r1, #8]
 173 0080 10BD     		pop	{r4, pc}
 174              	.L11:
 175 0082 FFF7FEFF 		bl	HAL_RCC_GetPCLK1Freq
 176 0086 2168     		ldr	r1, [r4]
 177 0088 00EB8000 		add	r0, r0, r0, lsl #2
 178 008c 00EB8000 		add	r0, r0, r0, lsl #2
ARM GAS  /tmp/cc5BnZQx.s 			page 4


 179 0090 6368     		ldr	r3, [r4, #4]
 180 0092 9B00     		lsls	r3, r3, #2
 181 0094 B0FBF3F0 		udiv	r0, r0, r3
 182 0098 0B4B     		ldr	r3, .L14+4
 183 009a A3FB0024 		umull	r2, r4, r3, r0
 184 009e 6409     		lsrs	r4, r4, #5
 185 00a0 6422     		movs	r2, #100
 186 00a2 02FB1402 		mls	r2, r2, r4, r0
 187 00a6 1201     		lsls	r2, r2, #4
 188 00a8 3232     		adds	r2, r2, #50
 189 00aa A3FB0223 		umull	r2, r3, r3, r2
 190 00ae 5B09     		lsrs	r3, r3, #5
 191 00b0 03F0F002 		and	r2, r3, #240
 192 00b4 02EB0414 		add	r4, r2, r4, lsl #4
 193 00b8 03F00F03 		and	r3, r3, #15
 194 00bc 2344     		add	r3, r3, r4
 195 00be 8B60     		str	r3, [r1, #8]
 196 00c0 10BD     		pop	{r4, pc}
 197              	.L15:
 198 00c2 00BF     		.align	2
 199              	.L14:
 200 00c4 00380140 		.word	1073821696
 201 00c8 1F85EB51 		.word	1374389535
 203              		.section	.text.UART_WaitOnFlagUntilTimeout,"ax",%progbits
 204              		.align	2
 205              		.thumb
 206              		.thumb_func
 208              	UART_WaitOnFlagUntilTimeout:
 209              		@ args = 4, pretend = 0, frame = 0
 210              		@ frame_needed = 0, uses_anonymous_args = 0
 211 0000 2DE9F041 		push	{r4, r5, r6, r7, r8, lr}
 212 0004 0646     		mov	r6, r0
 213 0006 0C46     		mov	r4, r1
 214 0008 1746     		mov	r7, r2
 215 000a 9846     		mov	r8, r3
 216 000c 069D     		ldr	r5, [sp, #24]
 217 000e 1EE0     		b	.L18
 218              	.L21:
 219 0010 B5F1FF3F 		cmp	r5, #-1
 220 0014 1BD0     		beq	.L18
 221 0016 2DB1     		cbz	r5, .L19
 222 0018 FFF7FEFF 		bl	HAL_GetTick
 223 001c C8EB0000 		rsb	r0, r8, r0
 224 0020 A842     		cmp	r0, r5
 225 0022 14D9     		bls	.L18
 226              	.L19:
 227 0024 3268     		ldr	r2, [r6]
 228 0026 D368     		ldr	r3, [r2, #12]
 229 0028 23F4D073 		bic	r3, r3, #416
 230 002c D360     		str	r3, [r2, #12]
 231 002e 3268     		ldr	r2, [r6]
 232 0030 5369     		ldr	r3, [r2, #20]
 233 0032 23F00103 		bic	r3, r3, #1
 234 0036 5361     		str	r3, [r2, #20]
 235 0038 2023     		movs	r3, #32
 236 003a 86F83930 		strb	r3, [r6, #57]
 237 003e 86F83A30 		strb	r3, [r6, #58]
ARM GAS  /tmp/cc5BnZQx.s 			page 5


 238 0042 0023     		movs	r3, #0
 239 0044 86F83830 		strb	r3, [r6, #56]
 240 0048 0320     		movs	r0, #3
 241 004a BDE8F081 		pop	{r4, r5, r6, r7, r8, pc}
 242              	.L18:
 243 004e 3368     		ldr	r3, [r6]
 244 0050 1B68     		ldr	r3, [r3]
 245 0052 2340     		ands	r3, r3, r4
 246 0054 A342     		cmp	r3, r4
 247 0056 14BF     		ite	ne
 248 0058 0023     		movne	r3, #0
 249 005a 0123     		moveq	r3, #1
 250 005c BB42     		cmp	r3, r7
 251 005e D7D0     		beq	.L21
 252 0060 0020     		movs	r0, #0
 253 0062 BDE8F081 		pop	{r4, r5, r6, r7, r8, pc}
 255 0066 00BF     		.section	.text.HAL_UART_MspInit,"ax",%progbits
 256              		.align	2
 257              		.weak	HAL_UART_MspInit
 258              		.thumb
 259              		.thumb_func
 261              	HAL_UART_MspInit:
 262              		@ args = 0, pretend = 0, frame = 0
 263              		@ frame_needed = 0, uses_anonymous_args = 0
 264              		@ link register save eliminated.
 265 0000 7047     		bx	lr
 267 0002 00BF     		.section	.text.HAL_UART_Init,"ax",%progbits
 268              		.align	2
 269              		.global	HAL_UART_Init
 270              		.thumb
 271              		.thumb_func
 273              	HAL_UART_Init:
 274              		@ args = 0, pretend = 0, frame = 0
 275              		@ frame_needed = 0, uses_anonymous_args = 0
 276 0000 68B3     		cbz	r0, .L27
 277 0002 10B5     		push	{r4, lr}
 278 0004 0446     		mov	r4, r0
 279 0006 90F83930 		ldrb	r3, [r0, #57]	@ zero_extendqisi2
 280 000a 13F0FF0F 		tst	r3, #255
 281 000e 04D1     		bne	.L26
 282 0010 0023     		movs	r3, #0
 283 0012 80F83830 		strb	r3, [r0, #56]
 284 0016 FFF7FEFF 		bl	HAL_UART_MspInit
 285              	.L26:
 286 001a 2423     		movs	r3, #36
 287 001c 84F83930 		strb	r3, [r4, #57]
 288 0020 2268     		ldr	r2, [r4]
 289 0022 D368     		ldr	r3, [r2, #12]
 290 0024 23F40053 		bic	r3, r3, #8192
 291 0028 D360     		str	r3, [r2, #12]
 292 002a 2046     		mov	r0, r4
 293 002c FFF7FEFF 		bl	UART_SetConfig
 294 0030 2268     		ldr	r2, [r4]
 295 0032 1369     		ldr	r3, [r2, #16]
 296 0034 23F49043 		bic	r3, r3, #18432
 297 0038 1361     		str	r3, [r2, #16]
 298 003a 2268     		ldr	r2, [r4]
ARM GAS  /tmp/cc5BnZQx.s 			page 6


 299 003c 5369     		ldr	r3, [r2, #20]
 300 003e 23F02A03 		bic	r3, r3, #42
 301 0042 5361     		str	r3, [r2, #20]
 302 0044 2268     		ldr	r2, [r4]
 303 0046 D368     		ldr	r3, [r2, #12]
 304 0048 43F40053 		orr	r3, r3, #8192
 305 004c D360     		str	r3, [r2, #12]
 306 004e 0020     		movs	r0, #0
 307 0050 E063     		str	r0, [r4, #60]
 308 0052 2023     		movs	r3, #32
 309 0054 84F83930 		strb	r3, [r4, #57]
 310 0058 84F83A30 		strb	r3, [r4, #58]
 311 005c 10BD     		pop	{r4, pc}
 312              	.L27:
 313 005e 0120     		movs	r0, #1
 314 0060 7047     		bx	lr
 316 0062 00BF     		.section	.text.HAL_HalfDuplex_Init,"ax",%progbits
 317              		.align	2
 318              		.global	HAL_HalfDuplex_Init
 319              		.thumb
 320              		.thumb_func
 322              	HAL_HalfDuplex_Init:
 323              		@ args = 0, pretend = 0, frame = 0
 324              		@ frame_needed = 0, uses_anonymous_args = 0
 325 0000 0028     		cmp	r0, #0
 326 0002 32D0     		beq	.L33
 327 0004 10B5     		push	{r4, lr}
 328 0006 0446     		mov	r4, r0
 329 0008 90F83930 		ldrb	r3, [r0, #57]	@ zero_extendqisi2
 330 000c 13F0FF0F 		tst	r3, #255
 331 0010 04D1     		bne	.L32
 332 0012 0023     		movs	r3, #0
 333 0014 80F83830 		strb	r3, [r0, #56]
 334 0018 FFF7FEFF 		bl	HAL_UART_MspInit
 335              	.L32:
 336 001c 2423     		movs	r3, #36
 337 001e 84F83930 		strb	r3, [r4, #57]
 338 0022 2268     		ldr	r2, [r4]
 339 0024 D368     		ldr	r3, [r2, #12]
 340 0026 23F40053 		bic	r3, r3, #8192
 341 002a D360     		str	r3, [r2, #12]
 342 002c 2046     		mov	r0, r4
 343 002e FFF7FEFF 		bl	UART_SetConfig
 344 0032 2268     		ldr	r2, [r4]
 345 0034 1369     		ldr	r3, [r2, #16]
 346 0036 23F49043 		bic	r3, r3, #18432
 347 003a 1361     		str	r3, [r2, #16]
 348 003c 2268     		ldr	r2, [r4]
 349 003e 5369     		ldr	r3, [r2, #20]
 350 0040 23F02203 		bic	r3, r3, #34
 351 0044 5361     		str	r3, [r2, #20]
 352 0046 2268     		ldr	r2, [r4]
 353 0048 5369     		ldr	r3, [r2, #20]
 354 004a 43F00803 		orr	r3, r3, #8
 355 004e 5361     		str	r3, [r2, #20]
 356 0050 2268     		ldr	r2, [r4]
 357 0052 D368     		ldr	r3, [r2, #12]
ARM GAS  /tmp/cc5BnZQx.s 			page 7


 358 0054 43F40053 		orr	r3, r3, #8192
 359 0058 D360     		str	r3, [r2, #12]
 360 005a 0020     		movs	r0, #0
 361 005c E063     		str	r0, [r4, #60]
 362 005e 2023     		movs	r3, #32
 363 0060 84F83930 		strb	r3, [r4, #57]
 364 0064 84F83A30 		strb	r3, [r4, #58]
 365 0068 10BD     		pop	{r4, pc}
 366              	.L33:
 367 006a 0120     		movs	r0, #1
 368 006c 7047     		bx	lr
 370 006e 00BF     		.section	.text.HAL_LIN_Init,"ax",%progbits
 371              		.align	2
 372              		.global	HAL_LIN_Init
 373              		.thumb
 374              		.thumb_func
 376              	HAL_LIN_Init:
 377              		@ args = 0, pretend = 0, frame = 0
 378              		@ frame_needed = 0, uses_anonymous_args = 0
 379 0000 0028     		cmp	r0, #0
 380 0002 3CD0     		beq	.L39
 381 0004 38B5     		push	{r3, r4, r5, lr}
 382 0006 0446     		mov	r4, r0
 383 0008 0D46     		mov	r5, r1
 384 000a 90F83930 		ldrb	r3, [r0, #57]	@ zero_extendqisi2
 385 000e 13F0FF0F 		tst	r3, #255
 386 0012 04D1     		bne	.L38
 387 0014 0023     		movs	r3, #0
 388 0016 80F83830 		strb	r3, [r0, #56]
 389 001a FFF7FEFF 		bl	HAL_UART_MspInit
 390              	.L38:
 391 001e 2423     		movs	r3, #36
 392 0020 84F83930 		strb	r3, [r4, #57]
 393 0024 2268     		ldr	r2, [r4]
 394 0026 D368     		ldr	r3, [r2, #12]
 395 0028 23F40053 		bic	r3, r3, #8192
 396 002c D360     		str	r3, [r2, #12]
 397 002e 2046     		mov	r0, r4
 398 0030 FFF7FEFF 		bl	UART_SetConfig
 399 0034 2268     		ldr	r2, [r4]
 400 0036 1369     		ldr	r3, [r2, #16]
 401 0038 23F40063 		bic	r3, r3, #2048
 402 003c 1361     		str	r3, [r2, #16]
 403 003e 2268     		ldr	r2, [r4]
 404 0040 5369     		ldr	r3, [r2, #20]
 405 0042 23F02A03 		bic	r3, r3, #42
 406 0046 5361     		str	r3, [r2, #20]
 407 0048 2268     		ldr	r2, [r4]
 408 004a 1369     		ldr	r3, [r2, #16]
 409 004c 43F48043 		orr	r3, r3, #16384
 410 0050 1361     		str	r3, [r2, #16]
 411 0052 2268     		ldr	r2, [r4]
 412 0054 1369     		ldr	r3, [r2, #16]
 413 0056 23F02003 		bic	r3, r3, #32
 414 005a 1361     		str	r3, [r2, #16]
 415 005c 2368     		ldr	r3, [r4]
 416 005e 1969     		ldr	r1, [r3, #16]
ARM GAS  /tmp/cc5BnZQx.s 			page 8


 417 0060 0D43     		orrs	r5, r5, r1
 418 0062 1D61     		str	r5, [r3, #16]
 419 0064 2268     		ldr	r2, [r4]
 420 0066 D368     		ldr	r3, [r2, #12]
 421 0068 43F40053 		orr	r3, r3, #8192
 422 006c D360     		str	r3, [r2, #12]
 423 006e 0020     		movs	r0, #0
 424 0070 E063     		str	r0, [r4, #60]
 425 0072 2023     		movs	r3, #32
 426 0074 84F83930 		strb	r3, [r4, #57]
 427 0078 84F83A30 		strb	r3, [r4, #58]
 428 007c 38BD     		pop	{r3, r4, r5, pc}
 429              	.L39:
 430 007e 0120     		movs	r0, #1
 431 0080 7047     		bx	lr
 433 0082 00BF     		.section	.text.HAL_MultiProcessor_Init,"ax",%progbits
 434              		.align	2
 435              		.global	HAL_MultiProcessor_Init
 436              		.thumb
 437              		.thumb_func
 439              	HAL_MultiProcessor_Init:
 440              		@ args = 0, pretend = 0, frame = 0
 441              		@ frame_needed = 0, uses_anonymous_args = 0
 442 0000 0028     		cmp	r0, #0
 443 0002 41D0     		beq	.L45
 444 0004 70B5     		push	{r4, r5, r6, lr}
 445 0006 0446     		mov	r4, r0
 446 0008 1546     		mov	r5, r2
 447 000a 0E46     		mov	r6, r1
 448 000c 90F83930 		ldrb	r3, [r0, #57]	@ zero_extendqisi2
 449 0010 13F0FF0F 		tst	r3, #255
 450 0014 04D1     		bne	.L44
 451 0016 0023     		movs	r3, #0
 452 0018 80F83830 		strb	r3, [r0, #56]
 453 001c FFF7FEFF 		bl	HAL_UART_MspInit
 454              	.L44:
 455 0020 2423     		movs	r3, #36
 456 0022 84F83930 		strb	r3, [r4, #57]
 457 0026 2268     		ldr	r2, [r4]
 458 0028 D368     		ldr	r3, [r2, #12]
 459 002a 23F40053 		bic	r3, r3, #8192
 460 002e D360     		str	r3, [r2, #12]
 461 0030 2046     		mov	r0, r4
 462 0032 FFF7FEFF 		bl	UART_SetConfig
 463 0036 2268     		ldr	r2, [r4]
 464 0038 1369     		ldr	r3, [r2, #16]
 465 003a 23F49043 		bic	r3, r3, #18432
 466 003e 1361     		str	r3, [r2, #16]
 467 0040 2268     		ldr	r2, [r4]
 468 0042 5369     		ldr	r3, [r2, #20]
 469 0044 23F02A03 		bic	r3, r3, #42
 470 0048 5361     		str	r3, [r2, #20]
 471 004a 2268     		ldr	r2, [r4]
 472 004c 1369     		ldr	r3, [r2, #16]
 473 004e 23F00F03 		bic	r3, r3, #15
 474 0052 1361     		str	r3, [r2, #16]
 475 0054 2368     		ldr	r3, [r4]
ARM GAS  /tmp/cc5BnZQx.s 			page 9


 476 0056 1969     		ldr	r1, [r3, #16]
 477 0058 0E43     		orrs	r6, r6, r1
 478 005a 1E61     		str	r6, [r3, #16]
 479 005c 2268     		ldr	r2, [r4]
 480 005e D368     		ldr	r3, [r2, #12]
 481 0060 23F40063 		bic	r3, r3, #2048
 482 0064 D360     		str	r3, [r2, #12]
 483 0066 2368     		ldr	r3, [r4]
 484 0068 DA68     		ldr	r2, [r3, #12]
 485 006a 1543     		orrs	r5, r5, r2
 486 006c DD60     		str	r5, [r3, #12]
 487 006e 2268     		ldr	r2, [r4]
 488 0070 D368     		ldr	r3, [r2, #12]
 489 0072 43F40053 		orr	r3, r3, #8192
 490 0076 D360     		str	r3, [r2, #12]
 491 0078 0020     		movs	r0, #0
 492 007a E063     		str	r0, [r4, #60]
 493 007c 2023     		movs	r3, #32
 494 007e 84F83930 		strb	r3, [r4, #57]
 495 0082 84F83A30 		strb	r3, [r4, #58]
 496 0086 70BD     		pop	{r4, r5, r6, pc}
 497              	.L45:
 498 0088 0120     		movs	r0, #1
 499 008a 7047     		bx	lr
 501              		.section	.text.HAL_UART_MspDeInit,"ax",%progbits
 502              		.align	2
 503              		.weak	HAL_UART_MspDeInit
 504              		.thumb
 505              		.thumb_func
 507              	HAL_UART_MspDeInit:
 508              		@ args = 0, pretend = 0, frame = 0
 509              		@ frame_needed = 0, uses_anonymous_args = 0
 510              		@ link register save eliminated.
 511 0000 7047     		bx	lr
 513 0002 00BF     		.section	.text.HAL_UART_DeInit,"ax",%progbits
 514              		.align	2
 515              		.global	HAL_UART_DeInit
 516              		.thumb
 517              		.thumb_func
 519              	HAL_UART_DeInit:
 520              		@ args = 0, pretend = 0, frame = 0
 521              		@ frame_needed = 0, uses_anonymous_args = 0
 522 0000 A0B1     		cbz	r0, .L51
 523 0002 10B5     		push	{r4, lr}
 524 0004 0446     		mov	r4, r0
 525 0006 2423     		movs	r3, #36
 526 0008 80F83930 		strb	r3, [r0, #57]
 527 000c 0268     		ldr	r2, [r0]
 528 000e D368     		ldr	r3, [r2, #12]
 529 0010 23F40053 		bic	r3, r3, #8192
 530 0014 D360     		str	r3, [r2, #12]
 531 0016 FFF7FEFF 		bl	HAL_UART_MspDeInit
 532 001a 0020     		movs	r0, #0
 533 001c E063     		str	r0, [r4, #60]
 534 001e 84F83900 		strb	r0, [r4, #57]
 535 0022 84F83A00 		strb	r0, [r4, #58]
 536 0026 84F83800 		strb	r0, [r4, #56]
ARM GAS  /tmp/cc5BnZQx.s 			page 10


 537 002a 10BD     		pop	{r4, pc}
 538              	.L51:
 539 002c 0120     		movs	r0, #1
 540 002e 7047     		bx	lr
 542              		.section	.text.HAL_UART_Transmit,"ax",%progbits
 543              		.align	2
 544              		.global	HAL_UART_Transmit
 545              		.thumb
 546              		.thumb_func
 548              	HAL_UART_Transmit:
 549              		@ args = 0, pretend = 0, frame = 0
 550              		@ frame_needed = 0, uses_anonymous_args = 0
 551 0000 2DE9F041 		push	{r4, r5, r6, r7, r8, lr}
 552 0004 82B0     		sub	sp, sp, #8
 553 0006 0446     		mov	r4, r0
 554 0008 1E46     		mov	r6, r3
 555 000a 90F83930 		ldrb	r3, [r0, #57]	@ zero_extendqisi2
 556 000e DBB2     		uxtb	r3, r3
 557 0010 202B     		cmp	r3, #32
 558 0012 54D1     		bne	.L61
 559 0014 0D46     		mov	r5, r1
 560 0016 9046     		mov	r8, r2
 561 0018 0029     		cmp	r1, #0
 562 001a 52D0     		beq	.L62
 563 001c 002A     		cmp	r2, #0
 564 001e 52D0     		beq	.L63
 565 0020 90F83830 		ldrb	r3, [r0, #56]	@ zero_extendqisi2
 566 0024 012B     		cmp	r3, #1
 567 0026 50D0     		beq	.L64
 568 0028 0123     		movs	r3, #1
 569 002a 80F83830 		strb	r3, [r0, #56]
 570 002e 0023     		movs	r3, #0
 571 0030 C363     		str	r3, [r0, #60]
 572 0032 2123     		movs	r3, #33
 573 0034 80F83930 		strb	r3, [r0, #57]
 574 0038 FFF7FEFF 		bl	HAL_GetTick
 575 003c 0746     		mov	r7, r0
 576 003e A4F82480 		strh	r8, [r4, #36]	@ movhi
 577 0042 A4F82680 		strh	r8, [r4, #38]	@ movhi
 578 0046 26E0     		b	.L56
 579              	.L60:
 580 0048 E38C     		ldrh	r3, [r4, #38]
 581 004a 013B     		subs	r3, r3, #1
 582 004c 9BB2     		uxth	r3, r3
 583 004e E384     		strh	r3, [r4, #38]	@ movhi
 584 0050 A368     		ldr	r3, [r4, #8]
 585 0052 B3F5805F 		cmp	r3, #4096
 586 0056 12D1     		bne	.L57
 587 0058 0096     		str	r6, [sp]
 588 005a 2046     		mov	r0, r4
 589 005c 8021     		movs	r1, #128
 590 005e 0022     		movs	r2, #0
 591 0060 3B46     		mov	r3, r7
 592 0062 FFF7FEFF 		bl	UART_WaitOnFlagUntilTimeout
 593 0066 90BB     		cbnz	r0, .L65
 594 0068 2268     		ldr	r2, [r4]
 595 006a 2B88     		ldrh	r3, [r5]
ARM GAS  /tmp/cc5BnZQx.s 			page 11


 596 006c C3F30803 		ubfx	r3, r3, #0, #9
 597 0070 5360     		str	r3, [r2, #4]
 598 0072 2369     		ldr	r3, [r4, #16]
 599 0074 0BB9     		cbnz	r3, .L58
 600 0076 0235     		adds	r5, r5, #2
 601 0078 0DE0     		b	.L56
 602              	.L58:
 603 007a 0135     		adds	r5, r5, #1
 604 007c 0BE0     		b	.L56
 605              	.L57:
 606 007e 0096     		str	r6, [sp]
 607 0080 2046     		mov	r0, r4
 608 0082 8021     		movs	r1, #128
 609 0084 0022     		movs	r2, #0
 610 0086 3B46     		mov	r3, r7
 611 0088 FFF7FEFF 		bl	UART_WaitOnFlagUntilTimeout
 612 008c 08BB     		cbnz	r0, .L66
 613 008e 2368     		ldr	r3, [r4]
 614 0090 2A78     		ldrb	r2, [r5]	@ zero_extendqisi2
 615 0092 5A60     		str	r2, [r3, #4]
 616 0094 0135     		adds	r5, r5, #1
 617              	.L56:
 618 0096 E38C     		ldrh	r3, [r4, #38]
 619 0098 9BB2     		uxth	r3, r3
 620 009a 002B     		cmp	r3, #0
 621 009c D4D1     		bne	.L60
 622 009e 0096     		str	r6, [sp]
 623 00a0 2046     		mov	r0, r4
 624 00a2 4021     		movs	r1, #64
 625 00a4 0022     		movs	r2, #0
 626 00a6 3B46     		mov	r3, r7
 627 00a8 FFF7FEFF 		bl	UART_WaitOnFlagUntilTimeout
 628 00ac 0346     		mov	r3, r0
 629 00ae 90B9     		cbnz	r0, .L67
 630 00b0 2022     		movs	r2, #32
 631 00b2 84F83920 		strb	r2, [r4, #57]
 632 00b6 0022     		movs	r2, #0
 633 00b8 84F83820 		strb	r2, [r4, #56]
 634 00bc 0CE0     		b	.L55
 635              	.L61:
 636 00be 0223     		movs	r3, #2
 637 00c0 0AE0     		b	.L55
 638              	.L62:
 639 00c2 0123     		movs	r3, #1
 640 00c4 08E0     		b	.L55
 641              	.L63:
 642 00c6 0123     		movs	r3, #1
 643 00c8 06E0     		b	.L55
 644              	.L64:
 645 00ca 0223     		movs	r3, #2
 646 00cc 04E0     		b	.L55
 647              	.L65:
 648 00ce 0323     		movs	r3, #3
 649 00d0 02E0     		b	.L55
 650              	.L66:
 651 00d2 0323     		movs	r3, #3
 652 00d4 00E0     		b	.L55
ARM GAS  /tmp/cc5BnZQx.s 			page 12


 653              	.L67:
 654 00d6 0323     		movs	r3, #3
 655              	.L55:
 656 00d8 1846     		mov	r0, r3
 657 00da 02B0     		add	sp, sp, #8
 658              		@ sp needed
 659 00dc BDE8F081 		pop	{r4, r5, r6, r7, r8, pc}
 661              		.section	.text.HAL_UART_Receive,"ax",%progbits
 662              		.align	2
 663              		.global	HAL_UART_Receive
 664              		.thumb
 665              		.thumb_func
 667              	HAL_UART_Receive:
 668              		@ args = 0, pretend = 0, frame = 0
 669              		@ frame_needed = 0, uses_anonymous_args = 0
 670 0000 2DE9F041 		push	{r4, r5, r6, r7, r8, lr}
 671 0004 82B0     		sub	sp, sp, #8
 672 0006 0446     		mov	r4, r0
 673 0008 1E46     		mov	r6, r3
 674 000a 90F83A30 		ldrb	r3, [r0, #58]	@ zero_extendqisi2
 675 000e DBB2     		uxtb	r3, r3
 676 0010 202B     		cmp	r3, #32
 677 0012 59D1     		bne	.L77
 678 0014 0D46     		mov	r5, r1
 679 0016 9046     		mov	r8, r2
 680 0018 0029     		cmp	r1, #0
 681 001a 57D0     		beq	.L78
 682 001c 002A     		cmp	r2, #0
 683 001e 57D0     		beq	.L79
 684 0020 90F83830 		ldrb	r3, [r0, #56]	@ zero_extendqisi2
 685 0024 012B     		cmp	r3, #1
 686 0026 55D0     		beq	.L80
 687 0028 0123     		movs	r3, #1
 688 002a 80F83830 		strb	r3, [r0, #56]
 689 002e 0023     		movs	r3, #0
 690 0030 C363     		str	r3, [r0, #60]
 691 0032 2223     		movs	r3, #34
 692 0034 80F83A30 		strb	r3, [r0, #58]
 693 0038 FFF7FEFF 		bl	HAL_GetTick
 694 003c 0746     		mov	r7, r0
 695 003e A4F82C80 		strh	r8, [r4, #44]	@ movhi
 696 0042 A4F82E80 		strh	r8, [r4, #46]	@ movhi
 697 0046 34E0     		b	.L71
 698              	.L76:
 699 0048 E38D     		ldrh	r3, [r4, #46]
 700 004a 013B     		subs	r3, r3, #1
 701 004c 9BB2     		uxth	r3, r3
 702 004e E385     		strh	r3, [r4, #46]	@ movhi
 703 0050 A368     		ldr	r3, [r4, #8]
 704 0052 B3F5805F 		cmp	r3, #4096
 705 0056 17D1     		bne	.L72
 706 0058 0096     		str	r6, [sp]
 707 005a 2046     		mov	r0, r4
 708 005c 2021     		movs	r1, #32
 709 005e 0022     		movs	r2, #0
 710 0060 3B46     		mov	r3, r7
 711 0062 FFF7FEFF 		bl	UART_WaitOnFlagUntilTimeout
ARM GAS  /tmp/cc5BnZQx.s 			page 13


 712 0066 0028     		cmp	r0, #0
 713 0068 36D1     		bne	.L81
 714 006a 2369     		ldr	r3, [r4, #16]
 715 006c 33B9     		cbnz	r3, .L73
 716 006e 2368     		ldr	r3, [r4]
 717 0070 5B68     		ldr	r3, [r3, #4]
 718 0072 C3F30803 		ubfx	r3, r3, #0, #9
 719 0076 25F8023B 		strh	r3, [r5], #2	@ movhi
 720 007a 1AE0     		b	.L71
 721              	.L73:
 722 007c 2368     		ldr	r3, [r4]
 723 007e 5B68     		ldr	r3, [r3, #4]
 724 0080 DBB2     		uxtb	r3, r3
 725 0082 25F8013B 		strh	r3, [r5], #1	@ movhi
 726 0086 14E0     		b	.L71
 727              	.L72:
 728 0088 0096     		str	r6, [sp]
 729 008a 2046     		mov	r0, r4
 730 008c 2021     		movs	r1, #32
 731 008e 0022     		movs	r2, #0
 732 0090 3B46     		mov	r3, r7
 733 0092 FFF7FEFF 		bl	UART_WaitOnFlagUntilTimeout
 734 0096 08BB     		cbnz	r0, .L82
 735 0098 2369     		ldr	r3, [r4, #16]
 736 009a 23B9     		cbnz	r3, .L75
 737 009c 2368     		ldr	r3, [r4]
 738 009e 5B68     		ldr	r3, [r3, #4]
 739 00a0 2B70     		strb	r3, [r5]
 740 00a2 0135     		adds	r5, r5, #1
 741 00a4 05E0     		b	.L71
 742              	.L75:
 743 00a6 2368     		ldr	r3, [r4]
 744 00a8 5B68     		ldr	r3, [r3, #4]
 745 00aa 03F07F03 		and	r3, r3, #127
 746 00ae 2B70     		strb	r3, [r5]
 747 00b0 0135     		adds	r5, r5, #1
 748              	.L71:
 749 00b2 E38D     		ldrh	r3, [r4, #46]
 750 00b4 9BB2     		uxth	r3, r3
 751 00b6 002B     		cmp	r3, #0
 752 00b8 C6D1     		bne	.L76
 753 00ba 2023     		movs	r3, #32
 754 00bc 84F83A30 		strb	r3, [r4, #58]
 755 00c0 0020     		movs	r0, #0
 756 00c2 84F83800 		strb	r0, [r4, #56]
 757 00c6 0AE0     		b	.L70
 758              	.L77:
 759 00c8 0220     		movs	r0, #2
 760 00ca 08E0     		b	.L70
 761              	.L78:
 762 00cc 0120     		movs	r0, #1
 763 00ce 06E0     		b	.L70
 764              	.L79:
 765 00d0 0120     		movs	r0, #1
 766 00d2 04E0     		b	.L70
 767              	.L80:
 768 00d4 0220     		movs	r0, #2
ARM GAS  /tmp/cc5BnZQx.s 			page 14


 769 00d6 02E0     		b	.L70
 770              	.L81:
 771 00d8 0320     		movs	r0, #3
 772 00da 00E0     		b	.L70
 773              	.L82:
 774 00dc 0320     		movs	r0, #3
 775              	.L70:
 776 00de 02B0     		add	sp, sp, #8
 777              		@ sp needed
 778 00e0 BDE8F081 		pop	{r4, r5, r6, r7, r8, pc}
 780              		.section	.text.HAL_UART_Transmit_IT,"ax",%progbits
 781              		.align	2
 782              		.global	HAL_UART_Transmit_IT
 783              		.thumb
 784              		.thumb_func
 786              	HAL_UART_Transmit_IT:
 787              		@ args = 0, pretend = 0, frame = 0
 788              		@ frame_needed = 0, uses_anonymous_args = 0
 789              		@ link register save eliminated.
 790 0000 90F83930 		ldrb	r3, [r0, #57]	@ zero_extendqisi2
 791 0004 DBB2     		uxtb	r3, r3
 792 0006 202B     		cmp	r3, #32
 793 0008 16D1     		bne	.L86
 794 000a B9B1     		cbz	r1, .L87
 795 000c C2B1     		cbz	r2, .L88
 796 000e 90F83830 		ldrb	r3, [r0, #56]	@ zero_extendqisi2
 797 0012 012B     		cmp	r3, #1
 798 0014 16D0     		beq	.L89
 799 0016 0162     		str	r1, [r0, #32]
 800 0018 8284     		strh	r2, [r0, #36]	@ movhi
 801 001a C284     		strh	r2, [r0, #38]	@ movhi
 802 001c 0023     		movs	r3, #0
 803 001e C363     		str	r3, [r0, #60]
 804 0020 2122     		movs	r2, #33
 805 0022 80F83920 		strb	r2, [r0, #57]
 806 0026 80F83830 		strb	r3, [r0, #56]
 807 002a 0168     		ldr	r1, [r0]
 808 002c CA68     		ldr	r2, [r1, #12]
 809 002e 42F08002 		orr	r2, r2, #128
 810 0032 CA60     		str	r2, [r1, #12]
 811 0034 1846     		mov	r0, r3
 812 0036 7047     		bx	lr
 813              	.L86:
 814 0038 0220     		movs	r0, #2
 815 003a 7047     		bx	lr
 816              	.L87:
 817 003c 0120     		movs	r0, #1
 818 003e 7047     		bx	lr
 819              	.L88:
 820 0040 0120     		movs	r0, #1
 821 0042 7047     		bx	lr
 822              	.L89:
 823 0044 0220     		movs	r0, #2
 824 0046 7047     		bx	lr
 826              		.section	.text.HAL_UART_Receive_IT,"ax",%progbits
 827              		.align	2
 828              		.global	HAL_UART_Receive_IT
ARM GAS  /tmp/cc5BnZQx.s 			page 15


 829              		.thumb
 830              		.thumb_func
 832              	HAL_UART_Receive_IT:
 833              		@ args = 0, pretend = 0, frame = 0
 834              		@ frame_needed = 0, uses_anonymous_args = 0
 835              		@ link register save eliminated.
 836 0000 90F83A30 		ldrb	r3, [r0, #58]	@ zero_extendqisi2
 837 0004 DBB2     		uxtb	r3, r3
 838 0006 202B     		cmp	r3, #32
 839 0008 20D1     		bne	.L92
 840 000a 09B3     		cbz	r1, .L93
 841 000c 12B3     		cbz	r2, .L94
 842 000e 90F83830 		ldrb	r3, [r0, #56]	@ zero_extendqisi2
 843 0012 012B     		cmp	r3, #1
 844 0014 20D0     		beq	.L95
 845 0016 8162     		str	r1, [r0, #40]
 846 0018 8285     		strh	r2, [r0, #44]	@ movhi
 847 001a C285     		strh	r2, [r0, #46]	@ movhi
 848 001c 0023     		movs	r3, #0
 849 001e C363     		str	r3, [r0, #60]
 850 0020 2222     		movs	r2, #34
 851 0022 80F83A20 		strb	r2, [r0, #58]
 852 0026 80F83830 		strb	r3, [r0, #56]
 853 002a 0168     		ldr	r1, [r0]
 854 002c CA68     		ldr	r2, [r1, #12]
 855 002e 42F48072 		orr	r2, r2, #256
 856 0032 CA60     		str	r2, [r1, #12]
 857 0034 0168     		ldr	r1, [r0]
 858 0036 4A69     		ldr	r2, [r1, #20]
 859 0038 42F00102 		orr	r2, r2, #1
 860 003c 4A61     		str	r2, [r1, #20]
 861 003e 0168     		ldr	r1, [r0]
 862 0040 CA68     		ldr	r2, [r1, #12]
 863 0042 42F02002 		orr	r2, r2, #32
 864 0046 CA60     		str	r2, [r1, #12]
 865 0048 1846     		mov	r0, r3
 866 004a 7047     		bx	lr
 867              	.L92:
 868 004c 0220     		movs	r0, #2
 869 004e 7047     		bx	lr
 870              	.L93:
 871 0050 0120     		movs	r0, #1
 872 0052 7047     		bx	lr
 873              	.L94:
 874 0054 0120     		movs	r0, #1
 875 0056 7047     		bx	lr
 876              	.L95:
 877 0058 0220     		movs	r0, #2
 878 005a 7047     		bx	lr
 880              		.section	.text.HAL_UART_Transmit_DMA,"ax",%progbits
 881              		.align	2
 882              		.global	HAL_UART_Transmit_DMA
 883              		.thumb
 884              		.thumb_func
 886              	HAL_UART_Transmit_DMA:
 887              		@ args = 0, pretend = 0, frame = 0
 888              		@ frame_needed = 0, uses_anonymous_args = 0
ARM GAS  /tmp/cc5BnZQx.s 			page 16


 889 0000 38B5     		push	{r3, r4, r5, lr}
 890 0002 0446     		mov	r4, r0
 891 0004 1346     		mov	r3, r2
 892 0006 90F83920 		ldrb	r2, [r0, #57]	@ zero_extendqisi2
 893 000a D2B2     		uxtb	r2, r2
 894 000c 202A     		cmp	r2, #32
 895 000e 2FD1     		bne	.L98
 896 0010 0029     		cmp	r1, #0
 897 0012 2FD0     		beq	.L99
 898 0014 002B     		cmp	r3, #0
 899 0016 2FD0     		beq	.L100
 900 0018 90F83820 		ldrb	r2, [r0, #56]	@ zero_extendqisi2
 901 001c 012A     		cmp	r2, #1
 902 001e 2DD0     		beq	.L101
 903 0020 0122     		movs	r2, #1
 904 0022 80F83820 		strb	r2, [r0, #56]
 905 0026 0162     		str	r1, [r0, #32]
 906 0028 8384     		strh	r3, [r0, #36]	@ movhi
 907 002a C384     		strh	r3, [r0, #38]	@ movhi
 908 002c 0025     		movs	r5, #0
 909 002e C563     		str	r5, [r0, #60]
 910 0030 2122     		movs	r2, #33
 911 0032 80F83920 		strb	r2, [r0, #57]
 912 0036 026B     		ldr	r2, [r0, #48]
 913 0038 1148     		ldr	r0, .L103
 914 003a 9062     		str	r0, [r2, #40]
 915 003c 226B     		ldr	r2, [r4, #48]
 916 003e 1148     		ldr	r0, .L103+4
 917 0040 D062     		str	r0, [r2, #44]
 918 0042 226B     		ldr	r2, [r4, #48]
 919 0044 1048     		ldr	r0, .L103+8
 920 0046 1063     		str	r0, [r2, #48]
 921 0048 226B     		ldr	r2, [r4, #48]
 922 004a 5563     		str	r5, [r2, #52]
 923 004c 2268     		ldr	r2, [r4]
 924 004e 206B     		ldr	r0, [r4, #48]
 925 0050 0432     		adds	r2, r2, #4
 926 0052 FFF7FEFF 		bl	HAL_DMA_Start_IT
 927 0056 2368     		ldr	r3, [r4]
 928 0058 6FF04002 		mvn	r2, #64
 929 005c 1A60     		str	r2, [r3]
 930 005e 84F83850 		strb	r5, [r4, #56]
 931 0062 2268     		ldr	r2, [r4]
 932 0064 5369     		ldr	r3, [r2, #20]
 933 0066 43F08003 		orr	r3, r3, #128
 934 006a 5361     		str	r3, [r2, #20]
 935 006c 2846     		mov	r0, r5
 936 006e 38BD     		pop	{r3, r4, r5, pc}
 937              	.L98:
 938 0070 0220     		movs	r0, #2
 939 0072 38BD     		pop	{r3, r4, r5, pc}
 940              	.L99:
 941 0074 0120     		movs	r0, #1
 942 0076 38BD     		pop	{r3, r4, r5, pc}
 943              	.L100:
 944 0078 0120     		movs	r0, #1
 945 007a 38BD     		pop	{r3, r4, r5, pc}
ARM GAS  /tmp/cc5BnZQx.s 			page 17


 946              	.L101:
 947 007c 0220     		movs	r0, #2
 948 007e 38BD     		pop	{r3, r4, r5, pc}
 949              	.L104:
 950              		.align	2
 951              	.L103:
 952 0080 00000000 		.word	UART_DMATransmitCplt
 953 0084 00000000 		.word	UART_DMATxHalfCplt
 954 0088 00000000 		.word	UART_DMAError
 956              		.section	.text.HAL_UART_Receive_DMA,"ax",%progbits
 957              		.align	2
 958              		.global	HAL_UART_Receive_DMA
 959              		.thumb
 960              		.thumb_func
 962              	HAL_UART_Receive_DMA:
 963              		@ args = 0, pretend = 0, frame = 8
 964              		@ frame_needed = 0, uses_anonymous_args = 0
 965 0000 70B5     		push	{r4, r5, r6, lr}
 966 0002 82B0     		sub	sp, sp, #8
 967 0004 0446     		mov	r4, r0
 968 0006 1346     		mov	r3, r2
 969 0008 90F83A20 		ldrb	r2, [r0, #58]	@ zero_extendqisi2
 970 000c D2B2     		uxtb	r2, r2
 971 000e 202A     		cmp	r2, #32
 972 0010 3CD1     		bne	.L107
 973 0012 0E46     		mov	r6, r1
 974 0014 0029     		cmp	r1, #0
 975 0016 3BD0     		beq	.L108
 976 0018 002B     		cmp	r3, #0
 977 001a 3BD0     		beq	.L109
 978 001c 90F83820 		ldrb	r2, [r0, #56]	@ zero_extendqisi2
 979 0020 012A     		cmp	r2, #1
 980 0022 39D0     		beq	.L110
 981 0024 0122     		movs	r2, #1
 982 0026 80F83820 		strb	r2, [r0, #56]
 983 002a A162     		str	r1, [r4, #40]
 984 002c 8385     		strh	r3, [r0, #44]	@ movhi
 985 002e 0025     		movs	r5, #0
 986 0030 C563     		str	r5, [r0, #60]
 987 0032 2222     		movs	r2, #34
 988 0034 80F83A20 		strb	r2, [r0, #58]
 989 0038 426B     		ldr	r2, [r0, #52]
 990 003a 1949     		ldr	r1, .L112
 991 003c 9162     		str	r1, [r2, #40]
 992 003e 426B     		ldr	r2, [r0, #52]
 993 0040 1849     		ldr	r1, .L112+4
 994 0042 D162     		str	r1, [r2, #44]
 995 0044 426B     		ldr	r2, [r0, #52]
 996 0046 1849     		ldr	r1, .L112+8
 997 0048 1163     		str	r1, [r2, #48]
 998 004a 426B     		ldr	r2, [r0, #52]
 999 004c 5563     		str	r5, [r2, #52]
 1000 004e 0168     		ldr	r1, [r0]
 1001 0050 406B     		ldr	r0, [r0, #52]
 1002 0052 0431     		adds	r1, r1, #4
 1003 0054 3246     		mov	r2, r6
 1004 0056 FFF7FEFF 		bl	HAL_DMA_Start_IT
ARM GAS  /tmp/cc5BnZQx.s 			page 18


 1005 005a 0195     		str	r5, [sp, #4]
 1006 005c 2368     		ldr	r3, [r4]
 1007 005e 1A68     		ldr	r2, [r3]
 1008 0060 0192     		str	r2, [sp, #4]
 1009 0062 5A68     		ldr	r2, [r3, #4]
 1010 0064 0192     		str	r2, [sp, #4]
 1011 0066 019A     		ldr	r2, [sp, #4]
 1012 0068 84F83850 		strb	r5, [r4, #56]
 1013 006c DA68     		ldr	r2, [r3, #12]
 1014 006e 42F48072 		orr	r2, r2, #256
 1015 0072 DA60     		str	r2, [r3, #12]
 1016 0074 2268     		ldr	r2, [r4]
 1017 0076 5369     		ldr	r3, [r2, #20]
 1018 0078 43F00103 		orr	r3, r3, #1
 1019 007c 5361     		str	r3, [r2, #20]
 1020 007e 2268     		ldr	r2, [r4]
 1021 0080 5369     		ldr	r3, [r2, #20]
 1022 0082 43F04003 		orr	r3, r3, #64
 1023 0086 5361     		str	r3, [r2, #20]
 1024 0088 2846     		mov	r0, r5
 1025 008a 06E0     		b	.L106
 1026              	.L107:
 1027 008c 0220     		movs	r0, #2
 1028 008e 04E0     		b	.L106
 1029              	.L108:
 1030 0090 0120     		movs	r0, #1
 1031 0092 02E0     		b	.L106
 1032              	.L109:
 1033 0094 0120     		movs	r0, #1
 1034 0096 00E0     		b	.L106
 1035              	.L110:
 1036 0098 0220     		movs	r0, #2
 1037              	.L106:
 1038 009a 02B0     		add	sp, sp, #8
 1039              		@ sp needed
 1040 009c 70BD     		pop	{r4, r5, r6, pc}
 1041              	.L113:
 1042 009e 00BF     		.align	2
 1043              	.L112:
 1044 00a0 00000000 		.word	UART_DMAReceiveCplt
 1045 00a4 00000000 		.word	UART_DMARxHalfCplt
 1046 00a8 00000000 		.word	UART_DMAError
 1048              		.section	.text.HAL_UART_DMAPause,"ax",%progbits
 1049              		.align	2
 1050              		.global	HAL_UART_DMAPause
 1051              		.thumb
 1052              		.thumb_func
 1054              	HAL_UART_DMAPause:
 1055              		@ args = 0, pretend = 0, frame = 0
 1056              		@ frame_needed = 0, uses_anonymous_args = 0
 1057              		@ link register save eliminated.
 1058 0000 90F83830 		ldrb	r3, [r0, #56]	@ zero_extendqisi2
 1059 0004 012B     		cmp	r3, #1
 1060 0006 2DD0     		beq	.L118
 1061 0008 0123     		movs	r3, #1
 1062 000a 80F83830 		strb	r3, [r0, #56]
 1063 000e 0168     		ldr	r1, [r0]
ARM GAS  /tmp/cc5BnZQx.s 			page 19


 1064 0010 4B69     		ldr	r3, [r1, #20]
 1065 0012 03F08002 		and	r2, r3, #128
 1066 0016 90F83930 		ldrb	r3, [r0, #57]	@ zero_extendqisi2
 1067 001a DBB2     		uxtb	r3, r3
 1068 001c 212B     		cmp	r3, #33
 1069 001e 04D1     		bne	.L116
 1070 0020 1AB1     		cbz	r2, .L116
 1071 0022 4B69     		ldr	r3, [r1, #20]
 1072 0024 23F08003 		bic	r3, r3, #128
 1073 0028 4B61     		str	r3, [r1, #20]
 1074              	.L116:
 1075 002a 0168     		ldr	r1, [r0]
 1076 002c 4B69     		ldr	r3, [r1, #20]
 1077 002e 03F04002 		and	r2, r3, #64
 1078 0032 90F83A30 		ldrb	r3, [r0, #58]	@ zero_extendqisi2
 1079 0036 DBB2     		uxtb	r3, r3
 1080 0038 222B     		cmp	r3, #34
 1081 003a 0ED1     		bne	.L117
 1082 003c 6AB1     		cbz	r2, .L117
 1083 003e CB68     		ldr	r3, [r1, #12]
 1084 0040 23F48073 		bic	r3, r3, #256
 1085 0044 CB60     		str	r3, [r1, #12]
 1086 0046 0268     		ldr	r2, [r0]
 1087 0048 5369     		ldr	r3, [r2, #20]
 1088 004a 23F00103 		bic	r3, r3, #1
 1089 004e 5361     		str	r3, [r2, #20]
 1090 0050 0268     		ldr	r2, [r0]
 1091 0052 5369     		ldr	r3, [r2, #20]
 1092 0054 23F04003 		bic	r3, r3, #64
 1093 0058 5361     		str	r3, [r2, #20]
 1094              	.L117:
 1095 005a 0023     		movs	r3, #0
 1096 005c 80F83830 		strb	r3, [r0, #56]
 1097 0060 1846     		mov	r0, r3
 1098 0062 7047     		bx	lr
 1099              	.L118:
 1100 0064 0220     		movs	r0, #2
 1101 0066 7047     		bx	lr
 1103              		.section	.text.HAL_UART_DMAResume,"ax",%progbits
 1104              		.align	2
 1105              		.global	HAL_UART_DMAResume
 1106              		.thumb
 1107              		.thumb_func
 1109              	HAL_UART_DMAResume:
 1110              		@ args = 0, pretend = 0, frame = 8
 1111              		@ frame_needed = 0, uses_anonymous_args = 0
 1112              		@ link register save eliminated.
 1113 0000 90F83830 		ldrb	r3, [r0, #56]	@ zero_extendqisi2
 1114 0004 012B     		cmp	r3, #1
 1115 0006 2DD0     		beq	.L123
 1116 0008 0123     		movs	r3, #1
 1117 000a 80F83830 		strb	r3, [r0, #56]
 1118 000e 90F83930 		ldrb	r3, [r0, #57]	@ zero_extendqisi2
 1119 0012 DBB2     		uxtb	r3, r3
 1120 0014 212B     		cmp	r3, #33
 1121 0016 04D1     		bne	.L121
 1122 0018 0268     		ldr	r2, [r0]
ARM GAS  /tmp/cc5BnZQx.s 			page 20


 1123 001a 5369     		ldr	r3, [r2, #20]
 1124 001c 43F08003 		orr	r3, r3, #128
 1125 0020 5361     		str	r3, [r2, #20]
 1126              	.L121:
 1127 0022 90F83A30 		ldrb	r3, [r0, #58]	@ zero_extendqisi2
 1128 0026 DBB2     		uxtb	r3, r3
 1129 0028 222B     		cmp	r3, #34
 1130 002a 1FD1     		bne	.L125
 1131 002c 82B0     		sub	sp, sp, #8
 1132 002e 0023     		movs	r3, #0
 1133 0030 0193     		str	r3, [sp, #4]
 1134 0032 0368     		ldr	r3, [r0]
 1135 0034 1A68     		ldr	r2, [r3]
 1136 0036 0192     		str	r2, [sp, #4]
 1137 0038 5A68     		ldr	r2, [r3, #4]
 1138 003a 0192     		str	r2, [sp, #4]
 1139 003c 019A     		ldr	r2, [sp, #4]
 1140 003e DA68     		ldr	r2, [r3, #12]
 1141 0040 42F48072 		orr	r2, r2, #256
 1142 0044 DA60     		str	r2, [r3, #12]
 1143 0046 0268     		ldr	r2, [r0]
 1144 0048 5369     		ldr	r3, [r2, #20]
 1145 004a 43F00103 		orr	r3, r3, #1
 1146 004e 5361     		str	r3, [r2, #20]
 1147 0050 0268     		ldr	r2, [r0]
 1148 0052 5369     		ldr	r3, [r2, #20]
 1149 0054 43F04003 		orr	r3, r3, #64
 1150 0058 5361     		str	r3, [r2, #20]
 1151 005a 0023     		movs	r3, #0
 1152 005c 80F83830 		strb	r3, [r0, #56]
 1153 0060 1846     		mov	r0, r3
 1154 0062 01E0     		b	.L120
 1155              	.L123:
 1156 0064 0220     		movs	r0, #2
 1157 0066 7047     		bx	lr
 1158              	.L120:
 1159 0068 02B0     		add	sp, sp, #8
 1160              		@ sp needed
 1161 006a 7047     		bx	lr
 1162              	.L125:
 1163 006c 0023     		movs	r3, #0
 1164 006e 80F83830 		strb	r3, [r0, #56]
 1165 0072 1846     		mov	r0, r3
 1166 0074 7047     		bx	lr
 1168 0076 00BF     		.section	.text.HAL_UART_DMAStop,"ax",%progbits
 1169              		.align	2
 1170              		.global	HAL_UART_DMAStop
 1171              		.thumb
 1172              		.thumb_func
 1174              	HAL_UART_DMAStop:
 1175              		@ args = 0, pretend = 0, frame = 0
 1176              		@ frame_needed = 0, uses_anonymous_args = 0
 1177 0000 10B5     		push	{r4, lr}
 1178 0002 0446     		mov	r4, r0
 1179 0004 0168     		ldr	r1, [r0]
 1180 0006 4B69     		ldr	r3, [r1, #20]
 1181 0008 03F08002 		and	r2, r3, #128
ARM GAS  /tmp/cc5BnZQx.s 			page 21


 1182 000c 90F83930 		ldrb	r3, [r0, #57]	@ zero_extendqisi2
 1183 0010 DBB2     		uxtb	r3, r3
 1184 0012 212B     		cmp	r3, #33
 1185 0014 0BD1     		bne	.L128
 1186 0016 52B1     		cbz	r2, .L128
 1187 0018 4B69     		ldr	r3, [r1, #20]
 1188 001a 23F08003 		bic	r3, r3, #128
 1189 001e 4B61     		str	r3, [r1, #20]
 1190 0020 006B     		ldr	r0, [r0, #48]
 1191 0022 08B1     		cbz	r0, .L129
 1192 0024 FFF7FEFF 		bl	HAL_DMA_Abort
 1193              	.L129:
 1194 0028 2046     		mov	r0, r4
 1195 002a FFF7FEFF 		bl	UART_EndTxTransfer
 1196              	.L128:
 1197 002e 2168     		ldr	r1, [r4]
 1198 0030 4B69     		ldr	r3, [r1, #20]
 1199 0032 03F04002 		and	r2, r3, #64
 1200 0036 94F83A30 		ldrb	r3, [r4, #58]	@ zero_extendqisi2
 1201 003a DBB2     		uxtb	r3, r3
 1202 003c 222B     		cmp	r3, #34
 1203 003e 0BD1     		bne	.L130
 1204 0040 52B1     		cbz	r2, .L130
 1205 0042 4B69     		ldr	r3, [r1, #20]
 1206 0044 23F04003 		bic	r3, r3, #64
 1207 0048 4B61     		str	r3, [r1, #20]
 1208 004a 606B     		ldr	r0, [r4, #52]
 1209 004c 08B1     		cbz	r0, .L131
 1210 004e FFF7FEFF 		bl	HAL_DMA_Abort
 1211              	.L131:
 1212 0052 2046     		mov	r0, r4
 1213 0054 FFF7FEFF 		bl	UART_EndRxTransfer
 1214              	.L130:
 1215 0058 0020     		movs	r0, #0
 1216 005a 10BD     		pop	{r4, pc}
 1218              		.section	.text.HAL_UART_Abort,"ax",%progbits
 1219              		.align	2
 1220              		.global	HAL_UART_Abort
 1221              		.thumb
 1222              		.thumb_func
 1224              	HAL_UART_Abort:
 1225              		@ args = 0, pretend = 0, frame = 0
 1226              		@ frame_needed = 0, uses_anonymous_args = 0
 1227 0000 10B5     		push	{r4, lr}
 1228 0002 0446     		mov	r4, r0
 1229 0004 0268     		ldr	r2, [r0]
 1230 0006 D368     		ldr	r3, [r2, #12]
 1231 0008 23F4F073 		bic	r3, r3, #480
 1232 000c D360     		str	r3, [r2, #12]
 1233 000e 0268     		ldr	r2, [r0]
 1234 0010 5369     		ldr	r3, [r2, #20]
 1235 0012 23F00103 		bic	r3, r3, #1
 1236 0016 5361     		str	r3, [r2, #20]
 1237 0018 0368     		ldr	r3, [r0]
 1238 001a 5A69     		ldr	r2, [r3, #20]
 1239 001c 12F0800F 		tst	r2, #128
 1240 0020 14D0     		beq	.L134
ARM GAS  /tmp/cc5BnZQx.s 			page 22


 1241 0022 5A69     		ldr	r2, [r3, #20]
 1242 0024 22F08002 		bic	r2, r2, #128
 1243 0028 5A61     		str	r2, [r3, #20]
 1244 002a 036B     		ldr	r3, [r0, #48]
 1245 002c 73B1     		cbz	r3, .L134
 1246 002e 0022     		movs	r2, #0
 1247 0030 5A63     		str	r2, [r3, #52]
 1248 0032 006B     		ldr	r0, [r0, #48]
 1249 0034 FFF7FEFF 		bl	HAL_DMA_Abort
 1250 0038 40B1     		cbz	r0, .L134
 1251 003a 206B     		ldr	r0, [r4, #48]
 1252 003c FFF7FEFF 		bl	HAL_DMA_GetError
 1253 0040 2028     		cmp	r0, #32
 1254 0042 03D1     		bne	.L134
 1255 0044 1023     		movs	r3, #16
 1256 0046 E363     		str	r3, [r4, #60]
 1257 0048 0320     		movs	r0, #3
 1258 004a 10BD     		pop	{r4, pc}
 1259              	.L134:
 1260 004c 2368     		ldr	r3, [r4]
 1261 004e 5A69     		ldr	r2, [r3, #20]
 1262 0050 12F0400F 		tst	r2, #64
 1263 0054 14D0     		beq	.L136
 1264 0056 5A69     		ldr	r2, [r3, #20]
 1265 0058 22F04002 		bic	r2, r2, #64
 1266 005c 5A61     		str	r2, [r3, #20]
 1267 005e 636B     		ldr	r3, [r4, #52]
 1268 0060 73B1     		cbz	r3, .L136
 1269 0062 0022     		movs	r2, #0
 1270 0064 5A63     		str	r2, [r3, #52]
 1271 0066 606B     		ldr	r0, [r4, #52]
 1272 0068 FFF7FEFF 		bl	HAL_DMA_Abort
 1273 006c 40B1     		cbz	r0, .L136
 1274 006e 606B     		ldr	r0, [r4, #52]
 1275 0070 FFF7FEFF 		bl	HAL_DMA_GetError
 1276 0074 2028     		cmp	r0, #32
 1277 0076 03D1     		bne	.L136
 1278 0078 1023     		movs	r3, #16
 1279 007a E363     		str	r3, [r4, #60]
 1280 007c 0320     		movs	r0, #3
 1281 007e 10BD     		pop	{r4, pc}
 1282              	.L136:
 1283 0080 0020     		movs	r0, #0
 1284 0082 E084     		strh	r0, [r4, #38]	@ movhi
 1285 0084 E085     		strh	r0, [r4, #46]	@ movhi
 1286 0086 E063     		str	r0, [r4, #60]
 1287 0088 2023     		movs	r3, #32
 1288 008a 84F83A30 		strb	r3, [r4, #58]
 1289 008e 84F83930 		strb	r3, [r4, #57]
 1290 0092 10BD     		pop	{r4, pc}
 1292              		.section	.text.HAL_UART_AbortTransmit,"ax",%progbits
 1293              		.align	2
 1294              		.global	HAL_UART_AbortTransmit
 1295              		.thumb
 1296              		.thumb_func
 1298              	HAL_UART_AbortTransmit:
 1299              		@ args = 0, pretend = 0, frame = 0
ARM GAS  /tmp/cc5BnZQx.s 			page 23


 1300              		@ frame_needed = 0, uses_anonymous_args = 0
 1301 0000 10B5     		push	{r4, lr}
 1302 0002 0446     		mov	r4, r0
 1303 0004 0268     		ldr	r2, [r0]
 1304 0006 D368     		ldr	r3, [r2, #12]
 1305 0008 23F0C003 		bic	r3, r3, #192
 1306 000c D360     		str	r3, [r2, #12]
 1307 000e 0368     		ldr	r3, [r0]
 1308 0010 5A69     		ldr	r2, [r3, #20]
 1309 0012 12F0800F 		tst	r2, #128
 1310 0016 14D0     		beq	.L139
 1311 0018 5A69     		ldr	r2, [r3, #20]
 1312 001a 22F08002 		bic	r2, r2, #128
 1313 001e 5A61     		str	r2, [r3, #20]
 1314 0020 036B     		ldr	r3, [r0, #48]
 1315 0022 73B1     		cbz	r3, .L139
 1316 0024 0022     		movs	r2, #0
 1317 0026 5A63     		str	r2, [r3, #52]
 1318 0028 006B     		ldr	r0, [r0, #48]
 1319 002a FFF7FEFF 		bl	HAL_DMA_Abort
 1320 002e 40B1     		cbz	r0, .L139
 1321 0030 206B     		ldr	r0, [r4, #48]
 1322 0032 FFF7FEFF 		bl	HAL_DMA_GetError
 1323 0036 2028     		cmp	r0, #32
 1324 0038 03D1     		bne	.L139
 1325 003a 1023     		movs	r3, #16
 1326 003c E363     		str	r3, [r4, #60]
 1327 003e 0320     		movs	r0, #3
 1328 0040 10BD     		pop	{r4, pc}
 1329              	.L139:
 1330 0042 0020     		movs	r0, #0
 1331 0044 E084     		strh	r0, [r4, #38]	@ movhi
 1332 0046 2023     		movs	r3, #32
 1333 0048 84F83930 		strb	r3, [r4, #57]
 1334 004c 10BD     		pop	{r4, pc}
 1336 004e 00BF     		.section	.text.HAL_UART_AbortReceive,"ax",%progbits
 1337              		.align	2
 1338              		.global	HAL_UART_AbortReceive
 1339              		.thumb
 1340              		.thumb_func
 1342              	HAL_UART_AbortReceive:
 1343              		@ args = 0, pretend = 0, frame = 0
 1344              		@ frame_needed = 0, uses_anonymous_args = 0
 1345 0000 10B5     		push	{r4, lr}
 1346 0002 0446     		mov	r4, r0
 1347 0004 0268     		ldr	r2, [r0]
 1348 0006 D368     		ldr	r3, [r2, #12]
 1349 0008 23F49073 		bic	r3, r3, #288
 1350 000c D360     		str	r3, [r2, #12]
 1351 000e 0268     		ldr	r2, [r0]
 1352 0010 5369     		ldr	r3, [r2, #20]
 1353 0012 23F00103 		bic	r3, r3, #1
 1354 0016 5361     		str	r3, [r2, #20]
 1355 0018 0368     		ldr	r3, [r0]
 1356 001a 5A69     		ldr	r2, [r3, #20]
 1357 001c 12F0400F 		tst	r2, #64
 1358 0020 14D0     		beq	.L143
ARM GAS  /tmp/cc5BnZQx.s 			page 24


 1359 0022 5A69     		ldr	r2, [r3, #20]
 1360 0024 22F04002 		bic	r2, r2, #64
 1361 0028 5A61     		str	r2, [r3, #20]
 1362 002a 436B     		ldr	r3, [r0, #52]
 1363 002c 73B1     		cbz	r3, .L143
 1364 002e 0022     		movs	r2, #0
 1365 0030 5A63     		str	r2, [r3, #52]
 1366 0032 406B     		ldr	r0, [r0, #52]
 1367 0034 FFF7FEFF 		bl	HAL_DMA_Abort
 1368 0038 40B1     		cbz	r0, .L143
 1369 003a 606B     		ldr	r0, [r4, #52]
 1370 003c FFF7FEFF 		bl	HAL_DMA_GetError
 1371 0040 2028     		cmp	r0, #32
 1372 0042 03D1     		bne	.L143
 1373 0044 1023     		movs	r3, #16
 1374 0046 E363     		str	r3, [r4, #60]
 1375 0048 0320     		movs	r0, #3
 1376 004a 10BD     		pop	{r4, pc}
 1377              	.L143:
 1378 004c 0020     		movs	r0, #0
 1379 004e E085     		strh	r0, [r4, #46]	@ movhi
 1380 0050 2023     		movs	r3, #32
 1381 0052 84F83A30 		strb	r3, [r4, #58]
 1382 0056 10BD     		pop	{r4, pc}
 1384              		.section	.text.HAL_UART_TxCpltCallback,"ax",%progbits
 1385              		.align	2
 1386              		.weak	HAL_UART_TxCpltCallback
 1387              		.thumb
 1388              		.thumb_func
 1390              	HAL_UART_TxCpltCallback:
 1391              		@ args = 0, pretend = 0, frame = 0
 1392              		@ frame_needed = 0, uses_anonymous_args = 0
 1393              		@ link register save eliminated.
 1394 0000 7047     		bx	lr
 1396 0002 00BF     		.section	.text.UART_DMATransmitCplt,"ax",%progbits
 1397              		.align	2
 1398              		.thumb
 1399              		.thumb_func
 1401              	UART_DMATransmitCplt:
 1402              		@ args = 0, pretend = 0, frame = 0
 1403              		@ frame_needed = 0, uses_anonymous_args = 0
 1404 0000 08B5     		push	{r3, lr}
 1405 0002 436A     		ldr	r3, [r0, #36]
 1406 0004 0268     		ldr	r2, [r0]
 1407 0006 1268     		ldr	r2, [r2]
 1408 0008 12F0200F 		tst	r2, #32
 1409 000c 0CD1     		bne	.L148
 1410 000e 0022     		movs	r2, #0
 1411 0010 DA84     		strh	r2, [r3, #38]	@ movhi
 1412 0012 1968     		ldr	r1, [r3]
 1413 0014 4A69     		ldr	r2, [r1, #20]
 1414 0016 22F08002 		bic	r2, r2, #128
 1415 001a 4A61     		str	r2, [r1, #20]
 1416 001c 1A68     		ldr	r2, [r3]
 1417 001e D368     		ldr	r3, [r2, #12]
 1418 0020 43F04003 		orr	r3, r3, #64
 1419 0024 D360     		str	r3, [r2, #12]
ARM GAS  /tmp/cc5BnZQx.s 			page 25


 1420 0026 08BD     		pop	{r3, pc}
 1421              	.L148:
 1422 0028 1846     		mov	r0, r3
 1423 002a FFF7FEFF 		bl	HAL_UART_TxCpltCallback
 1424 002e 08BD     		pop	{r3, pc}
 1426              		.section	.text.UART_EndTransmit_IT,"ax",%progbits
 1427              		.align	2
 1428              		.thumb
 1429              		.thumb_func
 1431              	UART_EndTransmit_IT:
 1432              		@ args = 0, pretend = 0, frame = 0
 1433              		@ frame_needed = 0, uses_anonymous_args = 0
 1434 0000 08B5     		push	{r3, lr}
 1435 0002 0168     		ldr	r1, [r0]
 1436 0004 CB68     		ldr	r3, [r1, #12]
 1437 0006 23F04003 		bic	r3, r3, #64
 1438 000a CB60     		str	r3, [r1, #12]
 1439 000c 2023     		movs	r3, #32
 1440 000e 80F83930 		strb	r3, [r0, #57]
 1441 0012 FFF7FEFF 		bl	HAL_UART_TxCpltCallback
 1442 0016 0020     		movs	r0, #0
 1443 0018 08BD     		pop	{r3, pc}
 1445 001a 00BF     		.section	.text.HAL_UART_TxHalfCpltCallback,"ax",%progbits
 1446              		.align	2
 1447              		.weak	HAL_UART_TxHalfCpltCallback
 1448              		.thumb
 1449              		.thumb_func
 1451              	HAL_UART_TxHalfCpltCallback:
 1452              		@ args = 0, pretend = 0, frame = 0
 1453              		@ frame_needed = 0, uses_anonymous_args = 0
 1454              		@ link register save eliminated.
 1455 0000 7047     		bx	lr
 1457 0002 00BF     		.section	.text.UART_DMATxHalfCplt,"ax",%progbits
 1458              		.align	2
 1459              		.thumb
 1460              		.thumb_func
 1462              	UART_DMATxHalfCplt:
 1463              		@ args = 0, pretend = 0, frame = 0
 1464              		@ frame_needed = 0, uses_anonymous_args = 0
 1465 0000 08B5     		push	{r3, lr}
 1466 0002 406A     		ldr	r0, [r0, #36]
 1467 0004 FFF7FEFF 		bl	HAL_UART_TxHalfCpltCallback
 1468 0008 08BD     		pop	{r3, pc}
 1470 000a 00BF     		.section	.text.HAL_UART_RxCpltCallback,"ax",%progbits
 1471              		.align	2
 1472              		.weak	HAL_UART_RxCpltCallback
 1473              		.thumb
 1474              		.thumb_func
 1476              	HAL_UART_RxCpltCallback:
 1477              		@ args = 0, pretend = 0, frame = 0
 1478              		@ frame_needed = 0, uses_anonymous_args = 0
 1479              		@ link register save eliminated.
 1480 0000 7047     		bx	lr
 1482 0002 00BF     		.section	.text.UART_DMAReceiveCplt,"ax",%progbits
 1483              		.align	2
 1484              		.thumb
 1485              		.thumb_func
ARM GAS  /tmp/cc5BnZQx.s 			page 26


 1487              	UART_DMAReceiveCplt:
 1488              		@ args = 0, pretend = 0, frame = 0
 1489              		@ frame_needed = 0, uses_anonymous_args = 0
 1490 0000 08B5     		push	{r3, lr}
 1491 0002 436A     		ldr	r3, [r0, #36]
 1492 0004 0268     		ldr	r2, [r0]
 1493 0006 1268     		ldr	r2, [r2]
 1494 0008 12F0200F 		tst	r2, #32
 1495 000c 13D1     		bne	.L158
 1496 000e 0022     		movs	r2, #0
 1497 0010 DA85     		strh	r2, [r3, #46]	@ movhi
 1498 0012 1968     		ldr	r1, [r3]
 1499 0014 CA68     		ldr	r2, [r1, #12]
 1500 0016 22F48072 		bic	r2, r2, #256
 1501 001a CA60     		str	r2, [r1, #12]
 1502 001c 1968     		ldr	r1, [r3]
 1503 001e 4A69     		ldr	r2, [r1, #20]
 1504 0020 22F00102 		bic	r2, r2, #1
 1505 0024 4A61     		str	r2, [r1, #20]
 1506 0026 1968     		ldr	r1, [r3]
 1507 0028 4A69     		ldr	r2, [r1, #20]
 1508 002a 22F04002 		bic	r2, r2, #64
 1509 002e 4A61     		str	r2, [r1, #20]
 1510 0030 2022     		movs	r2, #32
 1511 0032 83F83A20 		strb	r2, [r3, #58]
 1512              	.L158:
 1513 0036 1846     		mov	r0, r3
 1514 0038 FFF7FEFF 		bl	HAL_UART_RxCpltCallback
 1515 003c 08BD     		pop	{r3, pc}
 1517 003e 00BF     		.section	.text.UART_Receive_IT,"ax",%progbits
 1518              		.align	2
 1519              		.thumb
 1520              		.thumb_func
 1522              	UART_Receive_IT:
 1523              		@ args = 0, pretend = 0, frame = 0
 1524              		@ frame_needed = 0, uses_anonymous_args = 0
 1525 0000 08B5     		push	{r3, lr}
 1526 0002 90F83A30 		ldrb	r3, [r0, #58]	@ zero_extendqisi2
 1527 0006 DBB2     		uxtb	r3, r3
 1528 0008 222B     		cmp	r3, #34
 1529 000a 43D1     		bne	.L166
 1530 000c 8368     		ldr	r3, [r0, #8]
 1531 000e B3F5805F 		cmp	r3, #4096
 1532 0012 13D1     		bne	.L162
 1533 0014 826A     		ldr	r2, [r0, #40]
 1534 0016 0369     		ldr	r3, [r0, #16]
 1535 0018 43B9     		cbnz	r3, .L163
 1536 001a 0368     		ldr	r3, [r0]
 1537 001c 5B68     		ldr	r3, [r3, #4]
 1538 001e C3F30803 		ubfx	r3, r3, #0, #9
 1539 0022 1380     		strh	r3, [r2]	@ movhi
 1540 0024 836A     		ldr	r3, [r0, #40]
 1541 0026 0233     		adds	r3, r3, #2
 1542 0028 8362     		str	r3, [r0, #40]
 1543 002a 18E0     		b	.L164
 1544              	.L163:
 1545 002c 0368     		ldr	r3, [r0]
ARM GAS  /tmp/cc5BnZQx.s 			page 27


 1546 002e 5B68     		ldr	r3, [r3, #4]
 1547 0030 DBB2     		uxtb	r3, r3
 1548 0032 1380     		strh	r3, [r2]	@ movhi
 1549 0034 836A     		ldr	r3, [r0, #40]
 1550 0036 0133     		adds	r3, r3, #1
 1551 0038 8362     		str	r3, [r0, #40]
 1552 003a 10E0     		b	.L164
 1553              	.L162:
 1554 003c 0369     		ldr	r3, [r0, #16]
 1555 003e 33B9     		cbnz	r3, .L165
 1556 0040 836A     		ldr	r3, [r0, #40]
 1557 0042 5A1C     		adds	r2, r3, #1
 1558 0044 8262     		str	r2, [r0, #40]
 1559 0046 0268     		ldr	r2, [r0]
 1560 0048 5268     		ldr	r2, [r2, #4]
 1561 004a 1A70     		strb	r2, [r3]
 1562 004c 07E0     		b	.L164
 1563              	.L165:
 1564 004e 826A     		ldr	r2, [r0, #40]
 1565 0050 531C     		adds	r3, r2, #1
 1566 0052 8362     		str	r3, [r0, #40]
 1567 0054 0368     		ldr	r3, [r0]
 1568 0056 5B68     		ldr	r3, [r3, #4]
 1569 0058 03F07F03 		and	r3, r3, #127
 1570 005c 1370     		strb	r3, [r2]
 1571              	.L164:
 1572 005e C38D     		ldrh	r3, [r0, #46]
 1573 0060 013B     		subs	r3, r3, #1
 1574 0062 9BB2     		uxth	r3, r3
 1575 0064 C385     		strh	r3, [r0, #46]	@ movhi
 1576 0066 BBB9     		cbnz	r3, .L167
 1577 0068 0268     		ldr	r2, [r0]
 1578 006a D368     		ldr	r3, [r2, #12]
 1579 006c 23F02003 		bic	r3, r3, #32
 1580 0070 D360     		str	r3, [r2, #12]
 1581 0072 0268     		ldr	r2, [r0]
 1582 0074 D368     		ldr	r3, [r2, #12]
 1583 0076 23F48073 		bic	r3, r3, #256
 1584 007a D360     		str	r3, [r2, #12]
 1585 007c 0268     		ldr	r2, [r0]
 1586 007e 5369     		ldr	r3, [r2, #20]
 1587 0080 23F00103 		bic	r3, r3, #1
 1588 0084 5361     		str	r3, [r2, #20]
 1589 0086 2023     		movs	r3, #32
 1590 0088 80F83A30 		strb	r3, [r0, #58]
 1591 008c FFF7FEFF 		bl	HAL_UART_RxCpltCallback
 1592 0090 0020     		movs	r0, #0
 1593 0092 08BD     		pop	{r3, pc}
 1594              	.L166:
 1595 0094 0220     		movs	r0, #2
 1596 0096 08BD     		pop	{r3, pc}
 1597              	.L167:
 1598 0098 0020     		movs	r0, #0
 1599 009a 08BD     		pop	{r3, pc}
 1601              		.section	.text.HAL_UART_RxHalfCpltCallback,"ax",%progbits
 1602              		.align	2
 1603              		.weak	HAL_UART_RxHalfCpltCallback
ARM GAS  /tmp/cc5BnZQx.s 			page 28


 1604              		.thumb
 1605              		.thumb_func
 1607              	HAL_UART_RxHalfCpltCallback:
 1608              		@ args = 0, pretend = 0, frame = 0
 1609              		@ frame_needed = 0, uses_anonymous_args = 0
 1610              		@ link register save eliminated.
 1611 0000 7047     		bx	lr
 1613 0002 00BF     		.section	.text.UART_DMARxHalfCplt,"ax",%progbits
 1614              		.align	2
 1615              		.thumb
 1616              		.thumb_func
 1618              	UART_DMARxHalfCplt:
 1619              		@ args = 0, pretend = 0, frame = 0
 1620              		@ frame_needed = 0, uses_anonymous_args = 0
 1621 0000 08B5     		push	{r3, lr}
 1622 0002 406A     		ldr	r0, [r0, #36]
 1623 0004 FFF7FEFF 		bl	HAL_UART_RxHalfCpltCallback
 1624 0008 08BD     		pop	{r3, pc}
 1626 000a 00BF     		.section	.text.HAL_UART_ErrorCallback,"ax",%progbits
 1627              		.align	2
 1628              		.weak	HAL_UART_ErrorCallback
 1629              		.thumb
 1630              		.thumb_func
 1632              	HAL_UART_ErrorCallback:
 1633              		@ args = 0, pretend = 0, frame = 0
 1634              		@ frame_needed = 0, uses_anonymous_args = 0
 1635              		@ link register save eliminated.
 1636 0000 7047     		bx	lr
 1638 0002 00BF     		.section	.text.UART_DMAError,"ax",%progbits
 1639              		.align	2
 1640              		.thumb
 1641              		.thumb_func
 1643              	UART_DMAError:
 1644              		@ args = 0, pretend = 0, frame = 0
 1645              		@ frame_needed = 0, uses_anonymous_args = 0
 1646 0000 10B5     		push	{r4, lr}
 1647 0002 446A     		ldr	r4, [r0, #36]
 1648 0004 2368     		ldr	r3, [r4]
 1649 0006 5B69     		ldr	r3, [r3, #20]
 1650 0008 03F08002 		and	r2, r3, #128
 1651 000c 94F83930 		ldrb	r3, [r4, #57]	@ zero_extendqisi2
 1652 0010 DBB2     		uxtb	r3, r3
 1653 0012 212B     		cmp	r3, #33
 1654 0014 05D1     		bne	.L174
 1655 0016 22B1     		cbz	r2, .L174
 1656 0018 0023     		movs	r3, #0
 1657 001a E384     		strh	r3, [r4, #38]	@ movhi
 1658 001c 2046     		mov	r0, r4
 1659 001e FFF7FEFF 		bl	UART_EndTxTransfer
 1660              	.L174:
 1661 0022 2368     		ldr	r3, [r4]
 1662 0024 5B69     		ldr	r3, [r3, #20]
 1663 0026 03F04002 		and	r2, r3, #64
 1664 002a 94F83A30 		ldrb	r3, [r4, #58]	@ zero_extendqisi2
 1665 002e DBB2     		uxtb	r3, r3
 1666 0030 222B     		cmp	r3, #34
 1667 0032 05D1     		bne	.L175
ARM GAS  /tmp/cc5BnZQx.s 			page 29


 1668 0034 22B1     		cbz	r2, .L175
 1669 0036 0023     		movs	r3, #0
 1670 0038 E385     		strh	r3, [r4, #46]	@ movhi
 1671 003a 2046     		mov	r0, r4
 1672 003c FFF7FEFF 		bl	UART_EndRxTransfer
 1673              	.L175:
 1674 0040 E36B     		ldr	r3, [r4, #60]
 1675 0042 43F01003 		orr	r3, r3, #16
 1676 0046 E363     		str	r3, [r4, #60]
 1677 0048 2046     		mov	r0, r4
 1678 004a FFF7FEFF 		bl	HAL_UART_ErrorCallback
 1679 004e 10BD     		pop	{r4, pc}
 1681              		.section	.text.HAL_UART_IRQHandler,"ax",%progbits
 1682              		.align	2
 1683              		.global	HAL_UART_IRQHandler
 1684              		.thumb
 1685              		.thumb_func
 1687              	HAL_UART_IRQHandler:
 1688              		@ args = 0, pretend = 0, frame = 0
 1689              		@ frame_needed = 0, uses_anonymous_args = 0
 1690 0000 10B5     		push	{r4, lr}
 1691 0002 0446     		mov	r4, r0
 1692 0004 0268     		ldr	r2, [r0]
 1693 0006 1368     		ldr	r3, [r2]
 1694 0008 D168     		ldr	r1, [r2, #12]
 1695 000a 5269     		ldr	r2, [r2, #20]
 1696 000c 13F00F00 		ands	r0, r3, #15
 1697 0010 09D1     		bne	.L178
 1698 0012 13F0200F 		tst	r3, #32
 1699 0016 06D0     		beq	.L178
 1700 0018 11F0200F 		tst	r1, #32
 1701 001c 03D0     		beq	.L178
 1702 001e 2046     		mov	r0, r4
 1703 0020 FFF7FEFF 		bl	UART_Receive_IT
 1704 0024 10BD     		pop	{r4, pc}
 1705              	.L178:
 1706 0026 0028     		cmp	r0, #0
 1707 0028 62D0     		beq	.L180
 1708 002a 12F00102 		ands	r2, r2, #1
 1709 002e 02D1     		bne	.L181
 1710 0030 11F4907F 		tst	r1, #288
 1711 0034 5CD0     		beq	.L180
 1712              	.L181:
 1713 0036 13F0010F 		tst	r3, #1
 1714 003a 06D0     		beq	.L182
 1715 003c 11F4807F 		tst	r1, #256
 1716 0040 03D0     		beq	.L182
 1717 0042 E06B     		ldr	r0, [r4, #60]
 1718 0044 40F00100 		orr	r0, r0, #1
 1719 0048 E063     		str	r0, [r4, #60]
 1720              	.L182:
 1721 004a 13F0040F 		tst	r3, #4
 1722 004e 04D0     		beq	.L183
 1723 0050 1AB1     		cbz	r2, .L183
 1724 0052 E06B     		ldr	r0, [r4, #60]
 1725 0054 40F00200 		orr	r0, r0, #2
 1726 0058 E063     		str	r0, [r4, #60]
ARM GAS  /tmp/cc5BnZQx.s 			page 30


 1727              	.L183:
 1728 005a 13F0020F 		tst	r3, #2
 1729 005e 04D0     		beq	.L184
 1730 0060 1AB1     		cbz	r2, .L184
 1731 0062 E06B     		ldr	r0, [r4, #60]
 1732 0064 40F00400 		orr	r0, r0, #4
 1733 0068 E063     		str	r0, [r4, #60]
 1734              	.L184:
 1735 006a 13F0080F 		tst	r3, #8
 1736 006e 04D0     		beq	.L185
 1737 0070 1AB1     		cbz	r2, .L185
 1738 0072 E26B     		ldr	r2, [r4, #60]
 1739 0074 42F00802 		orr	r2, r2, #8
 1740 0078 E263     		str	r2, [r4, #60]
 1741              	.L185:
 1742 007a E26B     		ldr	r2, [r4, #60]
 1743 007c 002A     		cmp	r2, #0
 1744 007e 4AD0     		beq	.L177
 1745 0080 13F0200F 		tst	r3, #32
 1746 0084 05D0     		beq	.L186
 1747 0086 11F0200F 		tst	r1, #32
 1748 008a 02D0     		beq	.L186
 1749 008c 2046     		mov	r0, r4
 1750 008e FFF7FEFF 		bl	UART_Receive_IT
 1751              	.L186:
 1752 0092 2368     		ldr	r3, [r4]
 1753 0094 5B69     		ldr	r3, [r3, #20]
 1754 0096 03F04003 		and	r3, r3, #64
 1755 009a E26B     		ldr	r2, [r4, #60]
 1756 009c 12F0080F 		tst	r2, #8
 1757 00a0 00D1     		bne	.L187
 1758 00a2 FBB1     		cbz	r3, .L188
 1759              	.L187:
 1760 00a4 2046     		mov	r0, r4
 1761 00a6 FFF7FEFF 		bl	UART_EndRxTransfer
 1762 00aa 2368     		ldr	r3, [r4]
 1763 00ac 5A69     		ldr	r2, [r3, #20]
 1764 00ae 12F0400F 		tst	r2, #64
 1765 00b2 13D0     		beq	.L189
 1766 00b4 5A69     		ldr	r2, [r3, #20]
 1767 00b6 22F04002 		bic	r2, r2, #64
 1768 00ba 5A61     		str	r2, [r3, #20]
 1769 00bc 636B     		ldr	r3, [r4, #52]
 1770 00be 4BB1     		cbz	r3, .L190
 1771 00c0 154A     		ldr	r2, .L193
 1772 00c2 5A63     		str	r2, [r3, #52]
 1773 00c4 606B     		ldr	r0, [r4, #52]
 1774 00c6 FFF7FEFF 		bl	HAL_DMA_Abort_IT
 1775 00ca 20B3     		cbz	r0, .L177
 1776 00cc 606B     		ldr	r0, [r4, #52]
 1777 00ce 436B     		ldr	r3, [r0, #52]
 1778 00d0 9847     		blx	r3
 1779 00d2 10BD     		pop	{r4, pc}
 1780              	.L190:
 1781 00d4 2046     		mov	r0, r4
 1782 00d6 FFF7FEFF 		bl	HAL_UART_ErrorCallback
 1783 00da 10BD     		pop	{r4, pc}
ARM GAS  /tmp/cc5BnZQx.s 			page 31


 1784              	.L189:
 1785 00dc 2046     		mov	r0, r4
 1786 00de FFF7FEFF 		bl	HAL_UART_ErrorCallback
 1787 00e2 10BD     		pop	{r4, pc}
 1788              	.L188:
 1789 00e4 2046     		mov	r0, r4
 1790 00e6 FFF7FEFF 		bl	HAL_UART_ErrorCallback
 1791 00ea 0023     		movs	r3, #0
 1792 00ec E363     		str	r3, [r4, #60]
 1793 00ee 10BD     		pop	{r4, pc}
 1794              	.L180:
 1795 00f0 13F0800F 		tst	r3, #128
 1796 00f4 06D0     		beq	.L191
 1797 00f6 11F0800F 		tst	r1, #128
 1798 00fa 03D0     		beq	.L191
 1799 00fc 2046     		mov	r0, r4
 1800 00fe FFF7FEFF 		bl	UART_Transmit_IT
 1801 0102 10BD     		pop	{r4, pc}
 1802              	.L191:
 1803 0104 13F0400F 		tst	r3, #64
 1804 0108 05D0     		beq	.L177
 1805 010a 11F0400F 		tst	r1, #64
 1806 010e 02D0     		beq	.L177
 1807 0110 2046     		mov	r0, r4
 1808 0112 FFF7FEFF 		bl	UART_EndTransmit_IT
 1809              	.L177:
 1810 0116 10BD     		pop	{r4, pc}
 1811              	.L194:
 1812              		.align	2
 1813              	.L193:
 1814 0118 00000000 		.word	UART_DMAAbortOnError
 1816              		.section	.text.UART_DMAAbortOnError,"ax",%progbits
 1817              		.align	2
 1818              		.thumb
 1819              		.thumb_func
 1821              	UART_DMAAbortOnError:
 1822              		@ args = 0, pretend = 0, frame = 0
 1823              		@ frame_needed = 0, uses_anonymous_args = 0
 1824 0000 08B5     		push	{r3, lr}
 1825 0002 406A     		ldr	r0, [r0, #36]
 1826 0004 0023     		movs	r3, #0
 1827 0006 C385     		strh	r3, [r0, #46]	@ movhi
 1828 0008 C384     		strh	r3, [r0, #38]	@ movhi
 1829 000a FFF7FEFF 		bl	HAL_UART_ErrorCallback
 1830 000e 08BD     		pop	{r3, pc}
 1832              		.section	.text.HAL_UART_AbortCpltCallback,"ax",%progbits
 1833              		.align	2
 1834              		.weak	HAL_UART_AbortCpltCallback
 1835              		.thumb
 1836              		.thumb_func
 1838              	HAL_UART_AbortCpltCallback:
 1839              		@ args = 0, pretend = 0, frame = 0
 1840              		@ frame_needed = 0, uses_anonymous_args = 0
 1841              		@ link register save eliminated.
 1842 0000 7047     		bx	lr
 1844 0002 00BF     		.section	.text.HAL_UART_Abort_IT,"ax",%progbits
 1845              		.align	2
ARM GAS  /tmp/cc5BnZQx.s 			page 32


 1846              		.global	HAL_UART_Abort_IT
 1847              		.thumb
 1848              		.thumb_func
 1850              	HAL_UART_Abort_IT:
 1851              		@ args = 0, pretend = 0, frame = 0
 1852              		@ frame_needed = 0, uses_anonymous_args = 0
 1853 0000 10B5     		push	{r4, lr}
 1854 0002 0446     		mov	r4, r0
 1855 0004 0268     		ldr	r2, [r0]
 1856 0006 D368     		ldr	r3, [r2, #12]
 1857 0008 23F4F073 		bic	r3, r3, #480
 1858 000c D360     		str	r3, [r2, #12]
 1859 000e 0268     		ldr	r2, [r0]
 1860 0010 5369     		ldr	r3, [r2, #20]
 1861 0012 23F00103 		bic	r3, r3, #1
 1862 0016 5361     		str	r3, [r2, #20]
 1863 0018 036B     		ldr	r3, [r0, #48]
 1864 001a 4BB1     		cbz	r3, .L199
 1865 001c 0268     		ldr	r2, [r0]
 1866 001e 5269     		ldr	r2, [r2, #20]
 1867 0020 12F0800F 		tst	r2, #128
 1868 0024 02D0     		beq	.L200
 1869 0026 264A     		ldr	r2, .L211
 1870 0028 5A63     		str	r2, [r3, #52]
 1871 002a 01E0     		b	.L199
 1872              	.L200:
 1873 002c 0022     		movs	r2, #0
 1874 002e 5A63     		str	r2, [r3, #52]
 1875              	.L199:
 1876 0030 636B     		ldr	r3, [r4, #52]
 1877 0032 4BB1     		cbz	r3, .L201
 1878 0034 2268     		ldr	r2, [r4]
 1879 0036 5269     		ldr	r2, [r2, #20]
 1880 0038 12F0400F 		tst	r2, #64
 1881 003c 02D0     		beq	.L202
 1882 003e 214A     		ldr	r2, .L211+4
 1883 0040 5A63     		str	r2, [r3, #52]
 1884 0042 01E0     		b	.L201
 1885              	.L202:
 1886 0044 0022     		movs	r2, #0
 1887 0046 5A63     		str	r2, [r3, #52]
 1888              	.L201:
 1889 0048 2368     		ldr	r3, [r4]
 1890 004a 5A69     		ldr	r2, [r3, #20]
 1891 004c 12F0800F 		tst	r2, #128
 1892 0050 0DD0     		beq	.L206
 1893 0052 5A69     		ldr	r2, [r3, #20]
 1894 0054 22F08002 		bic	r2, r2, #128
 1895 0058 5A61     		str	r2, [r3, #20]
 1896 005a 206B     		ldr	r0, [r4, #48]
 1897 005c 48B1     		cbz	r0, .L207
 1898 005e FFF7FEFF 		bl	HAL_DMA_Abort_IT
 1899 0062 40B1     		cbz	r0, .L208
 1900 0064 236B     		ldr	r3, [r4, #48]
 1901 0066 0022     		movs	r2, #0
 1902 0068 5A63     		str	r2, [r3, #52]
 1903 006a 0122     		movs	r2, #1
ARM GAS  /tmp/cc5BnZQx.s 			page 33


 1904 006c 04E0     		b	.L203
 1905              	.L206:
 1906 006e 0122     		movs	r2, #1
 1907 0070 02E0     		b	.L203
 1908              	.L207:
 1909 0072 0122     		movs	r2, #1
 1910 0074 00E0     		b	.L203
 1911              	.L208:
 1912 0076 0022     		movs	r2, #0
 1913              	.L203:
 1914 0078 2368     		ldr	r3, [r4]
 1915 007a 5969     		ldr	r1, [r3, #20]
 1916 007c 11F0400F 		tst	r1, #64
 1917 0080 0ED0     		beq	.L204
 1918 0082 5969     		ldr	r1, [r3, #20]
 1919 0084 21F04001 		bic	r1, r1, #64
 1920 0088 5961     		str	r1, [r3, #20]
 1921 008a 606B     		ldr	r0, [r4, #52]
 1922 008c 40B1     		cbz	r0, .L204
 1923 008e FFF7FEFF 		bl	HAL_DMA_Abort_IT
 1924 0092 20B1     		cbz	r0, .L209
 1925 0094 636B     		ldr	r3, [r4, #52]
 1926 0096 0022     		movs	r2, #0
 1927 0098 5A63     		str	r2, [r3, #52]
 1928 009a 0122     		movs	r2, #1
 1929 009c 00E0     		b	.L204
 1930              	.L209:
 1931 009e 0022     		movs	r2, #0
 1932              	.L204:
 1933 00a0 5AB1     		cbz	r2, .L205
 1934 00a2 0023     		movs	r3, #0
 1935 00a4 E384     		strh	r3, [r4, #38]	@ movhi
 1936 00a6 E385     		strh	r3, [r4, #46]	@ movhi
 1937 00a8 E363     		str	r3, [r4, #60]
 1938 00aa 2023     		movs	r3, #32
 1939 00ac 84F83930 		strb	r3, [r4, #57]
 1940 00b0 84F83A30 		strb	r3, [r4, #58]
 1941 00b4 2046     		mov	r0, r4
 1942 00b6 FFF7FEFF 		bl	HAL_UART_AbortCpltCallback
 1943              	.L205:
 1944 00ba 0020     		movs	r0, #0
 1945 00bc 10BD     		pop	{r4, pc}
 1946              	.L212:
 1947 00be 00BF     		.align	2
 1948              	.L211:
 1949 00c0 00000000 		.word	UART_DMATxAbortCallback
 1950 00c4 00000000 		.word	UART_DMARxAbortCallback
 1952              		.section	.text.UART_DMARxAbortCallback,"ax",%progbits
 1953              		.align	2
 1954              		.thumb
 1955              		.thumb_func
 1957              	UART_DMARxAbortCallback:
 1958              		@ args = 0, pretend = 0, frame = 0
 1959              		@ frame_needed = 0, uses_anonymous_args = 0
 1960 0000 08B5     		push	{r3, lr}
 1961 0002 406A     		ldr	r0, [r0, #36]
 1962 0004 436B     		ldr	r3, [r0, #52]
ARM GAS  /tmp/cc5BnZQx.s 			page 34


 1963 0006 0022     		movs	r2, #0
 1964 0008 5A63     		str	r2, [r3, #52]
 1965 000a 036B     		ldr	r3, [r0, #48]
 1966 000c 0BB1     		cbz	r3, .L214
 1967 000e 5B6B     		ldr	r3, [r3, #52]
 1968 0010 53B9     		cbnz	r3, .L213
 1969              	.L214:
 1970 0012 0023     		movs	r3, #0
 1971 0014 C384     		strh	r3, [r0, #38]	@ movhi
 1972 0016 C385     		strh	r3, [r0, #46]	@ movhi
 1973 0018 C363     		str	r3, [r0, #60]
 1974 001a 2023     		movs	r3, #32
 1975 001c 80F83930 		strb	r3, [r0, #57]
 1976 0020 80F83A30 		strb	r3, [r0, #58]
 1977 0024 FFF7FEFF 		bl	HAL_UART_AbortCpltCallback
 1978              	.L213:
 1979 0028 08BD     		pop	{r3, pc}
 1981 002a 00BF     		.section	.text.UART_DMATxAbortCallback,"ax",%progbits
 1982              		.align	2
 1983              		.thumb
 1984              		.thumb_func
 1986              	UART_DMATxAbortCallback:
 1987              		@ args = 0, pretend = 0, frame = 0
 1988              		@ frame_needed = 0, uses_anonymous_args = 0
 1989 0000 08B5     		push	{r3, lr}
 1990 0002 406A     		ldr	r0, [r0, #36]
 1991 0004 036B     		ldr	r3, [r0, #48]
 1992 0006 0022     		movs	r2, #0
 1993 0008 5A63     		str	r2, [r3, #52]
 1994 000a 436B     		ldr	r3, [r0, #52]
 1995 000c 0BB1     		cbz	r3, .L218
 1996 000e 5B6B     		ldr	r3, [r3, #52]
 1997 0010 53B9     		cbnz	r3, .L217
 1998              	.L218:
 1999 0012 0023     		movs	r3, #0
 2000 0014 C384     		strh	r3, [r0, #38]	@ movhi
 2001 0016 C385     		strh	r3, [r0, #46]	@ movhi
 2002 0018 C363     		str	r3, [r0, #60]
 2003 001a 2023     		movs	r3, #32
 2004 001c 80F83930 		strb	r3, [r0, #57]
 2005 0020 80F83A30 		strb	r3, [r0, #58]
 2006 0024 FFF7FEFF 		bl	HAL_UART_AbortCpltCallback
 2007              	.L217:
 2008 0028 08BD     		pop	{r3, pc}
 2010 002a 00BF     		.section	.text.HAL_UART_AbortTransmitCpltCallback,"ax",%progbits
 2011              		.align	2
 2012              		.weak	HAL_UART_AbortTransmitCpltCallback
 2013              		.thumb
 2014              		.thumb_func
 2016              	HAL_UART_AbortTransmitCpltCallback:
 2017              		@ args = 0, pretend = 0, frame = 0
 2018              		@ frame_needed = 0, uses_anonymous_args = 0
 2019              		@ link register save eliminated.
 2020 0000 7047     		bx	lr
 2022 0002 00BF     		.section	.text.HAL_UART_AbortTransmit_IT,"ax",%progbits
 2023              		.align	2
 2024              		.global	HAL_UART_AbortTransmit_IT
ARM GAS  /tmp/cc5BnZQx.s 			page 35


 2025              		.thumb
 2026              		.thumb_func
 2028              	HAL_UART_AbortTransmit_IT:
 2029              		@ args = 0, pretend = 0, frame = 0
 2030              		@ frame_needed = 0, uses_anonymous_args = 0
 2031 0000 10B5     		push	{r4, lr}
 2032 0002 0446     		mov	r4, r0
 2033 0004 0268     		ldr	r2, [r0]
 2034 0006 D368     		ldr	r3, [r2, #12]
 2035 0008 23F0C003 		bic	r3, r3, #192
 2036 000c D360     		str	r3, [r2, #12]
 2037 000e 0368     		ldr	r3, [r0]
 2038 0010 5A69     		ldr	r2, [r3, #20]
 2039 0012 12F0800F 		tst	r2, #128
 2040 0016 17D0     		beq	.L223
 2041 0018 5A69     		ldr	r2, [r3, #20]
 2042 001a 22F08002 		bic	r2, r2, #128
 2043 001e 5A61     		str	r2, [r3, #20]
 2044 0020 036B     		ldr	r3, [r0, #48]
 2045 0022 4BB1     		cbz	r3, .L224
 2046 0024 0D4A     		ldr	r2, .L227
 2047 0026 5A63     		str	r2, [r3, #52]
 2048 0028 006B     		ldr	r0, [r0, #48]
 2049 002a FFF7FEFF 		bl	HAL_DMA_Abort_IT
 2050 002e 90B1     		cbz	r0, .L225
 2051 0030 206B     		ldr	r0, [r4, #48]
 2052 0032 436B     		ldr	r3, [r0, #52]
 2053 0034 9847     		blx	r3
 2054 0036 0EE0     		b	.L225
 2055              	.L224:
 2056 0038 0023     		movs	r3, #0
 2057 003a C384     		strh	r3, [r0, #38]	@ movhi
 2058 003c 2023     		movs	r3, #32
 2059 003e 80F83930 		strb	r3, [r0, #57]
 2060 0042 FFF7FEFF 		bl	HAL_UART_AbortTransmitCpltCallback
 2061 0046 06E0     		b	.L225
 2062              	.L223:
 2063 0048 0023     		movs	r3, #0
 2064 004a C384     		strh	r3, [r0, #38]	@ movhi
 2065 004c 2023     		movs	r3, #32
 2066 004e 80F83930 		strb	r3, [r0, #57]
 2067 0052 FFF7FEFF 		bl	HAL_UART_AbortTransmitCpltCallback
 2068              	.L225:
 2069 0056 0020     		movs	r0, #0
 2070 0058 10BD     		pop	{r4, pc}
 2071              	.L228:
 2072 005a 00BF     		.align	2
 2073              	.L227:
 2074 005c 00000000 		.word	UART_DMATxOnlyAbortCallback
 2076              		.section	.text.UART_DMATxOnlyAbortCallback,"ax",%progbits
 2077              		.align	2
 2078              		.thumb
 2079              		.thumb_func
 2081              	UART_DMATxOnlyAbortCallback:
 2082              		@ args = 0, pretend = 0, frame = 0
 2083              		@ frame_needed = 0, uses_anonymous_args = 0
 2084 0000 08B5     		push	{r3, lr}
ARM GAS  /tmp/cc5BnZQx.s 			page 36


 2085 0002 406A     		ldr	r0, [r0, #36]
 2086 0004 0023     		movs	r3, #0
 2087 0006 C384     		strh	r3, [r0, #38]	@ movhi
 2088 0008 2023     		movs	r3, #32
 2089 000a 80F83930 		strb	r3, [r0, #57]
 2090 000e FFF7FEFF 		bl	HAL_UART_AbortTransmitCpltCallback
 2091 0012 08BD     		pop	{r3, pc}
 2093              		.section	.text.HAL_UART_AbortReceiveCpltCallback,"ax",%progbits
 2094              		.align	2
 2095              		.weak	HAL_UART_AbortReceiveCpltCallback
 2096              		.thumb
 2097              		.thumb_func
 2099              	HAL_UART_AbortReceiveCpltCallback:
 2100              		@ args = 0, pretend = 0, frame = 0
 2101              		@ frame_needed = 0, uses_anonymous_args = 0
 2102              		@ link register save eliminated.
 2103 0000 7047     		bx	lr
 2105 0002 00BF     		.section	.text.HAL_UART_AbortReceive_IT,"ax",%progbits
 2106              		.align	2
 2107              		.global	HAL_UART_AbortReceive_IT
 2108              		.thumb
 2109              		.thumb_func
 2111              	HAL_UART_AbortReceive_IT:
 2112              		@ args = 0, pretend = 0, frame = 0
 2113              		@ frame_needed = 0, uses_anonymous_args = 0
 2114 0000 10B5     		push	{r4, lr}
 2115 0002 0446     		mov	r4, r0
 2116 0004 0268     		ldr	r2, [r0]
 2117 0006 D368     		ldr	r3, [r2, #12]
 2118 0008 23F49073 		bic	r3, r3, #288
 2119 000c D360     		str	r3, [r2, #12]
 2120 000e 0268     		ldr	r2, [r0]
 2121 0010 5369     		ldr	r3, [r2, #20]
 2122 0012 23F00103 		bic	r3, r3, #1
 2123 0016 5361     		str	r3, [r2, #20]
 2124 0018 0368     		ldr	r3, [r0]
 2125 001a 5A69     		ldr	r2, [r3, #20]
 2126 001c 12F0400F 		tst	r2, #64
 2127 0020 17D0     		beq	.L233
 2128 0022 5A69     		ldr	r2, [r3, #20]
 2129 0024 22F04002 		bic	r2, r2, #64
 2130 0028 5A61     		str	r2, [r3, #20]
 2131 002a 436B     		ldr	r3, [r0, #52]
 2132 002c 4BB1     		cbz	r3, .L234
 2133 002e 0D4A     		ldr	r2, .L237
 2134 0030 5A63     		str	r2, [r3, #52]
 2135 0032 406B     		ldr	r0, [r0, #52]
 2136 0034 FFF7FEFF 		bl	HAL_DMA_Abort_IT
 2137 0038 90B1     		cbz	r0, .L235
 2138 003a 606B     		ldr	r0, [r4, #52]
 2139 003c 436B     		ldr	r3, [r0, #52]
 2140 003e 9847     		blx	r3
 2141 0040 0EE0     		b	.L235
 2142              	.L234:
 2143 0042 0023     		movs	r3, #0
 2144 0044 C385     		strh	r3, [r0, #46]	@ movhi
 2145 0046 2023     		movs	r3, #32
ARM GAS  /tmp/cc5BnZQx.s 			page 37


 2146 0048 80F83A30 		strb	r3, [r0, #58]
 2147 004c FFF7FEFF 		bl	HAL_UART_AbortReceiveCpltCallback
 2148 0050 06E0     		b	.L235
 2149              	.L233:
 2150 0052 0023     		movs	r3, #0
 2151 0054 C385     		strh	r3, [r0, #46]	@ movhi
 2152 0056 2023     		movs	r3, #32
 2153 0058 80F83A30 		strb	r3, [r0, #58]
 2154 005c FFF7FEFF 		bl	HAL_UART_AbortReceiveCpltCallback
 2155              	.L235:
 2156 0060 0020     		movs	r0, #0
 2157 0062 10BD     		pop	{r4, pc}
 2158              	.L238:
 2159              		.align	2
 2160              	.L237:
 2161 0064 00000000 		.word	UART_DMARxOnlyAbortCallback
 2163              		.section	.text.UART_DMARxOnlyAbortCallback,"ax",%progbits
 2164              		.align	2
 2165              		.thumb
 2166              		.thumb_func
 2168              	UART_DMARxOnlyAbortCallback:
 2169              		@ args = 0, pretend = 0, frame = 0
 2170              		@ frame_needed = 0, uses_anonymous_args = 0
 2171 0000 08B5     		push	{r3, lr}
 2172 0002 406A     		ldr	r0, [r0, #36]
 2173 0004 0023     		movs	r3, #0
 2174 0006 C385     		strh	r3, [r0, #46]	@ movhi
 2175 0008 2023     		movs	r3, #32
 2176 000a 80F83A30 		strb	r3, [r0, #58]
 2177 000e FFF7FEFF 		bl	HAL_UART_AbortReceiveCpltCallback
 2178 0012 08BD     		pop	{r3, pc}
 2180              		.section	.text.HAL_LIN_SendBreak,"ax",%progbits
 2181              		.align	2
 2182              		.global	HAL_LIN_SendBreak
 2183              		.thumb
 2184              		.thumb_func
 2186              	HAL_LIN_SendBreak:
 2187              		@ args = 0, pretend = 0, frame = 0
 2188              		@ frame_needed = 0, uses_anonymous_args = 0
 2189              		@ link register save eliminated.
 2190 0000 90F83830 		ldrb	r3, [r0, #56]	@ zero_extendqisi2
 2191 0004 012B     		cmp	r3, #1
 2192 0006 12D0     		beq	.L243
 2193 0008 0123     		movs	r3, #1
 2194 000a 80F83830 		strb	r3, [r0, #56]
 2195 000e 2423     		movs	r3, #36
 2196 0010 80F83930 		strb	r3, [r0, #57]
 2197 0014 0268     		ldr	r2, [r0]
 2198 0016 D368     		ldr	r3, [r2, #12]
 2199 0018 43F00103 		orr	r3, r3, #1
 2200 001c D360     		str	r3, [r2, #12]
 2201 001e 2023     		movs	r3, #32
 2202 0020 80F83930 		strb	r3, [r0, #57]
 2203 0024 0023     		movs	r3, #0
 2204 0026 80F83830 		strb	r3, [r0, #56]
 2205 002a 1846     		mov	r0, r3
 2206 002c 7047     		bx	lr
ARM GAS  /tmp/cc5BnZQx.s 			page 38


 2207              	.L243:
 2208 002e 0220     		movs	r0, #2
 2209 0030 7047     		bx	lr
 2211 0032 00BF     		.section	.text.HAL_MultiProcessor_EnterMuteMode,"ax",%progbits
 2212              		.align	2
 2213              		.global	HAL_MultiProcessor_EnterMuteMode
 2214              		.thumb
 2215              		.thumb_func
 2217              	HAL_MultiProcessor_EnterMuteMode:
 2218              		@ args = 0, pretend = 0, frame = 0
 2219              		@ frame_needed = 0, uses_anonymous_args = 0
 2220              		@ link register save eliminated.
 2221 0000 90F83830 		ldrb	r3, [r0, #56]	@ zero_extendqisi2
 2222 0004 012B     		cmp	r3, #1
 2223 0006 12D0     		beq	.L246
 2224 0008 0123     		movs	r3, #1
 2225 000a 80F83830 		strb	r3, [r0, #56]
 2226 000e 2423     		movs	r3, #36
 2227 0010 80F83930 		strb	r3, [r0, #57]
 2228 0014 0268     		ldr	r2, [r0]
 2229 0016 D368     		ldr	r3, [r2, #12]
 2230 0018 43F00203 		orr	r3, r3, #2
 2231 001c D360     		str	r3, [r2, #12]
 2232 001e 2023     		movs	r3, #32
 2233 0020 80F83930 		strb	r3, [r0, #57]
 2234 0024 0023     		movs	r3, #0
 2235 0026 80F83830 		strb	r3, [r0, #56]
 2236 002a 1846     		mov	r0, r3
 2237 002c 7047     		bx	lr
 2238              	.L246:
 2239 002e 0220     		movs	r0, #2
 2240 0030 7047     		bx	lr
 2242 0032 00BF     		.section	.text.HAL_MultiProcessor_ExitMuteMode,"ax",%progbits
 2243              		.align	2
 2244              		.global	HAL_MultiProcessor_ExitMuteMode
 2245              		.thumb
 2246              		.thumb_func
 2248              	HAL_MultiProcessor_ExitMuteMode:
 2249              		@ args = 0, pretend = 0, frame = 0
 2250              		@ frame_needed = 0, uses_anonymous_args = 0
 2251              		@ link register save eliminated.
 2252 0000 90F83830 		ldrb	r3, [r0, #56]	@ zero_extendqisi2
 2253 0004 012B     		cmp	r3, #1
 2254 0006 12D0     		beq	.L249
 2255 0008 0123     		movs	r3, #1
 2256 000a 80F83830 		strb	r3, [r0, #56]
 2257 000e 2423     		movs	r3, #36
 2258 0010 80F83930 		strb	r3, [r0, #57]
 2259 0014 0268     		ldr	r2, [r0]
 2260 0016 D368     		ldr	r3, [r2, #12]
 2261 0018 23F00203 		bic	r3, r3, #2
 2262 001c D360     		str	r3, [r2, #12]
 2263 001e 2023     		movs	r3, #32
 2264 0020 80F83930 		strb	r3, [r0, #57]
 2265 0024 0023     		movs	r3, #0
 2266 0026 80F83830 		strb	r3, [r0, #56]
 2267 002a 1846     		mov	r0, r3
ARM GAS  /tmp/cc5BnZQx.s 			page 39


 2268 002c 7047     		bx	lr
 2269              	.L249:
 2270 002e 0220     		movs	r0, #2
 2271 0030 7047     		bx	lr
 2273 0032 00BF     		.section	.text.HAL_HalfDuplex_EnableTransmitter,"ax",%progbits
 2274              		.align	2
 2275              		.global	HAL_HalfDuplex_EnableTransmitter
 2276              		.thumb
 2277              		.thumb_func
 2279              	HAL_HalfDuplex_EnableTransmitter:
 2280              		@ args = 0, pretend = 0, frame = 0
 2281              		@ frame_needed = 0, uses_anonymous_args = 0
 2282              		@ link register save eliminated.
 2283 0000 90F83830 		ldrb	r3, [r0, #56]	@ zero_extendqisi2
 2284 0004 012B     		cmp	r3, #1
 2285 0006 14D0     		beq	.L252
 2286 0008 0123     		movs	r3, #1
 2287 000a 80F83830 		strb	r3, [r0, #56]
 2288 000e 2423     		movs	r3, #36
 2289 0010 80F83930 		strb	r3, [r0, #57]
 2290 0014 0268     		ldr	r2, [r0]
 2291 0016 D368     		ldr	r3, [r2, #12]
 2292 0018 23F00C03 		bic	r3, r3, #12
 2293 001c 43F00803 		orr	r3, r3, #8
 2294 0020 D360     		str	r3, [r2, #12]
 2295 0022 2023     		movs	r3, #32
 2296 0024 80F83930 		strb	r3, [r0, #57]
 2297 0028 0023     		movs	r3, #0
 2298 002a 80F83830 		strb	r3, [r0, #56]
 2299 002e 1846     		mov	r0, r3
 2300 0030 7047     		bx	lr
 2301              	.L252:
 2302 0032 0220     		movs	r0, #2
 2303 0034 7047     		bx	lr
 2305 0036 00BF     		.section	.text.HAL_HalfDuplex_EnableReceiver,"ax",%progbits
 2306              		.align	2
 2307              		.global	HAL_HalfDuplex_EnableReceiver
 2308              		.thumb
 2309              		.thumb_func
 2311              	HAL_HalfDuplex_EnableReceiver:
 2312              		@ args = 0, pretend = 0, frame = 0
 2313              		@ frame_needed = 0, uses_anonymous_args = 0
 2314              		@ link register save eliminated.
 2315 0000 90F83830 		ldrb	r3, [r0, #56]	@ zero_extendqisi2
 2316 0004 012B     		cmp	r3, #1
 2317 0006 14D0     		beq	.L255
 2318 0008 0123     		movs	r3, #1
 2319 000a 80F83830 		strb	r3, [r0, #56]
 2320 000e 2423     		movs	r3, #36
 2321 0010 80F83930 		strb	r3, [r0, #57]
 2322 0014 0268     		ldr	r2, [r0]
 2323 0016 D368     		ldr	r3, [r2, #12]
 2324 0018 23F00C03 		bic	r3, r3, #12
 2325 001c 43F00403 		orr	r3, r3, #4
 2326 0020 D360     		str	r3, [r2, #12]
 2327 0022 2023     		movs	r3, #32
 2328 0024 80F83930 		strb	r3, [r0, #57]
ARM GAS  /tmp/cc5BnZQx.s 			page 40


 2329 0028 0023     		movs	r3, #0
 2330 002a 80F83830 		strb	r3, [r0, #56]
 2331 002e 1846     		mov	r0, r3
 2332 0030 7047     		bx	lr
 2333              	.L255:
 2334 0032 0220     		movs	r0, #2
 2335 0034 7047     		bx	lr
 2337 0036 00BF     		.section	.text.HAL_UART_GetState,"ax",%progbits
 2338              		.align	2
 2339              		.global	HAL_UART_GetState
 2340              		.thumb
 2341              		.thumb_func
 2343              	HAL_UART_GetState:
 2344              		@ args = 0, pretend = 0, frame = 0
 2345              		@ frame_needed = 0, uses_anonymous_args = 0
 2346              		@ link register save eliminated.
 2347 0000 90F83930 		ldrb	r3, [r0, #57]	@ zero_extendqisi2
 2348 0004 90F83A00 		ldrb	r0, [r0, #58]	@ zero_extendqisi2
 2349 0008 1843     		orrs	r0, r0, r3
 2350 000a 7047     		bx	lr
 2352              		.section	.text.HAL_UART_GetError,"ax",%progbits
 2353              		.align	2
 2354              		.global	HAL_UART_GetError
 2355              		.thumb
 2356              		.thumb_func
 2358              	HAL_UART_GetError:
 2359              		@ args = 0, pretend = 0, frame = 0
 2360              		@ frame_needed = 0, uses_anonymous_args = 0
 2361              		@ link register save eliminated.
 2362 0000 C06B     		ldr	r0, [r0, #60]
 2363 0002 7047     		bx	lr
 2365              		.ident	"GCC: (15:4.9.3+svn231177-1) 4.9.3 20150529 (prerelease)"
ARM GAS  /tmp/cc5BnZQx.s 			page 41


DEFINED SYMBOLS
                            *ABS*:0000000000000000 stm32f1xx_hal_uart.c
     /tmp/cc5BnZQx.s:16     .text.UART_EndTxTransfer:0000000000000000 $t
     /tmp/cc5BnZQx.s:20     .text.UART_EndTxTransfer:0000000000000000 UART_EndTxTransfer
     /tmp/cc5BnZQx.s:33     .text.UART_EndRxTransfer:0000000000000000 $t
     /tmp/cc5BnZQx.s:37     .text.UART_EndRxTransfer:0000000000000000 UART_EndRxTransfer
     /tmp/cc5BnZQx.s:54     .text.UART_Transmit_IT:0000000000000000 $t
     /tmp/cc5BnZQx.s:58     .text.UART_Transmit_IT:0000000000000000 UART_Transmit_IT
     /tmp/cc5BnZQx.s:116    .text.UART_SetConfig:0000000000000000 $t
     /tmp/cc5BnZQx.s:120    .text.UART_SetConfig:0000000000000000 UART_SetConfig
     /tmp/cc5BnZQx.s:200    .text.UART_SetConfig:00000000000000c4 $d
     /tmp/cc5BnZQx.s:204    .text.UART_WaitOnFlagUntilTimeout:0000000000000000 $t
     /tmp/cc5BnZQx.s:208    .text.UART_WaitOnFlagUntilTimeout:0000000000000000 UART_WaitOnFlagUntilTimeout
     /tmp/cc5BnZQx.s:256    .text.HAL_UART_MspInit:0000000000000000 $t
     /tmp/cc5BnZQx.s:261    .text.HAL_UART_MspInit:0000000000000000 HAL_UART_MspInit
     /tmp/cc5BnZQx.s:268    .text.HAL_UART_Init:0000000000000000 $t
     /tmp/cc5BnZQx.s:273    .text.HAL_UART_Init:0000000000000000 HAL_UART_Init
     /tmp/cc5BnZQx.s:317    .text.HAL_HalfDuplex_Init:0000000000000000 $t
     /tmp/cc5BnZQx.s:322    .text.HAL_HalfDuplex_Init:0000000000000000 HAL_HalfDuplex_Init
     /tmp/cc5BnZQx.s:371    .text.HAL_LIN_Init:0000000000000000 $t
     /tmp/cc5BnZQx.s:376    .text.HAL_LIN_Init:0000000000000000 HAL_LIN_Init
     /tmp/cc5BnZQx.s:434    .text.HAL_MultiProcessor_Init:0000000000000000 $t
     /tmp/cc5BnZQx.s:439    .text.HAL_MultiProcessor_Init:0000000000000000 HAL_MultiProcessor_Init
     /tmp/cc5BnZQx.s:502    .text.HAL_UART_MspDeInit:0000000000000000 $t
     /tmp/cc5BnZQx.s:507    .text.HAL_UART_MspDeInit:0000000000000000 HAL_UART_MspDeInit
     /tmp/cc5BnZQx.s:514    .text.HAL_UART_DeInit:0000000000000000 $t
     /tmp/cc5BnZQx.s:519    .text.HAL_UART_DeInit:0000000000000000 HAL_UART_DeInit
     /tmp/cc5BnZQx.s:543    .text.HAL_UART_Transmit:0000000000000000 $t
     /tmp/cc5BnZQx.s:548    .text.HAL_UART_Transmit:0000000000000000 HAL_UART_Transmit
     /tmp/cc5BnZQx.s:662    .text.HAL_UART_Receive:0000000000000000 $t
     /tmp/cc5BnZQx.s:667    .text.HAL_UART_Receive:0000000000000000 HAL_UART_Receive
     /tmp/cc5BnZQx.s:781    .text.HAL_UART_Transmit_IT:0000000000000000 $t
     /tmp/cc5BnZQx.s:786    .text.HAL_UART_Transmit_IT:0000000000000000 HAL_UART_Transmit_IT
     /tmp/cc5BnZQx.s:827    .text.HAL_UART_Receive_IT:0000000000000000 $t
     /tmp/cc5BnZQx.s:832    .text.HAL_UART_Receive_IT:0000000000000000 HAL_UART_Receive_IT
     /tmp/cc5BnZQx.s:881    .text.HAL_UART_Transmit_DMA:0000000000000000 $t
     /tmp/cc5BnZQx.s:886    .text.HAL_UART_Transmit_DMA:0000000000000000 HAL_UART_Transmit_DMA
     /tmp/cc5BnZQx.s:952    .text.HAL_UART_Transmit_DMA:0000000000000080 $d
     /tmp/cc5BnZQx.s:1401   .text.UART_DMATransmitCplt:0000000000000000 UART_DMATransmitCplt
     /tmp/cc5BnZQx.s:1462   .text.UART_DMATxHalfCplt:0000000000000000 UART_DMATxHalfCplt
     /tmp/cc5BnZQx.s:1643   .text.UART_DMAError:0000000000000000 UART_DMAError
     /tmp/cc5BnZQx.s:957    .text.HAL_UART_Receive_DMA:0000000000000000 $t
     /tmp/cc5BnZQx.s:962    .text.HAL_UART_Receive_DMA:0000000000000000 HAL_UART_Receive_DMA
     /tmp/cc5BnZQx.s:1044   .text.HAL_UART_Receive_DMA:00000000000000a0 $d
     /tmp/cc5BnZQx.s:1487   .text.UART_DMAReceiveCplt:0000000000000000 UART_DMAReceiveCplt
     /tmp/cc5BnZQx.s:1618   .text.UART_DMARxHalfCplt:0000000000000000 UART_DMARxHalfCplt
     /tmp/cc5BnZQx.s:1049   .text.HAL_UART_DMAPause:0000000000000000 $t
     /tmp/cc5BnZQx.s:1054   .text.HAL_UART_DMAPause:0000000000000000 HAL_UART_DMAPause
     /tmp/cc5BnZQx.s:1104   .text.HAL_UART_DMAResume:0000000000000000 $t
     /tmp/cc5BnZQx.s:1109   .text.HAL_UART_DMAResume:0000000000000000 HAL_UART_DMAResume
     /tmp/cc5BnZQx.s:1169   .text.HAL_UART_DMAStop:0000000000000000 $t
     /tmp/cc5BnZQx.s:1174   .text.HAL_UART_DMAStop:0000000000000000 HAL_UART_DMAStop
     /tmp/cc5BnZQx.s:1219   .text.HAL_UART_Abort:0000000000000000 $t
     /tmp/cc5BnZQx.s:1224   .text.HAL_UART_Abort:0000000000000000 HAL_UART_Abort
     /tmp/cc5BnZQx.s:1293   .text.HAL_UART_AbortTransmit:0000000000000000 $t
     /tmp/cc5BnZQx.s:1298   .text.HAL_UART_AbortTransmit:0000000000000000 HAL_UART_AbortTransmit
     /tmp/cc5BnZQx.s:1337   .text.HAL_UART_AbortReceive:0000000000000000 $t
ARM GAS  /tmp/cc5BnZQx.s 			page 42


     /tmp/cc5BnZQx.s:1342   .text.HAL_UART_AbortReceive:0000000000000000 HAL_UART_AbortReceive
     /tmp/cc5BnZQx.s:1385   .text.HAL_UART_TxCpltCallback:0000000000000000 $t
     /tmp/cc5BnZQx.s:1390   .text.HAL_UART_TxCpltCallback:0000000000000000 HAL_UART_TxCpltCallback
     /tmp/cc5BnZQx.s:1397   .text.UART_DMATransmitCplt:0000000000000000 $t
     /tmp/cc5BnZQx.s:1427   .text.UART_EndTransmit_IT:0000000000000000 $t
     /tmp/cc5BnZQx.s:1431   .text.UART_EndTransmit_IT:0000000000000000 UART_EndTransmit_IT
     /tmp/cc5BnZQx.s:1446   .text.HAL_UART_TxHalfCpltCallback:0000000000000000 $t
     /tmp/cc5BnZQx.s:1451   .text.HAL_UART_TxHalfCpltCallback:0000000000000000 HAL_UART_TxHalfCpltCallback
     /tmp/cc5BnZQx.s:1458   .text.UART_DMATxHalfCplt:0000000000000000 $t
     /tmp/cc5BnZQx.s:1471   .text.HAL_UART_RxCpltCallback:0000000000000000 $t
     /tmp/cc5BnZQx.s:1476   .text.HAL_UART_RxCpltCallback:0000000000000000 HAL_UART_RxCpltCallback
     /tmp/cc5BnZQx.s:1483   .text.UART_DMAReceiveCplt:0000000000000000 $t
     /tmp/cc5BnZQx.s:1518   .text.UART_Receive_IT:0000000000000000 $t
     /tmp/cc5BnZQx.s:1522   .text.UART_Receive_IT:0000000000000000 UART_Receive_IT
     /tmp/cc5BnZQx.s:1602   .text.HAL_UART_RxHalfCpltCallback:0000000000000000 $t
     /tmp/cc5BnZQx.s:1607   .text.HAL_UART_RxHalfCpltCallback:0000000000000000 HAL_UART_RxHalfCpltCallback
     /tmp/cc5BnZQx.s:1614   .text.UART_DMARxHalfCplt:0000000000000000 $t
     /tmp/cc5BnZQx.s:1627   .text.HAL_UART_ErrorCallback:0000000000000000 $t
     /tmp/cc5BnZQx.s:1632   .text.HAL_UART_ErrorCallback:0000000000000000 HAL_UART_ErrorCallback
     /tmp/cc5BnZQx.s:1639   .text.UART_DMAError:0000000000000000 $t
     /tmp/cc5BnZQx.s:1682   .text.HAL_UART_IRQHandler:0000000000000000 $t
     /tmp/cc5BnZQx.s:1687   .text.HAL_UART_IRQHandler:0000000000000000 HAL_UART_IRQHandler
     /tmp/cc5BnZQx.s:1814   .text.HAL_UART_IRQHandler:0000000000000118 $d
     /tmp/cc5BnZQx.s:1821   .text.UART_DMAAbortOnError:0000000000000000 UART_DMAAbortOnError
     /tmp/cc5BnZQx.s:1817   .text.UART_DMAAbortOnError:0000000000000000 $t
     /tmp/cc5BnZQx.s:1833   .text.HAL_UART_AbortCpltCallback:0000000000000000 $t
     /tmp/cc5BnZQx.s:1838   .text.HAL_UART_AbortCpltCallback:0000000000000000 HAL_UART_AbortCpltCallback
     /tmp/cc5BnZQx.s:1845   .text.HAL_UART_Abort_IT:0000000000000000 $t
     /tmp/cc5BnZQx.s:1850   .text.HAL_UART_Abort_IT:0000000000000000 HAL_UART_Abort_IT
     /tmp/cc5BnZQx.s:1949   .text.HAL_UART_Abort_IT:00000000000000c0 $d
     /tmp/cc5BnZQx.s:1986   .text.UART_DMATxAbortCallback:0000000000000000 UART_DMATxAbortCallback
     /tmp/cc5BnZQx.s:1957   .text.UART_DMARxAbortCallback:0000000000000000 UART_DMARxAbortCallback
     /tmp/cc5BnZQx.s:1953   .text.UART_DMARxAbortCallback:0000000000000000 $t
     /tmp/cc5BnZQx.s:1982   .text.UART_DMATxAbortCallback:0000000000000000 $t
     /tmp/cc5BnZQx.s:2011   .text.HAL_UART_AbortTransmitCpltCallback:0000000000000000 $t
     /tmp/cc5BnZQx.s:2016   .text.HAL_UART_AbortTransmitCpltCallback:0000000000000000 HAL_UART_AbortTransmitCpltCallback
     /tmp/cc5BnZQx.s:2023   .text.HAL_UART_AbortTransmit_IT:0000000000000000 $t
     /tmp/cc5BnZQx.s:2028   .text.HAL_UART_AbortTransmit_IT:0000000000000000 HAL_UART_AbortTransmit_IT
     /tmp/cc5BnZQx.s:2074   .text.HAL_UART_AbortTransmit_IT:000000000000005c $d
     /tmp/cc5BnZQx.s:2081   .text.UART_DMATxOnlyAbortCallback:0000000000000000 UART_DMATxOnlyAbortCallback
     /tmp/cc5BnZQx.s:2077   .text.UART_DMATxOnlyAbortCallback:0000000000000000 $t
     /tmp/cc5BnZQx.s:2094   .text.HAL_UART_AbortReceiveCpltCallback:0000000000000000 $t
     /tmp/cc5BnZQx.s:2099   .text.HAL_UART_AbortReceiveCpltCallback:0000000000000000 HAL_UART_AbortReceiveCpltCallback
     /tmp/cc5BnZQx.s:2106   .text.HAL_UART_AbortReceive_IT:0000000000000000 $t
     /tmp/cc5BnZQx.s:2111   .text.HAL_UART_AbortReceive_IT:0000000000000000 HAL_UART_AbortReceive_IT
     /tmp/cc5BnZQx.s:2161   .text.HAL_UART_AbortReceive_IT:0000000000000064 $d
     /tmp/cc5BnZQx.s:2168   .text.UART_DMARxOnlyAbortCallback:0000000000000000 UART_DMARxOnlyAbortCallback
     /tmp/cc5BnZQx.s:2164   .text.UART_DMARxOnlyAbortCallback:0000000000000000 $t
     /tmp/cc5BnZQx.s:2181   .text.HAL_LIN_SendBreak:0000000000000000 $t
     /tmp/cc5BnZQx.s:2186   .text.HAL_LIN_SendBreak:0000000000000000 HAL_LIN_SendBreak
     /tmp/cc5BnZQx.s:2212   .text.HAL_MultiProcessor_EnterMuteMode:0000000000000000 $t
     /tmp/cc5BnZQx.s:2217   .text.HAL_MultiProcessor_EnterMuteMode:0000000000000000 HAL_MultiProcessor_EnterMuteMode
     /tmp/cc5BnZQx.s:2243   .text.HAL_MultiProcessor_ExitMuteMode:0000000000000000 $t
     /tmp/cc5BnZQx.s:2248   .text.HAL_MultiProcessor_ExitMuteMode:0000000000000000 HAL_MultiProcessor_ExitMuteMode
     /tmp/cc5BnZQx.s:2274   .text.HAL_HalfDuplex_EnableTransmitter:0000000000000000 $t
     /tmp/cc5BnZQx.s:2279   .text.HAL_HalfDuplex_EnableTransmitter:0000000000000000 HAL_HalfDuplex_EnableTransmitter
     /tmp/cc5BnZQx.s:2306   .text.HAL_HalfDuplex_EnableReceiver:0000000000000000 $t
ARM GAS  /tmp/cc5BnZQx.s 			page 43


     /tmp/cc5BnZQx.s:2311   .text.HAL_HalfDuplex_EnableReceiver:0000000000000000 HAL_HalfDuplex_EnableReceiver
     /tmp/cc5BnZQx.s:2338   .text.HAL_UART_GetState:0000000000000000 $t
     /tmp/cc5BnZQx.s:2343   .text.HAL_UART_GetState:0000000000000000 HAL_UART_GetState
     /tmp/cc5BnZQx.s:2353   .text.HAL_UART_GetError:0000000000000000 $t
     /tmp/cc5BnZQx.s:2358   .text.HAL_UART_GetError:0000000000000000 HAL_UART_GetError

UNDEFINED SYMBOLS
HAL_RCC_GetPCLK2Freq
HAL_RCC_GetPCLK1Freq
HAL_GetTick
HAL_DMA_Start_IT
HAL_DMA_Abort
HAL_DMA_GetError
HAL_DMA_Abort_IT
