ARM GAS  /tmp/cczxih4N.s 			page 1


   1              		.cpu cortex-m3
   2              		.eabi_attribute 20, 1
   3              		.eabi_attribute 21, 1
   4              		.eabi_attribute 23, 3
   5              		.eabi_attribute 24, 1
   6              		.eabi_attribute 25, 1
   7              		.eabi_attribute 26, 1
   8              		.eabi_attribute 30, 1
   9              		.eabi_attribute 34, 1
  10              		.eabi_attribute 18, 4
  11              		.file	"stm32f1xx_hal_iwdg.c"
  12              		.section	.text.HAL_IWDG_Init,"ax",%progbits
  13              		.align	1
  14              		.global	HAL_IWDG_Init
  15              		.syntax unified
  16              		.thumb
  17              		.thumb_func
  18              		.fpu softvfp
  20              	HAL_IWDG_Init:
  21              		@ args = 0, pretend = 0, frame = 0
  22              		@ frame_needed = 0, uses_anonymous_args = 0
  23 0000 08B3     		cbz	r0, .L5
  24 0002 38B5     		push	{r3, r4, r5, lr}
  25 0004 0446     		mov	r4, r0
  26 0006 0368     		ldr	r3, [r0]
  27 0008 4CF6CC42 		movw	r2, #52428
  28 000c 1A60     		str	r2, [r3]
  29 000e 0368     		ldr	r3, [r0]
  30 0010 45F25552 		movw	r2, #21845
  31 0014 1A60     		str	r2, [r3]
  32 0016 0368     		ldr	r3, [r0]
  33 0018 4268     		ldr	r2, [r0, #4]
  34 001a 5A60     		str	r2, [r3, #4]
  35 001c 0368     		ldr	r3, [r0]
  36 001e 8268     		ldr	r2, [r0, #8]
  37 0020 9A60     		str	r2, [r3, #8]
  38 0022 FFF7FEFF 		bl	HAL_GetTick
  39 0026 0546     		mov	r5, r0
  40              	.L3:
  41 0028 2368     		ldr	r3, [r4]
  42 002a DA68     		ldr	r2, [r3, #12]
  43 002c 32B1     		cbz	r2, .L11
  44 002e FFF7FEFF 		bl	HAL_GetTick
  45 0032 401B     		subs	r0, r0, r5
  46 0034 3028     		cmp	r0, #48
  47 0036 F7D9     		bls	.L3
  48 0038 0320     		movs	r0, #3
  49 003a 38BD     		pop	{r3, r4, r5, pc}
  50              	.L11:
  51 003c 4AF6AA22 		movw	r2, #43690
  52 0040 1A60     		str	r2, [r3]
  53 0042 0020     		movs	r0, #0
  54 0044 38BD     		pop	{r3, r4, r5, pc}
  55              	.L5:
  56 0046 0120     		movs	r0, #1
  57 0048 7047     		bx	lr
  59              		.section	.text.HAL_IWDG_Refresh,"ax",%progbits
ARM GAS  /tmp/cczxih4N.s 			page 2


  60              		.align	1
  61              		.global	HAL_IWDG_Refresh
  62              		.syntax unified
  63              		.thumb
  64              		.thumb_func
  65              		.fpu softvfp
  67              	HAL_IWDG_Refresh:
  68              		@ args = 0, pretend = 0, frame = 0
  69              		@ frame_needed = 0, uses_anonymous_args = 0
  70              		@ link register save eliminated.
  71 0000 0368     		ldr	r3, [r0]
  72 0002 4AF6AA22 		movw	r2, #43690
  73 0006 1A60     		str	r2, [r3]
  74 0008 0020     		movs	r0, #0
  75 000a 7047     		bx	lr
  77              		.ident	"GCC: (15:6.3.1+svn253039-1build1) 6.3.1 20170620"
ARM GAS  /tmp/cczxih4N.s 			page 3


DEFINED SYMBOLS
                            *ABS*:0000000000000000 stm32f1xx_hal_iwdg.c
     /tmp/cczxih4N.s:13     .text.HAL_IWDG_Init:0000000000000000 $t
     /tmp/cczxih4N.s:20     .text.HAL_IWDG_Init:0000000000000000 HAL_IWDG_Init
     /tmp/cczxih4N.s:60     .text.HAL_IWDG_Refresh:0000000000000000 $t
     /tmp/cczxih4N.s:67     .text.HAL_IWDG_Refresh:0000000000000000 HAL_IWDG_Refresh

UNDEFINED SYMBOLS
HAL_GetTick
