ARM GAS  /tmp/cciOrPR2.s 			page 1


   1              		.cpu cortex-m3
   2              		.eabi_attribute 20, 1
   3              		.eabi_attribute 21, 1
   4              		.eabi_attribute 23, 3
   5              		.eabi_attribute 24, 1
   6              		.eabi_attribute 25, 1
   7              		.eabi_attribute 26, 1
   8              		.eabi_attribute 30, 1
   9              		.eabi_attribute 34, 1
  10              		.eabi_attribute 18, 4
  11              		.file	"stm32f1xx_hal_exti.c"
  12              		.section	.text.HAL_EXTI_SetConfigLine,"ax",%progbits
  13              		.align	1
  14              		.global	HAL_EXTI_SetConfigLine
  15              		.syntax unified
  16              		.thumb
  17              		.thumb_func
  18              		.fpu softvfp
  20              	HAL_EXTI_SetConfigLine:
  21              		@ args = 0, pretend = 0, frame = 0
  22              		@ frame_needed = 0, uses_anonymous_args = 0
  23              		@ link register save eliminated.
  24 0000 0028     		cmp	r0, #0
  25 0002 61D0     		beq	.L11
  26 0004 0029     		cmp	r1, #0
  27 0006 61D0     		beq	.L12
  28 0008 70B4     		push	{r4, r5, r6}
  29 000a 0A68     		ldr	r2, [r1]
  30 000c 0260     		str	r2, [r0]
  31 000e 0A68     		ldr	r2, [r1]
  32 0010 02F01F00 		and	r0, r2, #31
  33 0014 0123     		movs	r3, #1
  34 0016 8340     		lsls	r3, r3, r0
  35 0018 12F0007F 		tst	r2, #33554432
  36 001c 15D0     		beq	.L3
  37 001e 8C68     		ldr	r4, [r1, #8]
  38 0020 14F0010F 		tst	r4, #1
  39 0024 25D0     		beq	.L4
  40 0026 2A4D     		ldr	r5, .L19
  41 0028 AC68     		ldr	r4, [r5, #8]
  42 002a 1C43     		orrs	r4, r4, r3
  43 002c AC60     		str	r4, [r5, #8]
  44              	.L5:
  45 002e 8C68     		ldr	r4, [r1, #8]
  46 0030 14F0020F 		tst	r4, #2
  47 0034 23D0     		beq	.L6
  48 0036 264D     		ldr	r5, .L19
  49 0038 EC68     		ldr	r4, [r5, #12]
  50 003a 1C43     		orrs	r4, r4, r3
  51 003c EC60     		str	r4, [r5, #12]
  52              	.L7:
  53 003e 0C68     		ldr	r4, [r1]
  54 0040 04F0C064 		and	r4, r4, #100663296
  55 0044 B4F1C06F 		cmp	r4, #100663296
  56 0048 1FD0     		beq	.L17
  57              	.L3:
  58 004a 4A68     		ldr	r2, [r1, #4]
ARM GAS  /tmp/cciOrPR2.s 			page 2


  59 004c 12F0010F 		tst	r2, #1
  60 0050 2ED0     		beq	.L8
  61 0052 1F48     		ldr	r0, .L19
  62 0054 0268     		ldr	r2, [r0]
  63 0056 1A43     		orrs	r2, r2, r3
  64 0058 0260     		str	r2, [r0]
  65              	.L9:
  66 005a 4A68     		ldr	r2, [r1, #4]
  67 005c 12F0020F 		tst	r2, #2
  68 0060 2CD1     		bne	.L18
  69 0062 1B49     		ldr	r1, .L19
  70 0064 4A68     		ldr	r2, [r1, #4]
  71 0066 22EA0303 		bic	r3, r2, r3
  72 006a 4B60     		str	r3, [r1, #4]
  73 006c 0020     		movs	r0, #0
  74              	.L2:
  75 006e 70BC     		pop	{r4, r5, r6}
  76 0070 7047     		bx	lr
  77              	.L4:
  78 0072 174D     		ldr	r5, .L19
  79 0074 AC68     		ldr	r4, [r5, #8]
  80 0076 24EA0304 		bic	r4, r4, r3
  81 007a AC60     		str	r4, [r5, #8]
  82 007c D7E7     		b	.L5
  83              	.L6:
  84 007e 144D     		ldr	r5, .L19
  85 0080 EC68     		ldr	r4, [r5, #12]
  86 0082 24EA0304 		bic	r4, r4, r3
  87 0086 EC60     		str	r4, [r5, #12]
  88 0088 D9E7     		b	.L7
  89              	.L17:
  90 008a 8008     		lsrs	r0, r0, #2
  91 008c 114E     		ldr	r6, .L19+4
  92 008e 0230     		adds	r0, r0, #2
  93 0090 56F82040 		ldr	r4, [r6, r0, lsl #2]
  94 0094 02F00302 		and	r2, r2, #3
  95 0098 9200     		lsls	r2, r2, #2
  96 009a 0F25     		movs	r5, #15
  97 009c 9540     		lsls	r5, r5, r2
  98 009e 24EA0504 		bic	r4, r4, r5
  99 00a2 CD68     		ldr	r5, [r1, #12]
 100 00a4 05FA02F2 		lsl	r2, r5, r2
 101 00a8 2243     		orrs	r2, r2, r4
 102 00aa 46F82020 		str	r2, [r6, r0, lsl #2]
 103 00ae CCE7     		b	.L3
 104              	.L8:
 105 00b0 0748     		ldr	r0, .L19
 106 00b2 0268     		ldr	r2, [r0]
 107 00b4 22EA0302 		bic	r2, r2, r3
 108 00b8 0260     		str	r2, [r0]
 109 00ba CEE7     		b	.L9
 110              	.L18:
 111 00bc 0449     		ldr	r1, .L19
 112 00be 4A68     		ldr	r2, [r1, #4]
 113 00c0 1343     		orrs	r3, r3, r2
 114 00c2 4B60     		str	r3, [r1, #4]
 115 00c4 0020     		movs	r0, #0
ARM GAS  /tmp/cciOrPR2.s 			page 3


 116 00c6 D2E7     		b	.L2
 117              	.L11:
 118 00c8 0120     		movs	r0, #1
 119 00ca 7047     		bx	lr
 120              	.L12:
 121 00cc 0120     		movs	r0, #1
 122 00ce 7047     		bx	lr
 123              	.L20:
 124              		.align	2
 125              	.L19:
 126 00d0 00040140 		.word	1073808384
 127 00d4 00000140 		.word	1073807360
 129              		.section	.text.HAL_EXTI_GetConfigLine,"ax",%progbits
 130              		.align	1
 131              		.global	HAL_EXTI_GetConfigLine
 132              		.syntax unified
 133              		.thumb
 134              		.thumb_func
 135              		.fpu softvfp
 137              	HAL_EXTI_GetConfigLine:
 138              		@ args = 0, pretend = 0, frame = 0
 139              		@ frame_needed = 0, uses_anonymous_args = 0
 140              		@ link register save eliminated.
 141 0000 0028     		cmp	r0, #0
 142 0002 49D0     		beq	.L31
 143 0004 0029     		cmp	r1, #0
 144 0006 49D0     		beq	.L32
 145 0008 10B4     		push	{r4}
 146 000a 0068     		ldr	r0, [r0]
 147 000c 0860     		str	r0, [r1]
 148 000e 00F01F04 		and	r4, r0, #31
 149 0012 0123     		movs	r3, #1
 150 0014 A340     		lsls	r3, r3, r4
 151 0016 224A     		ldr	r2, .L38
 152 0018 1268     		ldr	r2, [r2]
 153 001a 1342     		tst	r3, r2
 154 001c 22D0     		beq	.L23
 155 001e 0122     		movs	r2, #1
 156 0020 4A60     		str	r2, [r1, #4]
 157              	.L24:
 158 0022 1F4A     		ldr	r2, .L38
 159 0024 5268     		ldr	r2, [r2, #4]
 160 0026 1342     		tst	r3, r2
 161 0028 03D0     		beq	.L25
 162 002a 4A68     		ldr	r2, [r1, #4]
 163 002c 42F00202 		orr	r2, r2, #2
 164 0030 4A60     		str	r2, [r1, #4]
 165              	.L25:
 166 0032 10F0007F 		tst	r0, #33554432
 167 0036 2AD0     		beq	.L26
 168 0038 194A     		ldr	r2, .L38
 169 003a 9268     		ldr	r2, [r2, #8]
 170 003c 1342     		tst	r3, r2
 171 003e 14D0     		beq	.L27
 172 0040 0122     		movs	r2, #1
 173 0042 8A60     		str	r2, [r1, #8]
 174              	.L28:
ARM GAS  /tmp/cciOrPR2.s 			page 4


 175 0044 164A     		ldr	r2, .L38
 176 0046 D268     		ldr	r2, [r2, #12]
 177 0048 1342     		tst	r3, r2
 178 004a 03D0     		beq	.L29
 179 004c 8B68     		ldr	r3, [r1, #8]
 180 004e 43F00203 		orr	r3, r3, #2
 181 0052 8B60     		str	r3, [r1, #8]
 182              	.L29:
 183 0054 00F0C063 		and	r3, r0, #100663296
 184 0058 B3F1C06F 		cmp	r3, #100663296
 185 005c 08D0     		beq	.L37
 186 005e 0020     		movs	r0, #0
 187 0060 C860     		str	r0, [r1, #12]
 188 0062 17E0     		b	.L22
 189              	.L23:
 190 0064 0022     		movs	r2, #0
 191 0066 4A60     		str	r2, [r1, #4]
 192 0068 DBE7     		b	.L24
 193              	.L27:
 194 006a 0022     		movs	r2, #0
 195 006c 8A60     		str	r2, [r1, #8]
 196 006e E9E7     		b	.L28
 197              	.L37:
 198 0070 A308     		lsrs	r3, r4, #2
 199 0072 0233     		adds	r3, r3, #2
 200 0074 0B4A     		ldr	r2, .L38+4
 201 0076 52F82320 		ldr	r2, [r2, r3, lsl #2]
 202 007a E343     		mvns	r3, r4
 203 007c 03F00303 		and	r3, r3, #3
 204 0080 9B00     		lsls	r3, r3, #2
 205 0082 02FA03F3 		lsl	r3, r2, r3
 206 0086 1B0E     		lsrs	r3, r3, #24
 207 0088 CB60     		str	r3, [r1, #12]
 208 008a 0020     		movs	r0, #0
 209 008c 02E0     		b	.L22
 210              	.L26:
 211 008e 0020     		movs	r0, #0
 212 0090 8860     		str	r0, [r1, #8]
 213 0092 C860     		str	r0, [r1, #12]
 214              	.L22:
 215 0094 10BC     		pop	{r4}
 216 0096 7047     		bx	lr
 217              	.L31:
 218 0098 0120     		movs	r0, #1
 219 009a 7047     		bx	lr
 220              	.L32:
 221 009c 0120     		movs	r0, #1
 222 009e 7047     		bx	lr
 223              	.L39:
 224              		.align	2
 225              	.L38:
 226 00a0 00040140 		.word	1073808384
 227 00a4 00000140 		.word	1073807360
 229              		.section	.text.HAL_EXTI_ClearConfigLine,"ax",%progbits
 230              		.align	1
 231              		.global	HAL_EXTI_ClearConfigLine
 232              		.syntax unified
ARM GAS  /tmp/cciOrPR2.s 			page 5


 233              		.thumb
 234              		.thumb_func
 235              		.fpu softvfp
 237              	HAL_EXTI_ClearConfigLine:
 238              		@ args = 0, pretend = 0, frame = 0
 239              		@ frame_needed = 0, uses_anonymous_args = 0
 240              		@ link register save eliminated.
 241 0000 0028     		cmp	r0, #0
 242 0002 32D0     		beq	.L42
 243 0004 30B4     		push	{r4, r5}
 244 0006 0446     		mov	r4, r0
 245 0008 0568     		ldr	r5, [r0]
 246 000a 05F01F00 		and	r0, r5, #31
 247 000e 0123     		movs	r3, #1
 248 0010 8340     		lsls	r3, r3, r0
 249 0012 184A     		ldr	r2, .L50
 250 0014 1168     		ldr	r1, [r2]
 251 0016 DB43     		mvns	r3, r3
 252 0018 1940     		ands	r1, r1, r3
 253 001a 1160     		str	r1, [r2]
 254 001c 5168     		ldr	r1, [r2, #4]
 255 001e 1940     		ands	r1, r1, r3
 256 0020 5160     		str	r1, [r2, #4]
 257 0022 2268     		ldr	r2, [r4]
 258 0024 12F0007F 		tst	r2, #33554432
 259 0028 21D0     		beq	.L43
 260 002a 124A     		ldr	r2, .L50
 261 002c 9168     		ldr	r1, [r2, #8]
 262 002e 1940     		ands	r1, r1, r3
 263 0030 9160     		str	r1, [r2, #8]
 264 0032 D168     		ldr	r1, [r2, #12]
 265 0034 0B40     		ands	r3, r3, r1
 266 0036 D360     		str	r3, [r2, #12]
 267 0038 2368     		ldr	r3, [r4]
 268 003a 03F0C063 		and	r3, r3, #100663296
 269 003e B3F1C06F 		cmp	r3, #100663296
 270 0042 01D0     		beq	.L49
 271 0044 0020     		movs	r0, #0
 272 0046 13E0     		b	.L41
 273              	.L49:
 274 0048 8008     		lsrs	r0, r0, #2
 275 004a 0B49     		ldr	r1, .L50+4
 276 004c 0230     		adds	r0, r0, #2
 277 004e 51F82030 		ldr	r3, [r1, r0, lsl #2]
 278 0052 05F00305 		and	r5, r5, #3
 279 0056 AD00     		lsls	r5, r5, #2
 280 0058 0F22     		movs	r2, #15
 281 005a 02FA05F5 		lsl	r5, r2, r5
 282 005e 23EA0505 		bic	r5, r3, r5
 283 0062 41F82050 		str	r5, [r1, r0, lsl #2]
 284 0066 0020     		movs	r0, #0
 285 0068 02E0     		b	.L41
 286              	.L42:
 287 006a 0120     		movs	r0, #1
 288 006c 7047     		bx	lr
 289              	.L43:
 290 006e 0020     		movs	r0, #0
ARM GAS  /tmp/cciOrPR2.s 			page 6


 291              	.L41:
 292 0070 30BC     		pop	{r4, r5}
 293 0072 7047     		bx	lr
 294              	.L51:
 295              		.align	2
 296              	.L50:
 297 0074 00040140 		.word	1073808384
 298 0078 00000140 		.word	1073807360
 300              		.section	.text.HAL_EXTI_RegisterCallback,"ax",%progbits
 301              		.align	1
 302              		.global	HAL_EXTI_RegisterCallback
 303              		.syntax unified
 304              		.thumb
 305              		.thumb_func
 306              		.fpu softvfp
 308              	HAL_EXTI_RegisterCallback:
 309              		@ args = 0, pretend = 0, frame = 0
 310              		@ frame_needed = 0, uses_anonymous_args = 0
 311              		@ link register save eliminated.
 312 0000 11B9     		cbnz	r1, .L56
 313 0002 4260     		str	r2, [r0, #4]
 314 0004 0020     		movs	r0, #0
 315 0006 7047     		bx	lr
 316              	.L56:
 317 0008 0120     		movs	r0, #1
 318 000a 7047     		bx	lr
 320              		.section	.text.HAL_EXTI_GetHandle,"ax",%progbits
 321              		.align	1
 322              		.global	HAL_EXTI_GetHandle
 323              		.syntax unified
 324              		.thumb
 325              		.thumb_func
 326              		.fpu softvfp
 328              	HAL_EXTI_GetHandle:
 329              		@ args = 0, pretend = 0, frame = 0
 330              		@ frame_needed = 0, uses_anonymous_args = 0
 331              		@ link register save eliminated.
 332 0000 10B1     		cbz	r0, .L59
 333 0002 0160     		str	r1, [r0]
 334 0004 0020     		movs	r0, #0
 335 0006 7047     		bx	lr
 336              	.L59:
 337 0008 0120     		movs	r0, #1
 338 000a 7047     		bx	lr
 340              		.section	.text.HAL_EXTI_IRQHandler,"ax",%progbits
 341              		.align	1
 342              		.global	HAL_EXTI_IRQHandler
 343              		.syntax unified
 344              		.thumb
 345              		.thumb_func
 346              		.fpu softvfp
 348              	HAL_EXTI_IRQHandler:
 349              		@ args = 0, pretend = 0, frame = 0
 350              		@ frame_needed = 0, uses_anonymous_args = 0
 351 0000 08B5     		push	{r3, lr}
 352 0002 0368     		ldr	r3, [r0]
 353 0004 03F01F02 		and	r2, r3, #31
ARM GAS  /tmp/cciOrPR2.s 			page 7


 354 0008 0123     		movs	r3, #1
 355 000a 9340     		lsls	r3, r3, r2
 356 000c 044A     		ldr	r2, .L63
 357 000e 5269     		ldr	r2, [r2, #20]
 358 0010 1342     		tst	r3, r2
 359 0012 04D0     		beq	.L60
 360 0014 024A     		ldr	r2, .L63
 361 0016 5361     		str	r3, [r2, #20]
 362 0018 4368     		ldr	r3, [r0, #4]
 363 001a 03B1     		cbz	r3, .L60
 364 001c 9847     		blx	r3
 365              	.L60:
 366 001e 08BD     		pop	{r3, pc}
 367              	.L64:
 368              		.align	2
 369              	.L63:
 370 0020 00040140 		.word	1073808384
 372              		.section	.text.HAL_EXTI_GetPending,"ax",%progbits
 373              		.align	1
 374              		.global	HAL_EXTI_GetPending
 375              		.syntax unified
 376              		.thumb
 377              		.thumb_func
 378              		.fpu softvfp
 380              	HAL_EXTI_GetPending:
 381              		@ args = 0, pretend = 0, frame = 0
 382              		@ frame_needed = 0, uses_anonymous_args = 0
 383              		@ link register save eliminated.
 384 0000 0068     		ldr	r0, [r0]
 385 0002 00F01F00 		and	r0, r0, #31
 386 0006 0123     		movs	r3, #1
 387 0008 8340     		lsls	r3, r3, r0
 388 000a 034A     		ldr	r2, .L66
 389 000c 5269     		ldr	r2, [r2, #20]
 390 000e 1340     		ands	r3, r3, r2
 391 0010 23FA00F0 		lsr	r0, r3, r0
 392 0014 7047     		bx	lr
 393              	.L67:
 394 0016 00BF     		.align	2
 395              	.L66:
 396 0018 00040140 		.word	1073808384
 398              		.section	.text.HAL_EXTI_ClearPending,"ax",%progbits
 399              		.align	1
 400              		.global	HAL_EXTI_ClearPending
 401              		.syntax unified
 402              		.thumb
 403              		.thumb_func
 404              		.fpu softvfp
 406              	HAL_EXTI_ClearPending:
 407              		@ args = 0, pretend = 0, frame = 0
 408              		@ frame_needed = 0, uses_anonymous_args = 0
 409              		@ link register save eliminated.
 410 0000 0268     		ldr	r2, [r0]
 411 0002 02F01F02 		and	r2, r2, #31
 412 0006 0123     		movs	r3, #1
 413 0008 9340     		lsls	r3, r3, r2
 414 000a 014A     		ldr	r2, .L69
ARM GAS  /tmp/cciOrPR2.s 			page 8


 415 000c 5361     		str	r3, [r2, #20]
 416 000e 7047     		bx	lr
 417              	.L70:
 418              		.align	2
 419              	.L69:
 420 0010 00040140 		.word	1073808384
 422              		.section	.text.HAL_EXTI_GenerateSWI,"ax",%progbits
 423              		.align	1
 424              		.global	HAL_EXTI_GenerateSWI
 425              		.syntax unified
 426              		.thumb
 427              		.thumb_func
 428              		.fpu softvfp
 430              	HAL_EXTI_GenerateSWI:
 431              		@ args = 0, pretend = 0, frame = 0
 432              		@ frame_needed = 0, uses_anonymous_args = 0
 433              		@ link register save eliminated.
 434 0000 0268     		ldr	r2, [r0]
 435 0002 02F01F02 		and	r2, r2, #31
 436 0006 0123     		movs	r3, #1
 437 0008 9340     		lsls	r3, r3, r2
 438 000a 014A     		ldr	r2, .L72
 439 000c 1361     		str	r3, [r2, #16]
 440 000e 7047     		bx	lr
 441              	.L73:
 442              		.align	2
 443              	.L72:
 444 0010 00040140 		.word	1073808384
 446              		.ident	"GCC: (15:6.3.1+svn253039-1build1) 6.3.1 20170620"
ARM GAS  /tmp/cciOrPR2.s 			page 9


DEFINED SYMBOLS
                            *ABS*:0000000000000000 stm32f1xx_hal_exti.c
     /tmp/cciOrPR2.s:13     .text.HAL_EXTI_SetConfigLine:0000000000000000 $t
     /tmp/cciOrPR2.s:20     .text.HAL_EXTI_SetConfigLine:0000000000000000 HAL_EXTI_SetConfigLine
     /tmp/cciOrPR2.s:126    .text.HAL_EXTI_SetConfigLine:00000000000000d0 $d
     /tmp/cciOrPR2.s:130    .text.HAL_EXTI_GetConfigLine:0000000000000000 $t
     /tmp/cciOrPR2.s:137    .text.HAL_EXTI_GetConfigLine:0000000000000000 HAL_EXTI_GetConfigLine
     /tmp/cciOrPR2.s:226    .text.HAL_EXTI_GetConfigLine:00000000000000a0 $d
     /tmp/cciOrPR2.s:230    .text.HAL_EXTI_ClearConfigLine:0000000000000000 $t
     /tmp/cciOrPR2.s:237    .text.HAL_EXTI_ClearConfigLine:0000000000000000 HAL_EXTI_ClearConfigLine
     /tmp/cciOrPR2.s:297    .text.HAL_EXTI_ClearConfigLine:0000000000000074 $d
     /tmp/cciOrPR2.s:301    .text.HAL_EXTI_RegisterCallback:0000000000000000 $t
     /tmp/cciOrPR2.s:308    .text.HAL_EXTI_RegisterCallback:0000000000000000 HAL_EXTI_RegisterCallback
     /tmp/cciOrPR2.s:321    .text.HAL_EXTI_GetHandle:0000000000000000 $t
     /tmp/cciOrPR2.s:328    .text.HAL_EXTI_GetHandle:0000000000000000 HAL_EXTI_GetHandle
     /tmp/cciOrPR2.s:341    .text.HAL_EXTI_IRQHandler:0000000000000000 $t
     /tmp/cciOrPR2.s:348    .text.HAL_EXTI_IRQHandler:0000000000000000 HAL_EXTI_IRQHandler
     /tmp/cciOrPR2.s:370    .text.HAL_EXTI_IRQHandler:0000000000000020 $d
     /tmp/cciOrPR2.s:373    .text.HAL_EXTI_GetPending:0000000000000000 $t
     /tmp/cciOrPR2.s:380    .text.HAL_EXTI_GetPending:0000000000000000 HAL_EXTI_GetPending
     /tmp/cciOrPR2.s:396    .text.HAL_EXTI_GetPending:0000000000000018 $d
     /tmp/cciOrPR2.s:399    .text.HAL_EXTI_ClearPending:0000000000000000 $t
     /tmp/cciOrPR2.s:406    .text.HAL_EXTI_ClearPending:0000000000000000 HAL_EXTI_ClearPending
     /tmp/cciOrPR2.s:420    .text.HAL_EXTI_ClearPending:0000000000000010 $d
     /tmp/cciOrPR2.s:423    .text.HAL_EXTI_GenerateSWI:0000000000000000 $t
     /tmp/cciOrPR2.s:430    .text.HAL_EXTI_GenerateSWI:0000000000000000 HAL_EXTI_GenerateSWI
     /tmp/cciOrPR2.s:444    .text.HAL_EXTI_GenerateSWI:0000000000000010 $d

NO UNDEFINED SYMBOLS
