ARM GAS  /tmp/ccGKIUhm.s 			page 1


   1              		.syntax unified
   2              		.cpu cortex-m3
   3              		.fpu softvfp
   4              		.eabi_attribute 20, 1
   5              		.eabi_attribute 21, 1
   6              		.eabi_attribute 23, 3
   7              		.eabi_attribute 24, 1
   8              		.eabi_attribute 25, 1
   9              		.eabi_attribute 26, 1
  10              		.eabi_attribute 30, 1
  11              		.eabi_attribute 34, 1
  12              		.eabi_attribute 18, 4
  13              		.thumb
  14              		.file	"stm32f1xx_hal_gpio.c"
  15              		.section	.text.HAL_GPIO_Init,"ax",%progbits
  16              		.align	2
  17              		.global	HAL_GPIO_Init
  18              		.thumb
  19              		.thumb_func
  21              	HAL_GPIO_Init:
  22              		@ args = 0, pretend = 0, frame = 8
  23              		@ frame_needed = 0, uses_anonymous_args = 0
  24 0000 F0B5     		push	{r4, r5, r6, r7, lr}
  25 0002 83B0     		sub	sp, sp, #12
  26 0004 4FF0000E 		mov	lr, #0
  27 0008 7446     		mov	r4, lr
  28 000a D5E0     		b	.L2
  29              	.L29:
  30 000c 0122     		movs	r2, #1
  31 000e A240     		lsls	r2, r2, r4
  32 0010 1340     		ands	r3, r3, r2
  33 0012 9342     		cmp	r3, r2
  34 0014 40F0CF80 		bne	.L3
  35 0018 4D68     		ldr	r5, [r1, #4]
  36 001a 122D     		cmp	r5, #18
  37 001c 30D0     		beq	.L5
  38 001e 0BD8     		bhi	.L6
  39 0020 022D     		cmp	r5, #2
  40 0022 29D0     		beq	.L7
  41 0024 03D8     		bhi	.L8
  42 0026 7DB3     		cbz	r5, .L9
  43 0028 012D     		cmp	r5, #1
  44 002a 1ED0     		beq	.L10
  45 002c 3DE0     		b	.L11
  46              	.L8:
  47 002e 032D     		cmp	r5, #3
  48 0030 36D0     		beq	.L30
  49 0032 112D     		cmp	r5, #17
  50 0034 1CD0     		beq	.L12
  51 0036 38E0     		b	.L11
  52              	.L6:
  53 0038 634E     		ldr	r6, .L36
  54 003a B542     		cmp	r5, r6
  55 003c 24D0     		beq	.L9
  56 003e 08D8     		bhi	.L13
  57 0040 A6F58016 		sub	r6, r6, #1048576
  58 0044 B542     		cmp	r5, r6
ARM GAS  /tmp/ccGKIUhm.s 			page 2


  59 0046 1FD0     		beq	.L9
  60 0048 06F58036 		add	r6, r6, #65536
  61 004c B542     		cmp	r5, r6
  62 004e 2CD1     		bne	.L11
  63 0050 1AE0     		b	.L9
  64              	.L13:
  65 0052 5E4E     		ldr	r6, .L36+4
  66 0054 B542     		cmp	r5, r6
  67 0056 17D0     		beq	.L9
  68 0058 06F58036 		add	r6, r6, #65536
  69 005c B542     		cmp	r5, r6
  70 005e 13D0     		beq	.L9
  71 0060 A6F58016 		sub	r6, r6, #1048576
  72 0064 B542     		cmp	r5, r6
  73 0066 20D1     		bne	.L11
  74 0068 0EE0     		b	.L9
  75              	.L10:
  76 006a D1F80CE0 		ldr	lr, [r1, #12]
  77 006e 1CE0     		b	.L11
  78              	.L12:
  79 0070 CA68     		ldr	r2, [r1, #12]
  80 0072 02F1040E 		add	lr, r2, #4
  81 0076 18E0     		b	.L11
  82              	.L7:
  83 0078 CA68     		ldr	r2, [r1, #12]
  84 007a 02F1080E 		add	lr, r2, #8
  85 007e 14E0     		b	.L11
  86              	.L5:
  87 0080 CA68     		ldr	r2, [r1, #12]
  88 0082 02F10C0E 		add	lr, r2, #12
  89 0086 10E0     		b	.L11
  90              	.L9:
  91 0088 8D68     		ldr	r5, [r1, #8]
  92 008a 65B1     		cbz	r5, .L31
  93 008c 012D     		cmp	r5, #1
  94 008e 03D1     		bne	.L14
  95 0090 0261     		str	r2, [r0, #16]
  96 0092 4FF0080E 		mov	lr, #8
  97 0096 08E0     		b	.L11
  98              	.L14:
  99 0098 4261     		str	r2, [r0, #20]
 100 009a 4FF0080E 		mov	lr, #8
 101 009e 04E0     		b	.L11
 102              	.L30:
 103 00a0 4FF0000E 		mov	lr, #0
 104 00a4 01E0     		b	.L11
 105              	.L31:
 106 00a6 4FF0040E 		mov	lr, #4
 107              	.L11:
 108 00aa FF2B     		cmp	r3, #255
 109 00ac 01D8     		bhi	.L15
 110 00ae 8446     		mov	ip, r0
 111 00b0 01E0     		b	.L16
 112              	.L15:
 113 00b2 00F1040C 		add	ip, r0, #4
 114              	.L16:
 115 00b6 FF2B     		cmp	r3, #255
ARM GAS  /tmp/ccGKIUhm.s 			page 3


 116 00b8 01D8     		bhi	.L17
 117 00ba A700     		lsls	r7, r4, #2
 118 00bc 02E0     		b	.L18
 119              	.L17:
 120 00be A4F10807 		sub	r7, r4, #8
 121 00c2 BF00     		lsls	r7, r7, #2
 122              	.L18:
 123 00c4 DCF80060 		ldr	r6, [ip]
 124 00c8 0F22     		movs	r2, #15
 125 00ca BA40     		lsls	r2, r2, r7
 126 00cc 26EA0205 		bic	r5, r6, r2
 127 00d0 0EFA07F2 		lsl	r2, lr, r7
 128 00d4 2A43     		orrs	r2, r2, r5
 129 00d6 CCF80020 		str	r2, [ip]
 130 00da 4A68     		ldr	r2, [r1, #4]
 131 00dc 12F0805F 		tst	r2, #268435456
 132 00e0 69D0     		beq	.L3
 133 00e2 3B4A     		ldr	r2, .L36+8
 134 00e4 9569     		ldr	r5, [r2, #24]
 135 00e6 45F00105 		orr	r5, r5, #1
 136 00ea 9561     		str	r5, [r2, #24]
 137 00ec 9269     		ldr	r2, [r2, #24]
 138 00ee 02F00102 		and	r2, r2, #1
 139 00f2 0192     		str	r2, [sp, #4]
 140 00f4 019A     		ldr	r2, [sp, #4]
 141 00f6 A708     		lsrs	r7, r4, #2
 142 00f8 BD1C     		adds	r5, r7, #2
 143 00fa 364A     		ldr	r2, .L36+12
 144 00fc 52F82560 		ldr	r6, [r2, r5, lsl #2]
 145 0100 04F0030C 		and	ip, r4, #3
 146 0104 4FEA8C0C 		lsl	ip, ip, #2
 147 0108 0F22     		movs	r2, #15
 148 010a 02FA0CF2 		lsl	r2, r2, ip
 149 010e 26EA0205 		bic	r5, r6, r2
 150 0112 314A     		ldr	r2, .L36+16
 151 0114 9042     		cmp	r0, r2
 152 0116 0DD0     		beq	.L32
 153 0118 02F58062 		add	r2, r2, #1024
 154 011c 9042     		cmp	r0, r2
 155 011e 07D0     		beq	.L33
 156 0120 02F58062 		add	r2, r2, #1024
 157 0124 9042     		cmp	r0, r2
 158 0126 01D1     		bne	.L34
 159 0128 0222     		movs	r2, #2
 160 012a 04E0     		b	.L19
 161              	.L34:
 162 012c 0322     		movs	r2, #3
 163 012e 02E0     		b	.L19
 164              	.L33:
 165 0130 0122     		movs	r2, #1
 166 0132 00E0     		b	.L19
 167              	.L32:
 168 0134 0022     		movs	r2, #0
 169              	.L19:
 170 0136 02FA0CF2 		lsl	r2, r2, ip
 171 013a 2A43     		orrs	r2, r2, r5
 172 013c 0237     		adds	r7, r7, #2
ARM GAS  /tmp/ccGKIUhm.s 			page 4


 173 013e 254D     		ldr	r5, .L36+12
 174 0140 45F82720 		str	r2, [r5, r7, lsl #2]
 175 0144 4A68     		ldr	r2, [r1, #4]
 176 0146 12F4803F 		tst	r2, #65536
 177 014a 05D0     		beq	.L22
 178 014c 05F58065 		add	r5, r5, #1024
 179 0150 2A68     		ldr	r2, [r5]
 180 0152 1A43     		orrs	r2, r2, r3
 181 0154 2A60     		str	r2, [r5]
 182 0156 04E0     		b	.L23
 183              	.L22:
 184 0158 204D     		ldr	r5, .L36+20
 185 015a 2A68     		ldr	r2, [r5]
 186 015c 22EA0302 		bic	r2, r2, r3
 187 0160 2A60     		str	r2, [r5]
 188              	.L23:
 189 0162 4A68     		ldr	r2, [r1, #4]
 190 0164 12F4003F 		tst	r2, #131072
 191 0168 04D0     		beq	.L24
 192 016a 1C4D     		ldr	r5, .L36+20
 193 016c 6A68     		ldr	r2, [r5, #4]
 194 016e 1A43     		orrs	r2, r2, r3
 195 0170 6A60     		str	r2, [r5, #4]
 196 0172 04E0     		b	.L25
 197              	.L24:
 198 0174 194D     		ldr	r5, .L36+20
 199 0176 6A68     		ldr	r2, [r5, #4]
 200 0178 22EA0302 		bic	r2, r2, r3
 201 017c 6A60     		str	r2, [r5, #4]
 202              	.L25:
 203 017e 4A68     		ldr	r2, [r1, #4]
 204 0180 12F4801F 		tst	r2, #1048576
 205 0184 04D0     		beq	.L26
 206 0186 154D     		ldr	r5, .L36+20
 207 0188 AA68     		ldr	r2, [r5, #8]
 208 018a 1A43     		orrs	r2, r2, r3
 209 018c AA60     		str	r2, [r5, #8]
 210 018e 04E0     		b	.L27
 211              	.L26:
 212 0190 124D     		ldr	r5, .L36+20
 213 0192 AA68     		ldr	r2, [r5, #8]
 214 0194 22EA0302 		bic	r2, r2, r3
 215 0198 AA60     		str	r2, [r5, #8]
 216              	.L27:
 217 019a 4A68     		ldr	r2, [r1, #4]
 218 019c 12F4001F 		tst	r2, #2097152
 219 01a0 04D0     		beq	.L28
 220 01a2 0E4D     		ldr	r5, .L36+20
 221 01a4 EA68     		ldr	r2, [r5, #12]
 222 01a6 1343     		orrs	r3, r3, r2
 223 01a8 EB60     		str	r3, [r5, #12]
 224 01aa 04E0     		b	.L3
 225              	.L28:
 226 01ac 0B4D     		ldr	r5, .L36+20
 227 01ae EA68     		ldr	r2, [r5, #12]
 228 01b0 22EA0303 		bic	r3, r2, r3
 229 01b4 EB60     		str	r3, [r5, #12]
ARM GAS  /tmp/ccGKIUhm.s 			page 5


 230              	.L3:
 231 01b6 0134     		adds	r4, r4, #1
 232              	.L2:
 233 01b8 0B68     		ldr	r3, [r1]
 234 01ba 33FA04F2 		lsrs	r2, r3, r4
 235 01be 7FF425AF 		bne	.L29
 236 01c2 03B0     		add	sp, sp, #12
 237              		@ sp needed
 238 01c4 F0BD     		pop	{r4, r5, r6, r7, pc}
 239              	.L37:
 240 01c6 00BF     		.align	2
 241              	.L36:
 242 01c8 00002110 		.word	270598144
 243 01cc 00003110 		.word	271646720
 244 01d0 00100240 		.word	1073876992
 245 01d4 00000140 		.word	1073807360
 246 01d8 00080140 		.word	1073809408
 247 01dc 00040140 		.word	1073808384
 249              		.section	.text.HAL_GPIO_DeInit,"ax",%progbits
 250              		.align	2
 251              		.global	HAL_GPIO_DeInit
 252              		.thumb
 253              		.thumb_func
 255              	HAL_GPIO_DeInit:
 256              		@ args = 0, pretend = 0, frame = 0
 257              		@ frame_needed = 0, uses_anonymous_args = 0
 258 0000 F0B5     		push	{r4, r5, r6, r7, lr}
 259 0002 0022     		movs	r2, #0
 260 0004 5AE0     		b	.L39
 261              	.L49:
 262 0006 0123     		movs	r3, #1
 263 0008 9340     		lsls	r3, r3, r2
 264 000a 0B40     		ands	r3, r3, r1
 265 000c 55D0     		beq	.L40
 266 000e 4FEA920E 		lsr	lr, r2, #2
 267 0012 0EF10205 		add	r5, lr, #2
 268 0016 2B4C     		ldr	r4, .L54
 269 0018 54F82560 		ldr	r6, [r4, r5, lsl #2]
 270 001c 02F00304 		and	r4, r2, #3
 271 0020 A400     		lsls	r4, r4, #2
 272 0022 0F25     		movs	r5, #15
 273 0024 A540     		lsls	r5, r5, r4
 274 0026 2E40     		ands	r6, r6, r5
 275 0028 274F     		ldr	r7, .L54+4
 276 002a B842     		cmp	r0, r7
 277 002c 0DD0     		beq	.L50
 278 002e 07F58067 		add	r7, r7, #1024
 279 0032 B842     		cmp	r0, r7
 280 0034 07D0     		beq	.L51
 281 0036 07F58067 		add	r7, r7, #1024
 282 003a B842     		cmp	r0, r7
 283 003c 01D1     		bne	.L52
 284 003e 0227     		movs	r7, #2
 285 0040 04E0     		b	.L41
 286              	.L52:
 287 0042 0327     		movs	r7, #3
 288 0044 02E0     		b	.L41
ARM GAS  /tmp/ccGKIUhm.s 			page 6


 289              	.L51:
 290 0046 0127     		movs	r7, #1
 291 0048 00E0     		b	.L41
 292              	.L50:
 293 004a 0027     		movs	r7, #0
 294              	.L41:
 295 004c 07FA04F4 		lsl	r4, r7, r4
 296 0050 B442     		cmp	r4, r6
 297 0052 16D1     		bne	.L44
 298 0054 1B4F     		ldr	r7, .L54
 299 0056 0EF10204 		add	r4, lr, #2
 300 005a 57F82460 		ldr	r6, [r7, r4, lsl #2]
 301 005e 26EA0505 		bic	r5, r6, r5
 302 0062 47F82450 		str	r5, [r7, r4, lsl #2]
 303 0066 194C     		ldr	r4, .L54+8
 304 0068 2668     		ldr	r6, [r4]
 305 006a DD43     		mvns	r5, r3
 306 006c 2E40     		ands	r6, r6, r5
 307 006e 2660     		str	r6, [r4]
 308 0070 6668     		ldr	r6, [r4, #4]
 309 0072 2E40     		ands	r6, r6, r5
 310 0074 6660     		str	r6, [r4, #4]
 311 0076 A668     		ldr	r6, [r4, #8]
 312 0078 2E40     		ands	r6, r6, r5
 313 007a A660     		str	r6, [r4, #8]
 314 007c E668     		ldr	r6, [r4, #12]
 315 007e 3540     		ands	r5, r5, r6
 316 0080 E560     		str	r5, [r4, #12]
 317              	.L44:
 318 0082 FF2B     		cmp	r3, #255
 319 0084 01D8     		bhi	.L45
 320 0086 8646     		mov	lr, r0
 321 0088 01E0     		b	.L46
 322              	.L45:
 323 008a 00F1040E 		add	lr, r0, #4
 324              	.L46:
 325 008e FF2B     		cmp	r3, #255
 326 0090 01D8     		bhi	.L47
 327 0092 9700     		lsls	r7, r2, #2
 328 0094 02E0     		b	.L48
 329              	.L47:
 330 0096 A2F10807 		sub	r7, r2, #8
 331 009a BF00     		lsls	r7, r7, #2
 332              	.L48:
 333 009c DEF80060 		ldr	r6, [lr]
 334 00a0 0F24     		movs	r4, #15
 335 00a2 BC40     		lsls	r4, r4, r7
 336 00a4 26EA0405 		bic	r5, r6, r4
 337 00a8 0424     		movs	r4, #4
 338 00aa BC40     		lsls	r4, r4, r7
 339 00ac 2C43     		orrs	r4, r4, r5
 340 00ae CEF80040 		str	r4, [lr]
 341 00b2 C468     		ldr	r4, [r0, #12]
 342 00b4 24EA0303 		bic	r3, r4, r3
 343 00b8 C360     		str	r3, [r0, #12]
 344              	.L40:
 345 00ba 0132     		adds	r2, r2, #1
ARM GAS  /tmp/ccGKIUhm.s 			page 7


 346              	.L39:
 347 00bc 31FA02F3 		lsrs	r3, r1, r2
 348 00c0 A1D1     		bne	.L49
 349 00c2 F0BD     		pop	{r4, r5, r6, r7, pc}
 350              	.L55:
 351              		.align	2
 352              	.L54:
 353 00c4 00000140 		.word	1073807360
 354 00c8 00080140 		.word	1073809408
 355 00cc 00040140 		.word	1073808384
 357              		.section	.text.HAL_GPIO_ReadPin,"ax",%progbits
 358              		.align	2
 359              		.global	HAL_GPIO_ReadPin
 360              		.thumb
 361              		.thumb_func
 363              	HAL_GPIO_ReadPin:
 364              		@ args = 0, pretend = 0, frame = 0
 365              		@ frame_needed = 0, uses_anonymous_args = 0
 366              		@ link register save eliminated.
 367 0000 8368     		ldr	r3, [r0, #8]
 368 0002 0B42     		tst	r3, r1
 369 0004 01D0     		beq	.L58
 370 0006 0120     		movs	r0, #1
 371 0008 7047     		bx	lr
 372              	.L58:
 373 000a 0020     		movs	r0, #0
 374 000c 7047     		bx	lr
 376 000e 00BF     		.section	.text.HAL_GPIO_WritePin,"ax",%progbits
 377              		.align	2
 378              		.global	HAL_GPIO_WritePin
 379              		.thumb
 380              		.thumb_func
 382              	HAL_GPIO_WritePin:
 383              		@ args = 0, pretend = 0, frame = 0
 384              		@ frame_needed = 0, uses_anonymous_args = 0
 385              		@ link register save eliminated.
 386 0000 0AB1     		cbz	r2, .L60
 387 0002 0161     		str	r1, [r0, #16]
 388 0004 7047     		bx	lr
 389              	.L60:
 390 0006 0904     		lsls	r1, r1, #16
 391 0008 0161     		str	r1, [r0, #16]
 392 000a 7047     		bx	lr
 394              		.section	.text.HAL_GPIO_TogglePin,"ax",%progbits
 395              		.align	2
 396              		.global	HAL_GPIO_TogglePin
 397              		.thumb
 398              		.thumb_func
 400              	HAL_GPIO_TogglePin:
 401              		@ args = 0, pretend = 0, frame = 0
 402              		@ frame_needed = 0, uses_anonymous_args = 0
 403              		@ link register save eliminated.
 404 0000 C368     		ldr	r3, [r0, #12]
 405 0002 0B42     		tst	r3, r1
 406 0004 01D0     		beq	.L63
 407 0006 4161     		str	r1, [r0, #20]
 408 0008 7047     		bx	lr
ARM GAS  /tmp/ccGKIUhm.s 			page 8


 409              	.L63:
 410 000a 0161     		str	r1, [r0, #16]
 411 000c 7047     		bx	lr
 413 000e 00BF     		.section	.text.HAL_GPIO_LockPin,"ax",%progbits
 414              		.align	2
 415              		.global	HAL_GPIO_LockPin
 416              		.thumb
 417              		.thumb_func
 419              	HAL_GPIO_LockPin:
 420              		@ args = 0, pretend = 0, frame = 8
 421              		@ frame_needed = 0, uses_anonymous_args = 0
 422              		@ link register save eliminated.
 423 0000 82B0     		sub	sp, sp, #8
 424 0002 4FF48033 		mov	r3, #65536
 425 0006 0193     		str	r3, [sp, #4]
 426 0008 019B     		ldr	r3, [sp, #4]
 427 000a 0B43     		orrs	r3, r3, r1
 428 000c 0193     		str	r3, [sp, #4]
 429 000e 019B     		ldr	r3, [sp, #4]
 430 0010 8361     		str	r3, [r0, #24]
 431 0012 8161     		str	r1, [r0, #24]
 432 0014 019B     		ldr	r3, [sp, #4]
 433 0016 8361     		str	r3, [r0, #24]
 434 0018 8369     		ldr	r3, [r0, #24]
 435 001a 0193     		str	r3, [sp, #4]
 436 001c 8369     		ldr	r3, [r0, #24]
 437 001e 13F4803F 		tst	r3, #65536
 438 0022 01D0     		beq	.L67
 439 0024 0020     		movs	r0, #0
 440 0026 00E0     		b	.L66
 441              	.L67:
 442 0028 0120     		movs	r0, #1
 443              	.L66:
 444 002a 02B0     		add	sp, sp, #8
 445              		@ sp needed
 446 002c 7047     		bx	lr
 448 002e 00BF     		.section	.text.HAL_GPIO_EXTI_Callback,"ax",%progbits
 449              		.align	2
 450              		.weak	HAL_GPIO_EXTI_Callback
 451              		.thumb
 452              		.thumb_func
 454              	HAL_GPIO_EXTI_Callback:
 455              		@ args = 0, pretend = 0, frame = 0
 456              		@ frame_needed = 0, uses_anonymous_args = 0
 457              		@ link register save eliminated.
 458 0000 7047     		bx	lr
 460 0002 00BF     		.section	.text.HAL_GPIO_EXTI_IRQHandler,"ax",%progbits
 461              		.align	2
 462              		.global	HAL_GPIO_EXTI_IRQHandler
 463              		.thumb
 464              		.thumb_func
 466              	HAL_GPIO_EXTI_IRQHandler:
 467              		@ args = 0, pretend = 0, frame = 0
 468              		@ frame_needed = 0, uses_anonymous_args = 0
 469 0000 08B5     		push	{r3, lr}
 470 0002 044B     		ldr	r3, .L73
 471 0004 5B69     		ldr	r3, [r3, #20]
ARM GAS  /tmp/ccGKIUhm.s 			page 9


 472 0006 0342     		tst	r3, r0
 473 0008 03D0     		beq	.L70
 474 000a 024B     		ldr	r3, .L73
 475 000c 5861     		str	r0, [r3, #20]
 476 000e FFF7FEFF 		bl	HAL_GPIO_EXTI_Callback
 477              	.L70:
 478 0012 08BD     		pop	{r3, pc}
 479              	.L74:
 480              		.align	2
 481              	.L73:
 482 0014 00040140 		.word	1073808384
 484              		.ident	"GCC: (15:4.9.3+svn231177-1) 4.9.3 20150529 (prerelease)"
ARM GAS  /tmp/ccGKIUhm.s 			page 10


DEFINED SYMBOLS
                            *ABS*:0000000000000000 stm32f1xx_hal_gpio.c
     /tmp/ccGKIUhm.s:16     .text.HAL_GPIO_Init:0000000000000000 $t
     /tmp/ccGKIUhm.s:21     .text.HAL_GPIO_Init:0000000000000000 HAL_GPIO_Init
     /tmp/ccGKIUhm.s:242    .text.HAL_GPIO_Init:00000000000001c8 $d
     /tmp/ccGKIUhm.s:250    .text.HAL_GPIO_DeInit:0000000000000000 $t
     /tmp/ccGKIUhm.s:255    .text.HAL_GPIO_DeInit:0000000000000000 HAL_GPIO_DeInit
     /tmp/ccGKIUhm.s:353    .text.HAL_GPIO_DeInit:00000000000000c4 $d
     /tmp/ccGKIUhm.s:358    .text.HAL_GPIO_ReadPin:0000000000000000 $t
     /tmp/ccGKIUhm.s:363    .text.HAL_GPIO_ReadPin:0000000000000000 HAL_GPIO_ReadPin
     /tmp/ccGKIUhm.s:377    .text.HAL_GPIO_WritePin:0000000000000000 $t
     /tmp/ccGKIUhm.s:382    .text.HAL_GPIO_WritePin:0000000000000000 HAL_GPIO_WritePin
     /tmp/ccGKIUhm.s:395    .text.HAL_GPIO_TogglePin:0000000000000000 $t
     /tmp/ccGKIUhm.s:400    .text.HAL_GPIO_TogglePin:0000000000000000 HAL_GPIO_TogglePin
     /tmp/ccGKIUhm.s:414    .text.HAL_GPIO_LockPin:0000000000000000 $t
     /tmp/ccGKIUhm.s:419    .text.HAL_GPIO_LockPin:0000000000000000 HAL_GPIO_LockPin
     /tmp/ccGKIUhm.s:449    .text.HAL_GPIO_EXTI_Callback:0000000000000000 $t
     /tmp/ccGKIUhm.s:454    .text.HAL_GPIO_EXTI_Callback:0000000000000000 HAL_GPIO_EXTI_Callback
     /tmp/ccGKIUhm.s:461    .text.HAL_GPIO_EXTI_IRQHandler:0000000000000000 $t
     /tmp/ccGKIUhm.s:466    .text.HAL_GPIO_EXTI_IRQHandler:0000000000000000 HAL_GPIO_EXTI_IRQHandler
     /tmp/ccGKIUhm.s:482    .text.HAL_GPIO_EXTI_IRQHandler:0000000000000014 $d

NO UNDEFINED SYMBOLS
