ARM GAS  /tmp/cc45CGL8.s 			page 1


   1              		.syntax unified
   2              		.cpu cortex-m3
   3              		.fpu softvfp
   4              		.eabi_attribute 20, 1
   5              		.eabi_attribute 21, 1
   6              		.eabi_attribute 23, 3
   7              		.eabi_attribute 24, 1
   8              		.eabi_attribute 25, 1
   9              		.eabi_attribute 26, 1
  10              		.eabi_attribute 30, 4
  11              		.eabi_attribute 34, 1
  12              		.eabi_attribute 18, 4
  13              		.thumb
  14              		.file	"stm32f1xx_hal_timebase_rtc_alarm_template.c"
  15              		.section	.text.HAL_InitTick,"ax",%progbits
  16              		.align	1
  17              		.global	HAL_InitTick
  18              		.thumb
  19              		.thumb_func
  21              	HAL_InitTick:
  22              		@ args = 0, pretend = 0, frame = 64
  23              		@ frame_needed = 0, uses_anonymous_args = 0
  24 0000 F0B5     		push	{r4, r5, r6, r7, lr}
  25 0002 0023     		movs	r3, #0
  26 0004 91B0     		sub	sp, sp, #68
  27 0006 0193     		str	r3, [sp, #4]
  28 0008 0D93     		str	r3, [sp, #52]
  29 000a 4FF48033 		mov	r3, #65536
  30 000e 0646     		mov	r6, r0
  31 0010 0127     		movs	r7, #1
  32 0012 0793     		str	r3, [sp, #28]
  33 0014 06A8     		add	r0, sp, #24
  34 0016 4FF44073 		mov	r3, #768
  35 001a 0697     		str	r7, [sp, #24]
  36 001c 0393     		str	r3, [sp, #12]
  37 001e FFF7FEFF 		bl	HAL_RCC_OscConfig
  38 0022 08B1     		cbz	r0, .L2
  39              	.L4:
  40 0024 0124     		movs	r4, #1
  41 0026 61E0     		b	.L3
  42              	.L2:
  43 0028 10A8     		add	r0, sp, #64
  44 002a 40F8387D 		str	r7, [r0, #-56]!
  45 002e FFF7FEFF 		bl	HAL_RCCEx_PeriphCLKConfig
  46 0032 0446     		mov	r4, r0
  47 0034 0028     		cmp	r0, #0
  48 0036 F5D1     		bne	.L4
  49 0038 2E4B     		ldr	r3, .L12
  50 003a 2F4D     		ldr	r5, .L12+4
  51 003c 1F60     		str	r7, [r3]
  52 003e 2F4B     		ldr	r3, .L12+8
  53 0040 3846     		mov	r0, r7
  54 0042 2B60     		str	r3, [r5]
  55 0044 FFF7FEFF 		bl	HAL_RCCEx_GetPeriphCLKFreq
  56 0048 42F21073 		movw	r3, #10000
  57 004c B0FBF3F0 		udiv	r0, r0, r3
  58 0050 0138     		subs	r0, r0, #1
ARM GAS  /tmp/cc45CGL8.s 			page 2


  59 0052 6860     		str	r0, [r5, #4]
  60 0054 2846     		mov	r0, r5
  61 0056 AC60     		str	r4, [r5, #8]
  62 0058 FFF7FEFF 		bl	HAL_RTC_Init
  63 005c 2B68     		ldr	r3, [r5]
  64 005e 2849     		ldr	r1, .L12+12
  65 0060 5A68     		ldr	r2, [r3, #4]
  66 0062 3020     		movs	r0, #48
  67 0064 42F01002 		orr	r2, r2, #16
  68 0068 5A60     		str	r2, [r3, #4]
  69 006a 6FF00202 		mvn	r2, #2
  70 006e 5A60     		str	r2, [r3, #4]
  71 0070 0A68     		ldr	r2, [r1]
  72 0072 0194     		str	r4, [sp, #4]
  73 0074 B2FBF0F0 		udiv	r0, r2, r0
  74              	.L5:
  75 0078 5A68     		ldr	r2, [r3, #4]
  76 007a 12F00202 		ands	r2, r2, #2
  77 007e 05D0     		beq	.L10
  78 0080 019A     		ldr	r2, [sp, #4]
  79 0082 551C     		adds	r5, r2, #1
  80 0084 8242     		cmp	r2, r0
  81 0086 0195     		str	r5, [sp, #4]
  82 0088 F6D1     		bne	.L5
  83 008a CBE7     		b	.L4
  84              	.L10:
  85 008c 0920     		movs	r0, #9
  86 008e 1A62     		str	r2, [r3, #32]
  87 0090 5862     		str	r0, [r3, #36]
  88 0092 1C48     		ldr	r0, .L12+16
  89 0094 0568     		ldr	r5, [r0]
  90 0096 45F40035 		orr	r5, r5, #131072
  91 009a 0560     		str	r5, [r0]
  92 009c 8568     		ldr	r5, [r0, #8]
  93 009e 45F40035 		orr	r5, r5, #131072
  94 00a2 8560     		str	r5, [r0, #8]
  95 00a4 5868     		ldr	r0, [r3, #4]
  96 00a6 20F00500 		bic	r0, r0, #5
  97 00aa 5860     		str	r0, [r3, #4]
  98 00ac 9A61     		str	r2, [r3, #24]
  99 00ae DA61     		str	r2, [r3, #28]
 100 00b0 1868     		ldr	r0, [r3]
 101 00b2 40F00200 		orr	r0, r0, #2
 102 00b6 1860     		str	r0, [r3]
 103 00b8 5868     		ldr	r0, [r3, #4]
 104 00ba 20F01000 		bic	r0, r0, #16
 105 00be 5860     		str	r0, [r3, #4]
 106 00c0 0192     		str	r2, [sp, #4]
 107 00c2 0A68     		ldr	r2, [r1]
 108 00c4 3021     		movs	r1, #48
 109 00c6 B2FBF1F2 		udiv	r2, r2, r1
 110              	.L7:
 111 00ca 5968     		ldr	r1, [r3, #4]
 112 00cc 8906     		lsls	r1, r1, #26
 113 00ce 05D4     		bmi	.L11
 114 00d0 0199     		ldr	r1, [sp, #4]
 115 00d2 481C     		adds	r0, r1, #1
ARM GAS  /tmp/cc45CGL8.s 			page 3


 116 00d4 9142     		cmp	r1, r2
 117 00d6 0190     		str	r0, [sp, #4]
 118 00d8 F7D1     		bne	.L7
 119 00da A3E7     		b	.L4
 120              	.L11:
 121 00dc 2920     		movs	r0, #41
 122 00de 3146     		mov	r1, r6
 123 00e0 0022     		movs	r2, #0
 124 00e2 FFF7FEFF 		bl	HAL_NVIC_SetPriority
 125 00e6 2920     		movs	r0, #41
 126 00e8 FFF7FEFF 		bl	HAL_NVIC_EnableIRQ
 127              	.L3:
 128 00ec 2046     		mov	r0, r4
 129 00ee 11B0     		add	sp, sp, #68
 130              		@ sp needed
 131 00f0 F0BD     		pop	{r4, r5, r6, r7, pc}
 132              	.L13:
 133 00f2 00BF     		.align	2
 134              	.L12:
 135 00f4 3C044242 		.word	1111622716
 136 00f8 00000000 		.word	hRTC_Handle
 137 00fc 00280040 		.word	1073752064
 138 0100 00000000 		.word	SystemCoreClock
 139 0104 00040140 		.word	1073808384
 141              		.section	.text.HAL_SuspendTick,"ax",%progbits
 142              		.align	1
 143              		.global	HAL_SuspendTick
 144              		.thumb
 145              		.thumb_func
 147              	HAL_SuspendTick:
 148              		@ args = 0, pretend = 0, frame = 0
 149              		@ frame_needed = 0, uses_anonymous_args = 0
 150              		@ link register save eliminated.
 151 0000 034B     		ldr	r3, .L15
 152 0002 1A68     		ldr	r2, [r3]
 153 0004 1368     		ldr	r3, [r2]
 154 0006 23F00203 		bic	r3, r3, #2
 155 000a 1360     		str	r3, [r2]
 156 000c 7047     		bx	lr
 157              	.L16:
 158 000e 00BF     		.align	2
 159              	.L15:
 160 0010 00000000 		.word	hRTC_Handle
 162              		.section	.text.HAL_ResumeTick,"ax",%progbits
 163              		.align	1
 164              		.global	HAL_ResumeTick
 165              		.thumb
 166              		.thumb_func
 168              	HAL_ResumeTick:
 169              		@ args = 0, pretend = 0, frame = 8
 170              		@ frame_needed = 0, uses_anonymous_args = 0
 171              		@ link register save eliminated.
 172 0000 124B     		ldr	r3, .L22
 173 0002 0022     		movs	r2, #0
 174 0004 1B68     		ldr	r3, [r3]
 175 0006 82B0     		sub	sp, sp, #8
 176 0008 0192     		str	r2, [sp, #4]
ARM GAS  /tmp/cc45CGL8.s 			page 4


 177 000a 5968     		ldr	r1, [r3, #4]
 178 000c 41F01001 		orr	r1, r1, #16
 179 0010 5960     		str	r1, [r3, #4]
 180 0012 9A61     		str	r2, [r3, #24]
 181 0014 DA61     		str	r2, [r3, #28]
 182 0016 5A68     		ldr	r2, [r3, #4]
 183 0018 3021     		movs	r1, #48
 184 001a 22F00702 		bic	r2, r2, #7
 185 001e 5A60     		str	r2, [r3, #4]
 186 0020 1A68     		ldr	r2, [r3]
 187 0022 42F00202 		orr	r2, r2, #2
 188 0026 1A60     		str	r2, [r3]
 189 0028 5A68     		ldr	r2, [r3, #4]
 190 002a 22F01002 		bic	r2, r2, #16
 191 002e 5A60     		str	r2, [r3, #4]
 192 0030 074A     		ldr	r2, .L22+4
 193 0032 1268     		ldr	r2, [r2]
 194 0034 B2FBF1F2 		udiv	r2, r2, r1
 195              	.L18:
 196 0038 5968     		ldr	r1, [r3, #4]
 197 003a 8906     		lsls	r1, r1, #26
 198 003c 04D4     		bmi	.L17
 199 003e 0199     		ldr	r1, [sp, #4]
 200 0040 481C     		adds	r0, r1, #1
 201 0042 9142     		cmp	r1, r2
 202 0044 0190     		str	r0, [sp, #4]
 203 0046 F7D1     		bne	.L18
 204              	.L17:
 205 0048 02B0     		add	sp, sp, #8
 206              		@ sp needed
 207 004a 7047     		bx	lr
 208              	.L23:
 209              		.align	2
 210              	.L22:
 211 004c 00000000 		.word	hRTC_Handle
 212 0050 00000000 		.word	SystemCoreClock
 214              		.section	.text.HAL_RTC_AlarmAEventCallback,"ax",%progbits
 215              		.align	1
 216              		.global	HAL_RTC_AlarmAEventCallback
 217              		.thumb
 218              		.thumb_func
 220              	HAL_RTC_AlarmAEventCallback:
 221              		@ args = 0, pretend = 0, frame = 8
 222              		@ frame_needed = 0, uses_anonymous_args = 0
 223 0000 37B5     		push	{r0, r1, r2, r4, r5, lr}
 224 0002 0546     		mov	r5, r0
 225 0004 0024     		movs	r4, #0
 226 0006 0194     		str	r4, [sp, #4]
 227 0008 FFF7FEFF 		bl	HAL_IncTick
 228 000c 2B68     		ldr	r3, [r5]
 229 000e 3021     		movs	r1, #48
 230 0010 5A68     		ldr	r2, [r3, #4]
 231 0012 42F01002 		orr	r2, r2, #16
 232 0016 5A60     		str	r2, [r3, #4]
 233 0018 9C61     		str	r4, [r3, #24]
 234 001a DC61     		str	r4, [r3, #28]
 235 001c 5A68     		ldr	r2, [r3, #4]
ARM GAS  /tmp/cc45CGL8.s 			page 5


 236 001e 22F00502 		bic	r2, r2, #5
 237 0022 5A60     		str	r2, [r3, #4]
 238 0024 5A68     		ldr	r2, [r3, #4]
 239 0026 22F01002 		bic	r2, r2, #16
 240 002a 5A60     		str	r2, [r3, #4]
 241 002c 064A     		ldr	r2, .L29
 242 002e 1268     		ldr	r2, [r2]
 243 0030 B2FBF1F2 		udiv	r2, r2, r1
 244              	.L25:
 245 0034 5968     		ldr	r1, [r3, #4]
 246 0036 8906     		lsls	r1, r1, #26
 247 0038 04D4     		bmi	.L24
 248 003a 0199     		ldr	r1, [sp, #4]
 249 003c 481C     		adds	r0, r1, #1
 250 003e 9142     		cmp	r1, r2
 251 0040 0190     		str	r0, [sp, #4]
 252 0042 F7D1     		bne	.L25
 253              	.L24:
 254 0044 03B0     		add	sp, sp, #12
 255              		@ sp needed
 256 0046 30BD     		pop	{r4, r5, pc}
 257              	.L30:
 258              		.align	2
 259              	.L29:
 260 0048 00000000 		.word	SystemCoreClock
 262              		.section	.text.RTC_Alarm_IRQHandler,"ax",%progbits
 263              		.align	1
 264              		.global	RTC_Alarm_IRQHandler
 265              		.thumb
 266              		.thumb_func
 268              	RTC_Alarm_IRQHandler:
 269              		@ args = 0, pretend = 0, frame = 0
 270              		@ frame_needed = 0, uses_anonymous_args = 0
 271              		@ link register save eliminated.
 272 0000 0148     		ldr	r0, .L32
 273 0002 FFF7FEBF 		b	HAL_RTC_AlarmIRQHandler
 274              	.L33:
 275 0006 00BF     		.align	2
 276              	.L32:
 277 0008 00000000 		.word	hRTC_Handle
 279              		.comm	hRTC_Handle,20,4
 280              		.ident	"GCC: (15:4.9.3+svn231177-1) 4.9.3 20150529 (prerelease)"
ARM GAS  /tmp/cc45CGL8.s 			page 6


DEFINED SYMBOLS
                            *ABS*:0000000000000000 stm32f1xx_hal_timebase_rtc_alarm_template.c
     /tmp/cc45CGL8.s:16     .text.HAL_InitTick:0000000000000000 $t
     /tmp/cc45CGL8.s:21     .text.HAL_InitTick:0000000000000000 HAL_InitTick
     /tmp/cc45CGL8.s:135    .text.HAL_InitTick:00000000000000f4 $d
                            *COM*:0000000000000014 hRTC_Handle
     /tmp/cc45CGL8.s:142    .text.HAL_SuspendTick:0000000000000000 $t
     /tmp/cc45CGL8.s:147    .text.HAL_SuspendTick:0000000000000000 HAL_SuspendTick
     /tmp/cc45CGL8.s:160    .text.HAL_SuspendTick:0000000000000010 $d
     /tmp/cc45CGL8.s:163    .text.HAL_ResumeTick:0000000000000000 $t
     /tmp/cc45CGL8.s:168    .text.HAL_ResumeTick:0000000000000000 HAL_ResumeTick
     /tmp/cc45CGL8.s:211    .text.HAL_ResumeTick:000000000000004c $d
     /tmp/cc45CGL8.s:215    .text.HAL_RTC_AlarmAEventCallback:0000000000000000 $t
     /tmp/cc45CGL8.s:220    .text.HAL_RTC_AlarmAEventCallback:0000000000000000 HAL_RTC_AlarmAEventCallback
     /tmp/cc45CGL8.s:260    .text.HAL_RTC_AlarmAEventCallback:0000000000000048 $d
     /tmp/cc45CGL8.s:263    .text.RTC_Alarm_IRQHandler:0000000000000000 $t
     /tmp/cc45CGL8.s:268    .text.RTC_Alarm_IRQHandler:0000000000000000 RTC_Alarm_IRQHandler
     /tmp/cc45CGL8.s:277    .text.RTC_Alarm_IRQHandler:0000000000000008 $d

UNDEFINED SYMBOLS
HAL_RCC_OscConfig
HAL_RCCEx_PeriphCLKConfig
HAL_RCCEx_GetPeriphCLKFreq
HAL_RTC_Init
HAL_NVIC_SetPriority
HAL_NVIC_EnableIRQ
SystemCoreClock
HAL_IncTick
HAL_RTC_AlarmIRQHandler
