ARM GAS  /tmp/ccS7u4lN.s 			page 1


   1              		.cpu cortex-m3
   2              		.eabi_attribute 20, 1
   3              		.eabi_attribute 21, 1
   4              		.eabi_attribute 23, 3
   5              		.eabi_attribute 24, 1
   6              		.eabi_attribute 25, 1
   7              		.eabi_attribute 26, 1
   8              		.eabi_attribute 30, 1
   9              		.eabi_attribute 34, 1
  10              		.eabi_attribute 18, 4
  11              		.file	"stm32f1xx_hal_cortex.c"
  12              		.section	.text.HAL_NVIC_SetPriorityGrouping,"ax",%progbits
  13              		.align	1
  14              		.global	HAL_NVIC_SetPriorityGrouping
  15              		.syntax unified
  16              		.thumb
  17              		.thumb_func
  18              		.fpu softvfp
  20              	HAL_NVIC_SetPriorityGrouping:
  21              		@ args = 0, pretend = 0, frame = 0
  22              		@ frame_needed = 0, uses_anonymous_args = 0
  23              		@ link register save eliminated.
  24 0000 074A     		ldr	r2, .L2
  25 0002 D368     		ldr	r3, [r2, #12]
  26 0004 23F4E063 		bic	r3, r3, #1792
  27 0008 1B04     		lsls	r3, r3, #16
  28 000a 1B0C     		lsrs	r3, r3, #16
  29 000c 0002     		lsls	r0, r0, #8
  30 000e 00F4E060 		and	r0, r0, #1792
  31 0012 1843     		orrs	r0, r0, r3
  32 0014 40F0BF60 		orr	r0, r0, #100139008
  33 0018 40F40030 		orr	r0, r0, #131072
  34 001c D060     		str	r0, [r2, #12]
  35 001e 7047     		bx	lr
  36              	.L3:
  37              		.align	2
  38              	.L2:
  39 0020 00ED00E0 		.word	-536810240
  41              		.section	.text.HAL_NVIC_SetPriority,"ax",%progbits
  42              		.align	1
  43              		.global	HAL_NVIC_SetPriority
  44              		.syntax unified
  45              		.thumb
  46              		.thumb_func
  47              		.fpu softvfp
  49              	HAL_NVIC_SetPriority:
  50              		@ args = 0, pretend = 0, frame = 0
  51              		@ frame_needed = 0, uses_anonymous_args = 0
  52              		@ link register save eliminated.
  53 0000 30B4     		push	{r4, r5}
  54 0002 164B     		ldr	r3, .L10
  55 0004 DB68     		ldr	r3, [r3, #12]
  56 0006 C3F30223 		ubfx	r3, r3, #8, #3
  57 000a C3F10704 		rsb	r4, r3, #7
  58 000e 042C     		cmp	r4, #4
  59 0010 28BF     		it	cs
  60 0012 0424     		movcs	r4, #4
ARM GAS  /tmp/ccS7u4lN.s 			page 2


  61 0014 1D1D     		adds	r5, r3, #4
  62 0016 062D     		cmp	r5, #6
  63 0018 17D9     		bls	.L8
  64 001a 033B     		subs	r3, r3, #3
  65              	.L5:
  66 001c 0125     		movs	r5, #1
  67 001e 05FA04F4 		lsl	r4, r5, r4
  68 0022 013C     		subs	r4, r4, #1
  69 0024 2140     		ands	r1, r1, r4
  70 0026 9940     		lsls	r1, r1, r3
  71 0028 05FA03F3 		lsl	r3, r5, r3
  72 002c 013B     		subs	r3, r3, #1
  73 002e 1340     		ands	r3, r3, r2
  74 0030 1943     		orrs	r1, r1, r3
  75 0032 0028     		cmp	r0, #0
  76 0034 0BDB     		blt	.L6
  77 0036 0901     		lsls	r1, r1, #4
  78 0038 C9B2     		uxtb	r1, r1
  79 003a 00F16040 		add	r0, r0, #-536870912
  80 003e 00F56140 		add	r0, r0, #57600
  81 0042 80F80013 		strb	r1, [r0, #768]
  82              	.L4:
  83 0046 30BC     		pop	{r4, r5}
  84 0048 7047     		bx	lr
  85              	.L8:
  86 004a 0023     		movs	r3, #0
  87 004c E6E7     		b	.L5
  88              	.L6:
  89 004e 00F00F00 		and	r0, r0, #15
  90 0052 0901     		lsls	r1, r1, #4
  91 0054 C9B2     		uxtb	r1, r1
  92 0056 024B     		ldr	r3, .L10+4
  93 0058 1954     		strb	r1, [r3, r0]
  94 005a F4E7     		b	.L4
  95              	.L11:
  96              		.align	2
  97              	.L10:
  98 005c 00ED00E0 		.word	-536810240
  99 0060 14ED00E0 		.word	-536810220
 101              		.section	.text.HAL_NVIC_EnableIRQ,"ax",%progbits
 102              		.align	1
 103              		.global	HAL_NVIC_EnableIRQ
 104              		.syntax unified
 105              		.thumb
 106              		.thumb_func
 107              		.fpu softvfp
 109              	HAL_NVIC_EnableIRQ:
 110              		@ args = 0, pretend = 0, frame = 0
 111              		@ frame_needed = 0, uses_anonymous_args = 0
 112              		@ link register save eliminated.
 113 0000 0028     		cmp	r0, #0
 114 0002 08DB     		blt	.L12
 115 0004 4209     		lsrs	r2, r0, #5
 116 0006 00F01F00 		and	r0, r0, #31
 117 000a 0123     		movs	r3, #1
 118 000c 03FA00F0 		lsl	r0, r3, r0
 119 0010 014B     		ldr	r3, .L14
ARM GAS  /tmp/ccS7u4lN.s 			page 3


 120 0012 43F82200 		str	r0, [r3, r2, lsl #2]
 121              	.L12:
 122 0016 7047     		bx	lr
 123              	.L15:
 124              		.align	2
 125              	.L14:
 126 0018 00E100E0 		.word	-536813312
 128              		.section	.text.HAL_NVIC_DisableIRQ,"ax",%progbits
 129              		.align	1
 130              		.global	HAL_NVIC_DisableIRQ
 131              		.syntax unified
 132              		.thumb
 133              		.thumb_func
 134              		.fpu softvfp
 136              	HAL_NVIC_DisableIRQ:
 137              		@ args = 0, pretend = 0, frame = 0
 138              		@ frame_needed = 0, uses_anonymous_args = 0
 139              		@ link register save eliminated.
 140 0000 0028     		cmp	r0, #0
 141 0002 0DDB     		blt	.L16
 142 0004 4309     		lsrs	r3, r0, #5
 143 0006 00F01F00 		and	r0, r0, #31
 144 000a 0122     		movs	r2, #1
 145 000c 02FA00F0 		lsl	r0, r2, r0
 146 0010 2033     		adds	r3, r3, #32
 147 0012 044A     		ldr	r2, .L18
 148 0014 42F82300 		str	r0, [r2, r3, lsl #2]
 149              		.syntax unified
 150              	@ 879 "../cmsiscore/inc/cmsis_gcc.h" 1
 151 0018 BFF34F8F 		dsb 0xF
 152              	@ 0 "" 2
 153              	@ 868 "../cmsiscore/inc/cmsis_gcc.h" 1
 154 001c BFF36F8F 		isb 0xF
 155              	@ 0 "" 2
 156              		.thumb
 157              		.syntax unified
 158              	.L16:
 159 0020 7047     		bx	lr
 160              	.L19:
 161 0022 00BF     		.align	2
 162              	.L18:
 163 0024 00E100E0 		.word	-536813312
 165              		.section	.text.HAL_NVIC_SystemReset,"ax",%progbits
 166              		.align	1
 167              		.global	HAL_NVIC_SystemReset
 168              		.syntax unified
 169              		.thumb
 170              		.thumb_func
 171              		.fpu softvfp
 173              	HAL_NVIC_SystemReset:
 174              		@ Volatile: function does not return.
 175              		@ args = 0, pretend = 0, frame = 0
 176              		@ frame_needed = 0, uses_anonymous_args = 0
 177              		@ link register save eliminated.
 178              		.syntax unified
 179              	@ 879 "../cmsiscore/inc/cmsis_gcc.h" 1
 180 0000 BFF34F8F 		dsb 0xF
ARM GAS  /tmp/ccS7u4lN.s 			page 4


 181              	@ 0 "" 2
 182              		.thumb
 183              		.syntax unified
 184 0004 0549     		ldr	r1, .L22
 185 0006 CA68     		ldr	r2, [r1, #12]
 186 0008 02F4E062 		and	r2, r2, #1792
 187 000c 044B     		ldr	r3, .L22+4
 188 000e 1343     		orrs	r3, r3, r2
 189 0010 CB60     		str	r3, [r1, #12]
 190              		.syntax unified
 191              	@ 879 "../cmsiscore/inc/cmsis_gcc.h" 1
 192 0012 BFF34F8F 		dsb 0xF
 193              	@ 0 "" 2
 194              		.thumb
 195              		.syntax unified
 196              	.L21:
 197              		.syntax unified
 198              	@ 1773 "../cmsiscore/inc/core_cm3.h" 1
 199 0016 00BF     		nop
 200              	@ 0 "" 2
 201              		.thumb
 202              		.syntax unified
 203 0018 FDE7     		b	.L21
 204              	.L23:
 205 001a 00BF     		.align	2
 206              	.L22:
 207 001c 00ED00E0 		.word	-536810240
 208 0020 0400FA05 		.word	100270084
 210              		.section	.text.HAL_SYSTICK_Config,"ax",%progbits
 211              		.align	1
 212              		.global	HAL_SYSTICK_Config
 213              		.syntax unified
 214              		.thumb
 215              		.thumb_func
 216              		.fpu softvfp
 218              	HAL_SYSTICK_Config:
 219              		@ args = 0, pretend = 0, frame = 0
 220              		@ frame_needed = 0, uses_anonymous_args = 0
 221              		@ link register save eliminated.
 222 0000 0138     		subs	r0, r0, #1
 223 0002 B0F1807F 		cmp	r0, #16777216
 224 0006 0AD2     		bcs	.L26
 225 0008 064B     		ldr	r3, .L27
 226 000a 5860     		str	r0, [r3, #4]
 227 000c F021     		movs	r1, #240
 228 000e 064A     		ldr	r2, .L27+4
 229 0010 82F82310 		strb	r1, [r2, #35]
 230 0014 0020     		movs	r0, #0
 231 0016 9860     		str	r0, [r3, #8]
 232 0018 0722     		movs	r2, #7
 233 001a 1A60     		str	r2, [r3]
 234 001c 7047     		bx	lr
 235              	.L26:
 236 001e 0120     		movs	r0, #1
 237 0020 7047     		bx	lr
 238              	.L28:
 239 0022 00BF     		.align	2
ARM GAS  /tmp/ccS7u4lN.s 			page 5


 240              	.L27:
 241 0024 10E000E0 		.word	-536813552
 242 0028 00ED00E0 		.word	-536810240
 244              		.section	.text.HAL_NVIC_GetPriorityGrouping,"ax",%progbits
 245              		.align	1
 246              		.global	HAL_NVIC_GetPriorityGrouping
 247              		.syntax unified
 248              		.thumb
 249              		.thumb_func
 250              		.fpu softvfp
 252              	HAL_NVIC_GetPriorityGrouping:
 253              		@ args = 0, pretend = 0, frame = 0
 254              		@ frame_needed = 0, uses_anonymous_args = 0
 255              		@ link register save eliminated.
 256 0000 024B     		ldr	r3, .L30
 257 0002 D868     		ldr	r0, [r3, #12]
 258 0004 C0F30220 		ubfx	r0, r0, #8, #3
 259 0008 7047     		bx	lr
 260              	.L31:
 261 000a 00BF     		.align	2
 262              	.L30:
 263 000c 00ED00E0 		.word	-536810240
 265              		.section	.text.HAL_NVIC_GetPriority,"ax",%progbits
 266              		.align	1
 267              		.global	HAL_NVIC_GetPriority
 268              		.syntax unified
 269              		.thumb
 270              		.thumb_func
 271              		.fpu softvfp
 273              	HAL_NVIC_GetPriority:
 274              		@ args = 0, pretend = 0, frame = 0
 275              		@ frame_needed = 0, uses_anonymous_args = 0
 276              		@ link register save eliminated.
 277 0000 70B4     		push	{r4, r5, r6}
 278 0002 0028     		cmp	r0, #0
 279 0004 1FDB     		blt	.L33
 280 0006 00F16040 		add	r0, r0, #-536870912
 281 000a 00F56140 		add	r0, r0, #57600
 282 000e 90F80003 		ldrb	r0, [r0, #768]	@ zero_extendqisi2
 283 0012 0509     		lsrs	r5, r0, #4
 284              	.L34:
 285 0014 01F00701 		and	r1, r1, #7
 286 0018 C1F10704 		rsb	r4, r1, #7
 287 001c 042C     		cmp	r4, #4
 288 001e 28BF     		it	cs
 289 0020 0424     		movcs	r4, #4
 290 0022 081D     		adds	r0, r1, #4
 291 0024 0628     		cmp	r0, #6
 292 0026 14D9     		bls	.L36
 293 0028 0339     		subs	r1, r1, #3
 294              	.L35:
 295 002a 25FA01F6 		lsr	r6, r5, r1
 296 002e 0120     		movs	r0, #1
 297 0030 00FA04F4 		lsl	r4, r0, r4
 298 0034 013C     		subs	r4, r4, #1
 299 0036 3440     		ands	r4, r4, r6
 300 0038 1460     		str	r4, [r2]
ARM GAS  /tmp/ccS7u4lN.s 			page 6


 301 003a 8840     		lsls	r0, r0, r1
 302 003c 0138     		subs	r0, r0, #1
 303 003e 2840     		ands	r0, r0, r5
 304 0040 1860     		str	r0, [r3]
 305 0042 70BC     		pop	{r4, r5, r6}
 306 0044 7047     		bx	lr
 307              	.L33:
 308 0046 00F00F00 		and	r0, r0, #15
 309 004a 034C     		ldr	r4, .L38
 310 004c 205C     		ldrb	r0, [r4, r0]	@ zero_extendqisi2
 311 004e 0509     		lsrs	r5, r0, #4
 312 0050 E0E7     		b	.L34
 313              	.L36:
 314 0052 0021     		movs	r1, #0
 315 0054 E9E7     		b	.L35
 316              	.L39:
 317 0056 00BF     		.align	2
 318              	.L38:
 319 0058 14ED00E0 		.word	-536810220
 321              		.section	.text.HAL_NVIC_SetPendingIRQ,"ax",%progbits
 322              		.align	1
 323              		.global	HAL_NVIC_SetPendingIRQ
 324              		.syntax unified
 325              		.thumb
 326              		.thumb_func
 327              		.fpu softvfp
 329              	HAL_NVIC_SetPendingIRQ:
 330              		@ args = 0, pretend = 0, frame = 0
 331              		@ frame_needed = 0, uses_anonymous_args = 0
 332              		@ link register save eliminated.
 333 0000 0028     		cmp	r0, #0
 334 0002 09DB     		blt	.L40
 335 0004 4309     		lsrs	r3, r0, #5
 336 0006 00F01F00 		and	r0, r0, #31
 337 000a 0122     		movs	r2, #1
 338 000c 02FA00F0 		lsl	r0, r2, r0
 339 0010 4033     		adds	r3, r3, #64
 340 0012 024A     		ldr	r2, .L42
 341 0014 42F82300 		str	r0, [r2, r3, lsl #2]
 342              	.L40:
 343 0018 7047     		bx	lr
 344              	.L43:
 345 001a 00BF     		.align	2
 346              	.L42:
 347 001c 00E100E0 		.word	-536813312
 349              		.section	.text.HAL_NVIC_GetPendingIRQ,"ax",%progbits
 350              		.align	1
 351              		.global	HAL_NVIC_GetPendingIRQ
 352              		.syntax unified
 353              		.thumb
 354              		.thumb_func
 355              		.fpu softvfp
 357              	HAL_NVIC_GetPendingIRQ:
 358              		@ args = 0, pretend = 0, frame = 0
 359              		@ frame_needed = 0, uses_anonymous_args = 0
 360              		@ link register save eliminated.
 361 0000 031E     		subs	r3, r0, #0
ARM GAS  /tmp/ccS7u4lN.s 			page 7


 362 0002 0ADB     		blt	.L46
 363 0004 5A09     		lsrs	r2, r3, #5
 364 0006 4032     		adds	r2, r2, #64
 365 0008 0549     		ldr	r1, .L47
 366 000a 51F82200 		ldr	r0, [r1, r2, lsl #2]
 367 000e 03F01F03 		and	r3, r3, #31
 368 0012 D840     		lsrs	r0, r0, r3
 369 0014 00F00100 		and	r0, r0, #1
 370 0018 7047     		bx	lr
 371              	.L46:
 372 001a 0020     		movs	r0, #0
 373 001c 7047     		bx	lr
 374              	.L48:
 375 001e 00BF     		.align	2
 376              	.L47:
 377 0020 00E100E0 		.word	-536813312
 379              		.section	.text.HAL_NVIC_ClearPendingIRQ,"ax",%progbits
 380              		.align	1
 381              		.global	HAL_NVIC_ClearPendingIRQ
 382              		.syntax unified
 383              		.thumb
 384              		.thumb_func
 385              		.fpu softvfp
 387              	HAL_NVIC_ClearPendingIRQ:
 388              		@ args = 0, pretend = 0, frame = 0
 389              		@ frame_needed = 0, uses_anonymous_args = 0
 390              		@ link register save eliminated.
 391 0000 0028     		cmp	r0, #0
 392 0002 09DB     		blt	.L49
 393 0004 4309     		lsrs	r3, r0, #5
 394 0006 00F01F00 		and	r0, r0, #31
 395 000a 0122     		movs	r2, #1
 396 000c 02FA00F0 		lsl	r0, r2, r0
 397 0010 6033     		adds	r3, r3, #96
 398 0012 024A     		ldr	r2, .L51
 399 0014 42F82300 		str	r0, [r2, r3, lsl #2]
 400              	.L49:
 401 0018 7047     		bx	lr
 402              	.L52:
 403 001a 00BF     		.align	2
 404              	.L51:
 405 001c 00E100E0 		.word	-536813312
 407              		.section	.text.HAL_NVIC_GetActive,"ax",%progbits
 408              		.align	1
 409              		.global	HAL_NVIC_GetActive
 410              		.syntax unified
 411              		.thumb
 412              		.thumb_func
 413              		.fpu softvfp
 415              	HAL_NVIC_GetActive:
 416              		@ args = 0, pretend = 0, frame = 0
 417              		@ frame_needed = 0, uses_anonymous_args = 0
 418              		@ link register save eliminated.
 419 0000 031E     		subs	r3, r0, #0
 420 0002 0ADB     		blt	.L55
 421 0004 5A09     		lsrs	r2, r3, #5
 422 0006 8032     		adds	r2, r2, #128
ARM GAS  /tmp/ccS7u4lN.s 			page 8


 423 0008 0549     		ldr	r1, .L56
 424 000a 51F82200 		ldr	r0, [r1, r2, lsl #2]
 425 000e 03F01F03 		and	r3, r3, #31
 426 0012 D840     		lsrs	r0, r0, r3
 427 0014 00F00100 		and	r0, r0, #1
 428 0018 7047     		bx	lr
 429              	.L55:
 430 001a 0020     		movs	r0, #0
 431 001c 7047     		bx	lr
 432              	.L57:
 433 001e 00BF     		.align	2
 434              	.L56:
 435 0020 00E100E0 		.word	-536813312
 437              		.section	.text.HAL_SYSTICK_CLKSourceConfig,"ax",%progbits
 438              		.align	1
 439              		.global	HAL_SYSTICK_CLKSourceConfig
 440              		.syntax unified
 441              		.thumb
 442              		.thumb_func
 443              		.fpu softvfp
 445              	HAL_SYSTICK_CLKSourceConfig:
 446              		@ args = 0, pretend = 0, frame = 0
 447              		@ frame_needed = 0, uses_anonymous_args = 0
 448              		@ link register save eliminated.
 449 0000 0428     		cmp	r0, #4
 450 0002 05D0     		beq	.L61
 451 0004 054A     		ldr	r2, .L62
 452 0006 1368     		ldr	r3, [r2]
 453 0008 23F00403 		bic	r3, r3, #4
 454 000c 1360     		str	r3, [r2]
 455 000e 7047     		bx	lr
 456              	.L61:
 457 0010 024A     		ldr	r2, .L62
 458 0012 1368     		ldr	r3, [r2]
 459 0014 43F00403 		orr	r3, r3, #4
 460 0018 1360     		str	r3, [r2]
 461 001a 7047     		bx	lr
 462              	.L63:
 463              		.align	2
 464              	.L62:
 465 001c 10E000E0 		.word	-536813552
 467              		.section	.text.HAL_SYSTICK_Callback,"ax",%progbits
 468              		.align	1
 469              		.weak	HAL_SYSTICK_Callback
 470              		.syntax unified
 471              		.thumb
 472              		.thumb_func
 473              		.fpu softvfp
 475              	HAL_SYSTICK_Callback:
 476              		@ args = 0, pretend = 0, frame = 0
 477              		@ frame_needed = 0, uses_anonymous_args = 0
 478              		@ link register save eliminated.
 479 0000 7047     		bx	lr
 481              		.section	.text.HAL_SYSTICK_IRQHandler,"ax",%progbits
 482              		.align	1
 483              		.global	HAL_SYSTICK_IRQHandler
 484              		.syntax unified
ARM GAS  /tmp/ccS7u4lN.s 			page 9


 485              		.thumb
 486              		.thumb_func
 487              		.fpu softvfp
 489              	HAL_SYSTICK_IRQHandler:
 490              		@ args = 0, pretend = 0, frame = 0
 491              		@ frame_needed = 0, uses_anonymous_args = 0
 492 0000 08B5     		push	{r3, lr}
 493 0002 FFF7FEFF 		bl	HAL_SYSTICK_Callback
 494 0006 08BD     		pop	{r3, pc}
 496              		.ident	"GCC: (15:6.3.1+svn253039-1build1) 6.3.1 20170620"
ARM GAS  /tmp/ccS7u4lN.s 			page 10


DEFINED SYMBOLS
                            *ABS*:0000000000000000 stm32f1xx_hal_cortex.c
     /tmp/ccS7u4lN.s:13     .text.HAL_NVIC_SetPriorityGrouping:0000000000000000 $t
     /tmp/ccS7u4lN.s:20     .text.HAL_NVIC_SetPriorityGrouping:0000000000000000 HAL_NVIC_SetPriorityGrouping
     /tmp/ccS7u4lN.s:39     .text.HAL_NVIC_SetPriorityGrouping:0000000000000020 $d
     /tmp/ccS7u4lN.s:42     .text.HAL_NVIC_SetPriority:0000000000000000 $t
     /tmp/ccS7u4lN.s:49     .text.HAL_NVIC_SetPriority:0000000000000000 HAL_NVIC_SetPriority
     /tmp/ccS7u4lN.s:98     .text.HAL_NVIC_SetPriority:000000000000005c $d
     /tmp/ccS7u4lN.s:102    .text.HAL_NVIC_EnableIRQ:0000000000000000 $t
     /tmp/ccS7u4lN.s:109    .text.HAL_NVIC_EnableIRQ:0000000000000000 HAL_NVIC_EnableIRQ
     /tmp/ccS7u4lN.s:126    .text.HAL_NVIC_EnableIRQ:0000000000000018 $d
     /tmp/ccS7u4lN.s:129    .text.HAL_NVIC_DisableIRQ:0000000000000000 $t
     /tmp/ccS7u4lN.s:136    .text.HAL_NVIC_DisableIRQ:0000000000000000 HAL_NVIC_DisableIRQ
     /tmp/ccS7u4lN.s:163    .text.HAL_NVIC_DisableIRQ:0000000000000024 $d
     /tmp/ccS7u4lN.s:166    .text.HAL_NVIC_SystemReset:0000000000000000 $t
     /tmp/ccS7u4lN.s:173    .text.HAL_NVIC_SystemReset:0000000000000000 HAL_NVIC_SystemReset
     /tmp/ccS7u4lN.s:207    .text.HAL_NVIC_SystemReset:000000000000001c $d
     /tmp/ccS7u4lN.s:211    .text.HAL_SYSTICK_Config:0000000000000000 $t
     /tmp/ccS7u4lN.s:218    .text.HAL_SYSTICK_Config:0000000000000000 HAL_SYSTICK_Config
     /tmp/ccS7u4lN.s:241    .text.HAL_SYSTICK_Config:0000000000000024 $d
     /tmp/ccS7u4lN.s:245    .text.HAL_NVIC_GetPriorityGrouping:0000000000000000 $t
     /tmp/ccS7u4lN.s:252    .text.HAL_NVIC_GetPriorityGrouping:0000000000000000 HAL_NVIC_GetPriorityGrouping
     /tmp/ccS7u4lN.s:263    .text.HAL_NVIC_GetPriorityGrouping:000000000000000c $d
     /tmp/ccS7u4lN.s:266    .text.HAL_NVIC_GetPriority:0000000000000000 $t
     /tmp/ccS7u4lN.s:273    .text.HAL_NVIC_GetPriority:0000000000000000 HAL_NVIC_GetPriority
     /tmp/ccS7u4lN.s:319    .text.HAL_NVIC_GetPriority:0000000000000058 $d
     /tmp/ccS7u4lN.s:322    .text.HAL_NVIC_SetPendingIRQ:0000000000000000 $t
     /tmp/ccS7u4lN.s:329    .text.HAL_NVIC_SetPendingIRQ:0000000000000000 HAL_NVIC_SetPendingIRQ
     /tmp/ccS7u4lN.s:347    .text.HAL_NVIC_SetPendingIRQ:000000000000001c $d
     /tmp/ccS7u4lN.s:350    .text.HAL_NVIC_GetPendingIRQ:0000000000000000 $t
     /tmp/ccS7u4lN.s:357    .text.HAL_NVIC_GetPendingIRQ:0000000000000000 HAL_NVIC_GetPendingIRQ
     /tmp/ccS7u4lN.s:377    .text.HAL_NVIC_GetPendingIRQ:0000000000000020 $d
     /tmp/ccS7u4lN.s:380    .text.HAL_NVIC_ClearPendingIRQ:0000000000000000 $t
     /tmp/ccS7u4lN.s:387    .text.HAL_NVIC_ClearPendingIRQ:0000000000000000 HAL_NVIC_ClearPendingIRQ
     /tmp/ccS7u4lN.s:405    .text.HAL_NVIC_ClearPendingIRQ:000000000000001c $d
     /tmp/ccS7u4lN.s:408    .text.HAL_NVIC_GetActive:0000000000000000 $t
     /tmp/ccS7u4lN.s:415    .text.HAL_NVIC_GetActive:0000000000000000 HAL_NVIC_GetActive
     /tmp/ccS7u4lN.s:435    .text.HAL_NVIC_GetActive:0000000000000020 $d
     /tmp/ccS7u4lN.s:438    .text.HAL_SYSTICK_CLKSourceConfig:0000000000000000 $t
     /tmp/ccS7u4lN.s:445    .text.HAL_SYSTICK_CLKSourceConfig:0000000000000000 HAL_SYSTICK_CLKSourceConfig
     /tmp/ccS7u4lN.s:465    .text.HAL_SYSTICK_CLKSourceConfig:000000000000001c $d
     /tmp/ccS7u4lN.s:468    .text.HAL_SYSTICK_Callback:0000000000000000 $t
     /tmp/ccS7u4lN.s:475    .text.HAL_SYSTICK_Callback:0000000000000000 HAL_SYSTICK_Callback
     /tmp/ccS7u4lN.s:482    .text.HAL_SYSTICK_IRQHandler:0000000000000000 $t
     /tmp/ccS7u4lN.s:489    .text.HAL_SYSTICK_IRQHandler:0000000000000000 HAL_SYSTICK_IRQHandler

NO UNDEFINED SYMBOLS
